Using pre-set license
Built from '2021.2/staging' branch; Version is '2021.2.7f1 (6bd9e232123f) revision 7068130'; Using compiler version '192829333'; Build Type 'Release'
OS: 'Windows 11  (10.0.22000) 64bit Professional' Language: 'en' Physical Memory: 32689 MB
BatchMode: 1, IsHumanControllingUs: 0, StartBugReporterOnCrash: 0, Is64bit: 1, IsPro: 0

COMMAND LINE ARGUMENTS:
C:\Program Files\Unity\Hub\Editor\2021.2.7f1\Editor\Unity.exe
-adb2
-batchMode
-noUpm
-name
AssetImportWorker4
-projectPath
C:/Users/madal/OneDrive/!Platformer/Untitled Platformer
-logFile
Logs/AssetImportWorker4.log
-srvPort
51361
Successfully changed project path to: C:/Users/madal/OneDrive/!Platformer/Untitled Platformer
C:/Users/madal/OneDrive/!Platformer/Untitled Platformer
[UnityMemory] Configuration Parameters - Can be set up in boot.config
    "memorysetup-bucket-allocator-granularity=16"
    "memorysetup-bucket-allocator-bucket-count=8"
    "memorysetup-bucket-allocator-block-size=33554432"
    "memorysetup-bucket-allocator-block-count=8"
    "memorysetup-main-allocator-block-size=16777216"
    "memorysetup-thread-allocator-block-size=16777216"
    "memorysetup-gfx-main-allocator-block-size=16777216"
    "memorysetup-gfx-thread-allocator-block-size=16777216"
    "memorysetup-cache-allocator-block-size=4194304"
    "memorysetup-typetree-allocator-block-size=2097152"
    "memorysetup-profiler-bucket-allocator-granularity=16"
    "memorysetup-profiler-bucket-allocator-bucket-count=8"
    "memorysetup-profiler-bucket-allocator-block-size=33554432"
    "memorysetup-profiler-bucket-allocator-block-count=8"
    "memorysetup-profiler-allocator-block-size=16777216"
    "memorysetup-profiler-editor-allocator-block-size=1048576"
    "memorysetup-temp-allocator-size-main=16777216"
    "memorysetup-job-temp-allocator-block-size=2097152"
    "memorysetup-job-temp-allocator-block-size-background=1048576"
    "memorysetup-job-temp-allocator-reduction-small-platforms=262144"
    "memorysetup-temp-allocator-size-background-worker=32768"
    "memorysetup-temp-allocator-size-job-worker=262144"
    "memorysetup-temp-allocator-size-preload-manager=33554432"
    "memorysetup-temp-allocator-size-nav-mesh-worker=65536"
    "memorysetup-temp-allocator-size-audio-worker=65536"
    "memorysetup-temp-allocator-size-cloud-worker=32768"
    "memorysetup-temp-allocator-size-gi-baking-worker=262144"
    "memorysetup-temp-allocator-size-gfx=262144"
Refreshing native plugins compatible for Editor in 34.92 ms, found 3 plugins.
Preloading 0 native plugins for Editor in 0.00 ms.
Initialize engine version: 2021.2.7f1 (6bd9e232123f)
[Subsystems] Discovering subsystems at path C:/Program Files/Unity/Hub/Editor/2021.2.7f1/Editor/Data/Resources/UnitySubsystems
[Subsystems] Discovering subsystems at path C:/Users/madal/OneDrive/!Platformer/Untitled Platformer/Assets
GfxDevice: creating device client; threaded=0; jobified=0
Direct3D:
    Version:  Direct3D 11.0 [level 11.1]
    Renderer: NVIDIA GeForce RTX 2080 Ti (ID=0x1e07)
    Vendor:   NVIDIA
    VRAM:     11049 MB
    Driver:   30.0.14.9676
Initialize mono
Mono path[0] = 'C:/Program Files/Unity/Hub/Editor/2021.2.7f1/Editor/Data/Managed'
Mono path[1] = 'C:/Program Files/Unity/Hub/Editor/2021.2.7f1/Editor/Data/MonoBleedingEdge/lib/mono/unityjit-win32'
Mono config path = 'C:/Program Files/Unity/Hub/Editor/2021.2.7f1/Editor/Data/MonoBleedingEdge/etc'
Using monoOptions --debugger-agent=transport=dt_socket,embedding=1,server=y,suspend=n,address=127.0.0.1:56236
Begin MonoManager ReloadAssembly
Registering precompiled unity dll's ...
Register platform support module: C:/Program Files/Unity/Hub/Editor/2021.2.7f1/Editor/Data/PlaybackEngines/WindowsStandaloneSupport/UnityEditor.WindowsStandalone.Extensions.dll
Registered in 0.003668 seconds.
Native extension for WindowsStandalone target not found
Refreshing native plugins compatible for Editor in 31.80 ms, found 3 plugins.
Preloading 0 native plugins for Editor in 0.00 ms.
Mono: successfully reloaded assembly
- Completed reload, in  0.411 seconds
Domain Reload Profiling:
	ReloadAssembly (412ms)
		BeginReloadAssembly (53ms)
			ExecutionOrderSort (0ms)
			DisableScriptedObjects (0ms)
			BackupInstance (0ms)
			ReleaseScriptingObjects (0ms)
			CreateAndSetChildDomain (1ms)
		EndReloadAssembly (303ms)
			LoadAssemblies (51ms)
			RebuildTransferFunctionScriptingTraits (0ms)
			SetupTypeCache (68ms)
			ReleaseScriptCaches (0ms)
			RebuildScriptCaches (18ms)
			SetupLoadedEditorAssemblies (180ms)
				LogAssemblyErrors (0ms)
				InitializePlatformSupportModulesInManaged (11ms)
				SetLoadedEditorAssemblies (0ms)
				RefreshPlugins (32ms)
				BeforeProcessingInitializeOnLoad (1ms)
				ProcessInitializeOnLoadAttributes (104ms)
				ProcessInitializeOnLoadMethodAttributes (32ms)
				AfterProcessingInitializeOnLoad (0ms)
				EditorAssembliesLoaded (0ms)
			ExecutionOrderSort2 (0ms)
			AwakeInstancesAfterBackupRestoration (0ms)
Platform modules already initialized, skipping
Registering precompiled user dll's ...
Registered in 0.006003 seconds.
Begin MonoManager ReloadAssembly
Native extension for WindowsStandalone target not found
Refreshing native plugins compatible for Editor in 34.18 ms, found 3 plugins.
Preloading 0 native plugins for Editor in 0.00 ms.
Mono: successfully reloaded assembly
- Completed reload, in  1.145 seconds
Domain Reload Profiling:
	ReloadAssembly (1145ms)
		BeginReloadAssembly (93ms)
			ExecutionOrderSort (0ms)
			DisableScriptedObjects (5ms)
			BackupInstance (0ms)
			ReleaseScriptingObjects (0ms)
			CreateAndSetChildDomain (18ms)
		EndReloadAssembly (966ms)
			LoadAssemblies (65ms)
			RebuildTransferFunctionScriptingTraits (0ms)
			SetupTypeCache (146ms)
			ReleaseScriptCaches (0ms)
			RebuildScriptCaches (38ms)
			SetupLoadedEditorAssemblies (686ms)
				LogAssemblyErrors (0ms)
				InitializePlatformSupportModulesInManaged (8ms)
				SetLoadedEditorAssemblies (0ms)
				RefreshPlugins (34ms)
				BeforeProcessingInitializeOnLoad (51ms)
				ProcessInitializeOnLoadAttributes (560ms)
				ProcessInitializeOnLoadMethodAttributes (27ms)
				AfterProcessingInitializeOnLoad (5ms)
				EditorAssembliesLoaded (0ms)
			ExecutionOrderSort2 (0ms)
			AwakeInstancesAfterBackupRestoration (4ms)
Platform modules already initialized, skipping
========================================================================
Worker process is ready to serve import requests
Launched and connected shader compiler UnityShaderCompiler.exe after 0.04 seconds
Refreshing native plugins compatible for Editor in 0.57 ms, found 3 plugins.
Preloading 0 native plugins for Editor in 0.00 ms.
Unloading 2520 Unused Serialized files (Serialized files now loaded: 0)
Unloading 47 unused Assets / (129.5 KB). Loaded Objects now: 2981.
Memory consumption went from 114.7 MB to 114.6 MB.
Total: 2.626900 ms (FindLiveObjects: 0.165400 ms CreateObjectMapping: 0.063300 ms MarkObjects: 2.325200 ms  DeleteObjects: 0.072400 ms)

AssetImportParameters requested are different than current active one (requested -> active):
  custom:video-decoder-ogg-theora: a1e56fd34408186e4bbccfd4996cb3dc -> 
  custom:container-muxer-webm: aa71ff27fc2769a1b78a27578f13a17b -> 
  custom:container-demuxer-webm: 4f35f7cbe854078d1ac9338744f61a02 -> 
  custom:video-encoder-webm-vp8: eb34c28f22e8b96e1ab97ce403110664 -> 
  custom:audio-encoder-webm-vorbis: bf7c407c2cedff20999df2af8eb42d56 -> 
  custom:framework-win-MediaFoundation: 216162199b28c13a410421893ffa2e32 -> 
  custom:container-demuxer-ogg: 62fdf1f143b41e24485cea50d1cbac27 -> 
  custom:video-decoder-webm-vp8: 9c59270c3fd7afecdb556c50c9e8de78 -> 
  custom:audio-decoder-ogg-vorbis: bf7c407c2cedff20999df2af8eb42d56 -> 
========================================================================
Received Import Request.
  Time since last request: 1145737.126152 seconds.
  path: Assets/Sprites/Player/walk.png
  artifactKey: Guid(d36100b37a12eee47b06484bfb4ac124) Importer(815301076,1909f56bfc062723c751e8b465ee728b)
Start importing Assets/Sprites/Player/walk.png using Guid(d36100b37a12eee47b06484bfb4ac124) Importer(815301076,1909f56bfc062723c751e8b465ee728b)  -> (artifact id: 'c233d55d447f457d8d804ec1ba2b54c7') in 0.082630 seconds 
========================================================================
Received Import Request.
  Time since last request: 364.810454 seconds.
  path: Assets/Sprites/Tilemap/Traumatism_tileset.png
  artifactKey: Guid(53f762f202f261d46b15a3351ec1dc4d) Importer(815301076,1909f56bfc062723c751e8b465ee728b)
Start importing Assets/Sprites/Tilemap/Traumatism_tileset.png using Guid(53f762f202f261d46b15a3351ec1dc4d) Importer(815301076,1909f56bfc062723c751e8b465ee728b)  -> (artifact id: '0af93e999dcbcdbfb37c47add34f9fe2') in 0.357742 seconds 
========================================================================
Received Import Request.
  Time since last request: 207.630583 seconds.
  path: Assets/Sprites/Tilemap/Traumatism_tileset.png
  artifactKey: Guid(53f762f202f261d46b15a3351ec1dc4d) Importer(815301076,1909f56bfc062723c751e8b465ee728b)
Start importing Assets/Sprites/Tilemap/Traumatism_tileset.png using Guid(53f762f202f261d46b15a3351ec1dc4d) Importer(815301076,1909f56bfc062723c751e8b465ee728b)  -> (artifact id: '7fbd5a6dbde675dc8e317722cadd618d') in 0.313730 seconds 
========================================================================
Received Import Request.
  Time since last request: 110.076425 seconds.
  path: Assets/Sprites/TilePalette/Palettes/Traumatism_tileset_180.asset
  artifactKey: Guid(cef8b08116096194ca7881c2e10cff5f) Importer(815301076,1909f56bfc062723c751e8b465ee728b)
Start importing Assets/Sprites/TilePalette/Palettes/Traumatism_tileset_180.asset using Guid(cef8b08116096194ca7881c2e10cff5f) Importer(815301076,1909f56bfc062723c751e8b465ee728b)  -> (artifact id: 'b806030e8715b6868d89d2161f163f50') in 0.015416 seconds 
========================================================================
Received Import Request.
  Time since last request: 0.018901 seconds.
  path: Assets/Sprites/TilePalette/Palettes/Traumatism_tileset_183.asset
  artifactKey: Guid(b7ed2d721741df54eaf5cf0c920ecb64) Importer(815301076,1909f56bfc062723c751e8b465ee728b)
Start importing Assets/Sprites/TilePalette/Palettes/Traumatism_tileset_183.asset using Guid(b7ed2d721741df54eaf5cf0c920ecb64) Importer(815301076,1909f56bfc062723c751e8b465ee728b)  -> (artifact id: '280d4634ca9c3bcf98796a5a5c51fa50') in 0.012821 seconds 
========================================================================
Received Import Request.
  Time since last request: 0.000013 seconds.
  path: Assets/Sprites/TilePalette/Palettes/Traumatism_tileset_188.asset
  artifactKey: Guid(6bac9522b7dc81c4a8fffd70eec5c6da) Importer(815301076,1909f56bfc062723c751e8b465ee728b)
Start importing Assets/Sprites/TilePalette/Palettes/Traumatism_tileset_188.asset using Guid(6bac9522b7dc81c4a8fffd70eec5c6da) Importer(815301076,1909f56bfc062723c751e8b465ee728b)  -> (artifact id: '924202fffc83d15655703758db6cdbae') in 0.010024 seconds 
========================================================================
Received Import Request.
  Time since last request: 0.000022 seconds.
  path: Assets/Sprites/TilePalette/Palettes/Traumatism_tileset_185.asset
  artifactKey: Guid(ecbdab8eaf641b646bb43d85dd19f6ad) Importer(815301076,1909f56bfc062723c751e8b465ee728b)
Start importing Assets/Sprites/TilePalette/Palettes/Traumatism_tileset_185.asset using Guid(ecbdab8eaf641b646bb43d85dd19f6ad) Importer(815301076,1909f56bfc062723c751e8b465ee728b)  -> (artifact id: '91ac4c33f1c750ca335945481eb2535c') in 0.011373 seconds 
========================================================================
Received Import Request.
  Time since last request: 0.000021 seconds.
  path: Assets/Sprites/TilePalette/Palettes/Traumatism_tileset_186.asset
  artifactKey: Guid(a13b93c3751bf134585725d24fd3bacc) Importer(815301076,1909f56bfc062723c751e8b465ee728b)
Start importing Assets/Sprites/TilePalette/Palettes/Traumatism_tileset_186.asset using Guid(a13b93c3751bf134585725d24fd3bacc) Importer(815301076,1909f56bfc062723c751e8b465ee728b)  -> (artifact id: '3082d9d721a3c5777e8b9cb8e940f90d') in 0.005222 seconds 
========================================================================
Received Import Request.
  Time since last request: 27.701884 seconds.
  path: Assets/Sprites/TilePalette/Palettes/Traumatism_tileset_176.asset
  artifactKey: Guid(088e35008669f5041b214a4b00db58e3) Importer(815301076,1909f56bfc062723c751e8b465ee728b)
Start importing Assets/Sprites/TilePalette/Palettes/Traumatism_tileset_176.asset using Guid(088e35008669f5041b214a4b00db58e3) Importer(815301076,1909f56bfc062723c751e8b465ee728b)  -> (artifact id: 'df6062c5b0d221eb51c4023e7a71d7c0') in 0.007939 seconds 
========================================================================
Received Import Request.
  Time since last request: 0.049915 seconds.
  path: Assets/Sprites/TilePalette/Palettes/Traumatism_tileset_172.asset
  artifactKey: Guid(d5b0ce39cd102464fa62da3a4457aca1) Importer(815301076,1909f56bfc062723c751e8b465ee728b)
Start importing Assets/Sprites/TilePalette/Palettes/Traumatism_tileset_172.asset using Guid(d5b0ce39cd102464fa62da3a4457aca1) Importer(815301076,1909f56bfc062723c751e8b465ee728b)  -> (artifact id: 'bbbc4d84df967e4ab21c37e9d013ae5f') in 0.009087 seconds 
========================================================================
Received Import Request.
  Time since last request: 0.201267 seconds.
  path: Assets/Sprites/TilePalette/Palettes/Traumatism_tileset_168.asset
  artifactKey: Guid(4b82dcdf1b684894ba7f5c4c9d12aace) Importer(815301076,1909f56bfc062723c751e8b465ee728b)
Start importing Assets/Sprites/TilePalette/Palettes/Traumatism_tileset_168.asset using Guid(4b82dcdf1b684894ba7f5c4c9d12aace) Importer(815301076,1909f56bfc062723c751e8b465ee728b)  -> (artifact id: 'f65f0ccdb2ae8f96b0f4b81e840416dd') in 0.008124 seconds 
========================================================================
Received Import Request.
  Time since last request: 0.016890 seconds.
  path: Assets/Sprites/TilePalette/Palettes/Traumatism_tileset_164.asset
  artifactKey: Guid(23a578bb9f6901d46afeb11a605ffa94) Importer(815301076,1909f56bfc062723c751e8b465ee728b)
Start importing Assets/Sprites/TilePalette/Palettes/Traumatism_tileset_164.asset using Guid(23a578bb9f6901d46afeb11a605ffa94) Importer(815301076,1909f56bfc062723c751e8b465ee728b)  -> (artifact id: '309222668c9e0d78a71b427d386fb7fd') in 0.007087 seconds 
========================================================================
Received Import Request.
  Time since last request: 0.004415 seconds.
  path: Assets/Sprites/TilePalette/Palettes/Traumatism_tileset_160.asset
  artifactKey: Guid(93af81ed4ea26ea4c90703263fda7923) Importer(815301076,1909f56bfc062723c751e8b465ee728b)
Start importing Assets/Sprites/TilePalette/Palettes/Traumatism_tileset_160.asset using Guid(93af81ed4ea26ea4c90703263fda7923) Importer(815301076,1909f56bfc062723c751e8b465ee728b)  -> (artifact id: '24b5745868d7dbabc9322f1f327085a0') in 0.007848 seconds 
========================================================================
Received Import Request.
  Time since last request: 0.179849 seconds.
  path: Assets/Sprites/TilePalette/Palettes/Traumatism_tileset_156.asset
  artifactKey: Guid(3b7cfef598b401145b187aedcbc52610) Importer(815301076,1909f56bfc062723c751e8b465ee728b)
Start importing Assets/Sprites/TilePalette/Palettes/Traumatism_tileset_156.asset using Guid(3b7cfef598b401145b187aedcbc52610) Importer(815301076,1909f56bfc062723c751e8b465ee728b)  -> (artifact id: 'd5c18a2ebc5d91a9ae6010f54d744871') in 0.005199 seconds 
========================================================================
Received Import Request.
  Time since last request: 0.022220 seconds.
  path: Assets/Sprites/TilePalette/Palettes/Traumatism_tileset_148.asset
  artifactKey: Guid(6eb89e89f01747945b98a0f28acee60f) Importer(815301076,1909f56bfc062723c751e8b465ee728b)
Start importing Assets/Sprites/TilePalette/Palettes/Traumatism_tileset_148.asset using Guid(6eb89e89f01747945b98a0f28acee60f) Importer(815301076,1909f56bfc062723c751e8b465ee728b)  -> (artifact id: 'f348286f454f481b3bfd6d7b053bb876') in 0.004829 seconds 
========================================================================
Received Import Request.
  Time since last request: 0.000013 seconds.
  path: Assets/Sprites/TilePalette/Palettes/Traumatism_tileset_153.asset
  artifactKey: Guid(b054b152fff89764a97829a7dec4234a) Importer(815301076,1909f56bfc062723c751e8b465ee728b)
Start importing Assets/Sprites/TilePalette/Palettes/Traumatism_tileset_153.asset using Guid(b054b152fff89764a97829a7dec4234a) Importer(815301076,1909f56bfc062723c751e8b465ee728b)  -> (artifact id: 'f168042e587be295526adfefff130d41') in 0.006343 seconds 
========================================================================
Received Import Request.
  Time since last request: 0.000012 seconds.
  path: Assets/Sprites/TilePalette/Palettes/Traumatism_tileset_144.asset
  artifactKey: Guid(7dde1341e329cd6498272831a0bbab16) Importer(815301076,1909f56bfc062723c751e8b465ee728b)
Start importing Assets/Sprites/TilePalette/Palettes/Traumatism_tileset_144.asset using Guid(7dde1341e329cd6498272831a0bbab16) Importer(815301076,1909f56bfc062723c751e8b465ee728b)  -> (artifact id: 'f090c5789bb7b687804d1230ddabd153') in 0.006774 seconds 
========================================================================
Received Import Request.
  Time since last request: 1.208306 seconds.
  path: Assets/Sprites/TilePalette/Traumatism_v1.prefab
  artifactKey: Guid(d6d5b82f8c0d57d41ab7f85317f3cdee) Importer(815301076,1909f56bfc062723c751e8b465ee728b)
Start importing Assets/Sprites/TilePalette/Traumatism_v1.prefab using Guid(d6d5b82f8c0d57d41ab7f85317f3cdee) Importer(815301076,1909f56bfc062723c751e8b465ee728b)  -> (artifact id: '16c06f145eae78eddf5ba201eff4953b') in 0.080339 seconds 
========================================================================
Received Import Request.
  Time since last request: 288.844889 seconds.
  path: Assets/Sprites/Tilemap/Traumatism_tileset.png
  artifactKey: Guid(53f762f202f261d46b15a3351ec1dc4d) Importer(815301076,1909f56bfc062723c751e8b465ee728b)
Start importing Assets/Sprites/Tilemap/Traumatism_tileset.png using Guid(53f762f202f261d46b15a3351ec1dc4d) Importer(815301076,1909f56bfc062723c751e8b465ee728b)  -> (artifact id: '26bd877acea7d22373d00fab139b603d') in 0.257709 seconds 
========================================================================
Received Import Request.
  Time since last request: 76.470370 seconds.
  path: Assets/Sprites/TilePalette/Palettes/Traumatism_tileset_0.asset
  artifactKey: Guid(55926012d1312254c863c2a05cfbbcfa) Importer(815301076,1909f56bfc062723c751e8b465ee728b)
Start importing Assets/Sprites/TilePalette/Palettes/Traumatism_tileset_0.asset using Guid(55926012d1312254c863c2a05cfbbcfa) Importer(815301076,1909f56bfc062723c751e8b465ee728b)  -> (artifact id: 'ac74be5b263c39809e7e310a7b3275ed') in 0.006982 seconds 
========================================================================
Received Import Request.
  Time since last request: 0.002568 seconds.
  path: Assets/Sprites/TilePalette/Palettes/Traumatism_tileset_4.asset
  artifactKey: Guid(9797acc2e04c717448f91930c15582d3) Importer(815301076,1909f56bfc062723c751e8b465ee728b)
Start importing Assets/Sprites/TilePalette/Palettes/Traumatism_tileset_4.asset using Guid(9797acc2e04c717448f91930c15582d3) Importer(815301076,1909f56bfc062723c751e8b465ee728b)  -> (artifact id: '16906553f472f600ac90e3c68cb46344') in 0.008300 seconds 
========================================================================
Received Import Request.
  Time since last request: 0.000015 seconds.
  path: Assets/Sprites/TilePalette/Palettes/Traumatism_tileset_13.asset
  artifactKey: Guid(205024ae17ab901409f9b687fc610a9d) Importer(815301076,1909f56bfc062723c751e8b465ee728b)
Start importing Assets/Sprites/TilePalette/Palettes/Traumatism_tileset_13.asset using Guid(205024ae17ab901409f9b687fc610a9d) Importer(815301076,1909f56bfc062723c751e8b465ee728b)  -> (artifact id: 'e0cf3cd36c7c924c5d661879dcbefeac') in 0.007998 seconds 
========================================================================
Received Import Request.
  Time since last request: 0.000017 seconds.
  path: Assets/Sprites/TilePalette/Palettes/Traumatism_tileset_11.asset
  artifactKey: Guid(4a131cf74e693c142b855346af065fe5) Importer(815301076,1909f56bfc062723c751e8b465ee728b)
Start importing Assets/Sprites/TilePalette/Palettes/Traumatism_tileset_11.asset using Guid(4a131cf74e693c142b855346af065fe5) Importer(815301076,1909f56bfc062723c751e8b465ee728b)  -> (artifact id: 'd2de367026d33874707b2ff94e84c58b') in 0.007882 seconds 
========================================================================
Received Import Request.
  Time since last request: 0.000014 seconds.
  path: Assets/Sprites/TilePalette/Palettes/Traumatism_tileset_15.asset
  artifactKey: Guid(ee39ad6001517784f8255bb8cd17abd8) Importer(815301076,1909f56bfc062723c751e8b465ee728b)
Start importing Assets/Sprites/TilePalette/Palettes/Traumatism_tileset_15.asset using Guid(ee39ad6001517784f8255bb8cd17abd8) Importer(815301076,1909f56bfc062723c751e8b465ee728b)  -> (artifact id: '85895ddb7c93070f26e197c85d178d7f') in 0.007914 seconds 
========================================================================
Received Import Request.
  Time since last request: 0.000016 seconds.
  path: Assets/Sprites/TilePalette/Palettes/Traumatism_tileset_14.asset
  artifactKey: Guid(2433b0c453cd75a4da5c18abd308c8fd) Importer(815301076,1909f56bfc062723c751e8b465ee728b)
Start importing Assets/Sprites/TilePalette/Palettes/Traumatism_tileset_14.asset using Guid(2433b0c453cd75a4da5c18abd308c8fd) Importer(815301076,1909f56bfc062723c751e8b465ee728b)  -> (artifact id: '8e35709518632696df25f5cc9a30e1e4') in 0.006470 seconds 
========================================================================
Received Import Request.
  Time since last request: 0.000027 seconds.
  path: Assets/Sprites/TilePalette/Palettes/Traumatism_tileset_7.asset
  artifactKey: Guid(9a9b39795d5fda9439ec13a8de30f34b) Importer(815301076,1909f56bfc062723c751e8b465ee728b)
Start importing Assets/Sprites/TilePalette/Palettes/Traumatism_tileset_7.asset using Guid(9a9b39795d5fda9439ec13a8de30f34b) Importer(815301076,1909f56bfc062723c751e8b465ee728b)  -> (artifact id: 'ce57a15318de49d9208e23755e48800c') in 0.008967 seconds 
========================================================================
Received Import Request.
  Time since last request: 0.000014 seconds.
  path: Assets/Sprites/TilePalette/Palettes/Traumatism_tileset_9.asset
  artifactKey: Guid(c7367101803be974294841e8614d5d6d) Importer(815301076,1909f56bfc062723c751e8b465ee728b)
Start importing Assets/Sprites/TilePalette/Palettes/Traumatism_tileset_9.asset using Guid(c7367101803be974294841e8614d5d6d) Importer(815301076,1909f56bfc062723c751e8b465ee728b)  -> (artifact id: '7093bde9edc9b735b258c3f5a7e67d7e') in 0.010762 seconds 
========================================================================
Received Import Request.
  Time since last request: 1.543859 seconds.
  path: Assets/Sprites/TilePalette/Palettes/Traumatism_tileset_17.asset
  artifactKey: Guid(980e37dd011b6a04c90fe2210a1d83f9) Importer(815301076,1909f56bfc062723c751e8b465ee728b)
Start importing Assets/Sprites/TilePalette/Palettes/Traumatism_tileset_17.asset using Guid(980e37dd011b6a04c90fe2210a1d83f9) Importer(815301076,1909f56bfc062723c751e8b465ee728b)  -> (artifact id: 'd747210d9590d17a904a322acb189776') in 0.007323 seconds 
========================================================================
Received Import Request.
  Time since last request: 0.000019 seconds.
  path: Assets/Sprites/TilePalette/Palettes/Traumatism_tileset_20.asset
  artifactKey: Guid(c3ba7c94fd71b45438c492462a399a31) Importer(815301076,1909f56bfc062723c751e8b465ee728b)
Start importing Assets/Sprites/TilePalette/Palettes/Traumatism_tileset_20.asset using Guid(c3ba7c94fd71b45438c492462a399a31) Importer(815301076,1909f56bfc062723c751e8b465ee728b)  -> (artifact id: '8a24b6f3a59205cefbac43d4df880b7a') in 0.007592 seconds 
========================================================================
Received Import Request.
  Time since last request: 0.000012 seconds.
  path: Assets/Sprites/TilePalette/Palettes/Traumatism_tileset_22.asset
  artifactKey: Guid(c715a6afa6d736e45ae35cedf4f2726b) Importer(815301076,1909f56bfc062723c751e8b465ee728b)
Start importing Assets/Sprites/TilePalette/Palettes/Traumatism_tileset_22.asset using Guid(c715a6afa6d736e45ae35cedf4f2726b) Importer(815301076,1909f56bfc062723c751e8b465ee728b)  -> (artifact id: '1ac652936ae176984f2faf8e211f9d2e') in 0.007124 seconds 
========================================================================
Received Import Request.
  Time since last request: 0.000013 seconds.
  path: Assets/Sprites/TilePalette/Palettes/Traumatism_tileset_25.asset
  artifactKey: Guid(ee9586fe89db0154a94ee1b10e7def4d) Importer(815301076,1909f56bfc062723c751e8b465ee728b)
Start importing Assets/Sprites/TilePalette/Palettes/Traumatism_tileset_25.asset using Guid(ee9586fe89db0154a94ee1b10e7def4d) Importer(815301076,1909f56bfc062723c751e8b465ee728b)  -> (artifact id: '5c9d2482082287347d33d30283311b07') in 0.006966 seconds 
========================================================================
Received Import Request.
  Time since last request: 0.000020 seconds.
  path: Assets/Sprites/TilePalette/Palettes/Traumatism_tileset_31.asset
  artifactKey: Guid(40488327fce73fd47a74fb2680c53f56) Importer(815301076,1909f56bfc062723c751e8b465ee728b)
Start importing Assets/Sprites/TilePalette/Palettes/Traumatism_tileset_31.asset using Guid(40488327fce73fd47a74fb2680c53f56) Importer(815301076,1909f56bfc062723c751e8b465ee728b)  -> (artifact id: '3e486d26214f8e596f0a62c1bd5b3e89') in 0.006903 seconds 
========================================================================
Received Import Request.
  Time since last request: 0.000020 seconds.
  path: Assets/Sprites/TilePalette/Palettes/Traumatism_tileset_39.asset
  artifactKey: Guid(1c101399bc4562246bcb5c67feb9345b) Importer(815301076,1909f56bfc062723c751e8b465ee728b)
Start importing Assets/Sprites/TilePalette/Palettes/Traumatism_tileset_39.asset using Guid(1c101399bc4562246bcb5c67feb9345b) Importer(815301076,1909f56bfc062723c751e8b465ee728b)  -> (artifact id: '2686b6ec6fa04896704fe8df2720c4e6') in 0.006704 seconds 
========================================================================
Received Import Request.
  Time since last request: 0.000016 seconds.
  path: Assets/Sprites/TilePalette/Palettes/Traumatism_tileset_38.asset
  artifactKey: Guid(2f3c5140f1702b44db006c6635ced849) Importer(815301076,1909f56bfc062723c751e8b465ee728b)
Start importing Assets/Sprites/TilePalette/Palettes/Traumatism_tileset_38.asset using Guid(2f3c5140f1702b44db006c6635ced849) Importer(815301076,1909f56bfc062723c751e8b465ee728b)  -> (artifact id: '1d3711ba6bbd7eb961df5ef94e0b6e14') in 0.006016 seconds 
========================================================================
Received Import Request.
  Time since last request: 0.000016 seconds.
  path: Assets/Sprites/TilePalette/Palettes/Traumatism_tileset_68.asset
  artifactKey: Guid(a7150f35348e96c4e89ee5266f9d4962) Importer(815301076,1909f56bfc062723c751e8b465ee728b)
Start importing Assets/Sprites/TilePalette/Palettes/Traumatism_tileset_68.asset using Guid(a7150f35348e96c4e89ee5266f9d4962) Importer(815301076,1909f56bfc062723c751e8b465ee728b)  -> (artifact id: 'dd1270e2de1bbf59a5599f55de95fb4b') in 0.007378 seconds 
========================================================================
Received Import Request.
  Time since last request: 0.000021 seconds.
  path: Assets/Sprites/TilePalette/Palettes/Traumatism_tileset_40.asset
  artifactKey: Guid(d9952cdf0986164489acc77f107b5e7a) Importer(815301076,1909f56bfc062723c751e8b465ee728b)
Start importing Assets/Sprites/TilePalette/Palettes/Traumatism_tileset_40.asset using Guid(d9952cdf0986164489acc77f107b5e7a) Importer(815301076,1909f56bfc062723c751e8b465ee728b)  -> (artifact id: 'ca56de0d68de365572afc8667ab83e92') in 0.005546 seconds 
========================================================================
Received Import Request.
  Time since last request: 0.000017 seconds.
  path: Assets/Sprites/TilePalette/Palettes/Traumatism_tileset_67.asset
  artifactKey: Guid(540c229fa00dbe04f897ef91f131bb36) Importer(815301076,1909f56bfc062723c751e8b465ee728b)
Start importing Assets/Sprites/TilePalette/Palettes/Traumatism_tileset_67.asset using Guid(540c229fa00dbe04f897ef91f131bb36) Importer(815301076,1909f56bfc062723c751e8b465ee728b)  -> (artifact id: 'b7edec65bbcb1588d34d3f50aaf750d1') in 0.006964 seconds 
========================================================================
Received Import Request.
  Time since last request: 0.000016 seconds.
  path: Assets/Sprites/TilePalette/Palettes/Traumatism_tileset_100.asset
  artifactKey: Guid(5e18ad9ef7dedb845acbc31513b759f2) Importer(815301076,1909f56bfc062723c751e8b465ee728b)
Start importing Assets/Sprites/TilePalette/Palettes/Traumatism_tileset_100.asset using Guid(5e18ad9ef7dedb845acbc31513b759f2) Importer(815301076,1909f56bfc062723c751e8b465ee728b)  -> (artifact id: '76d92a8d9c7ea8767d6fa1a9d7c521fd') in 0.007295 seconds 
========================================================================
Received Import Request.
  Time since last request: 0.000013 seconds.
  path: Assets/Sprites/TilePalette/Palettes/Traumatism_tileset_114.asset
  artifactKey: Guid(3d141a1380f983e4bb25e25ec4ca39f4) Importer(815301076,1909f56bfc062723c751e8b465ee728b)
Start importing Assets/Sprites/TilePalette/Palettes/Traumatism_tileset_114.asset using Guid(3d141a1380f983e4bb25e25ec4ca39f4) Importer(815301076,1909f56bfc062723c751e8b465ee728b)  -> (artifact id: '429b5ee2f9ce426fdcb50170327c2b56') in 0.006366 seconds 
========================================================================
Received Import Request.
  Time since last request: 0.000013 seconds.
  path: Assets/Sprites/TilePalette/Palettes/Traumatism_tileset_132.asset
  artifactKey: Guid(4ab375de69821f640bedb6bb78c41589) Importer(815301076,1909f56bfc062723c751e8b465ee728b)
Start importing Assets/Sprites/TilePalette/Palettes/Traumatism_tileset_132.asset using Guid(4ab375de69821f640bedb6bb78c41589) Importer(815301076,1909f56bfc062723c751e8b465ee728b)  -> (artifact id: '1ee553c9d82d9e8f51e5157251ef6d7a') in 0.005894 seconds 
========================================================================
Received Import Request.
  Time since last request: 0.000013 seconds.
  path: Assets/Sprites/TilePalette/Palettes/Traumatism_tileset_135.asset
  artifactKey: Guid(81eeed6f826138544ac979a97e237d89) Importer(815301076,1909f56bfc062723c751e8b465ee728b)
Start importing Assets/Sprites/TilePalette/Palettes/Traumatism_tileset_135.asset using Guid(81eeed6f826138544ac979a97e237d89) Importer(815301076,1909f56bfc062723c751e8b465ee728b)  -> (artifact id: 'f96f5813969d03a2b61c408a9d8d982a') in 0.007797 seconds 
========================================================================
Received Import Request.
  Time since last request: 0.000013 seconds.
  path: Assets/Sprites/TilePalette/Palettes/Traumatism_tileset_140.asset
  artifactKey: Guid(0d6c9660a6e4de148a4e7356ff7f2c66) Importer(815301076,1909f56bfc062723c751e8b465ee728b)
Start importing Assets/Sprites/TilePalette/Palettes/Traumatism_tileset_140.asset using Guid(0d6c9660a6e4de148a4e7356ff7f2c66) Importer(815301076,1909f56bfc062723c751e8b465ee728b)  -> (artifact id: 'ce987b8de8d451adc8a168b5eaf1d6f7') in 0.007876 seconds 
========================================================================
Received Import Request.
  Time since last request: 0.000013 seconds.
  path: Assets/Sprites/TilePalette/Palettes/Traumatism_tileset_138.asset
  artifactKey: Guid(59e4d9e7145d8784b8eeb70dc2cfc9ff) Importer(815301076,1909f56bfc062723c751e8b465ee728b)
Start importing Assets/Sprites/TilePalette/Palettes/Traumatism_tileset_138.asset using Guid(59e4d9e7145d8784b8eeb70dc2cfc9ff) Importer(815301076,1909f56bfc062723c751e8b465ee728b)  -> (artifact id: '7dd9b371fcc3997034f52ea38dfb7da8') in 0.006726 seconds 
========================================================================
Received Import Request.
  Time since last request: 0.000016 seconds.
  path: Assets/Sprites/TilePalette/Palettes/Traumatism_tileset_165.asset
  artifactKey: Guid(2f016fbaff33f6147bc2545c4e4f47f6) Importer(815301076,1909f56bfc062723c751e8b465ee728b)
Start importing Assets/Sprites/TilePalette/Palettes/Traumatism_tileset_165.asset using Guid(2f016fbaff33f6147bc2545c4e4f47f6) Importer(815301076,1909f56bfc062723c751e8b465ee728b)  -> (artifact id: 'a80a8ca039cd18046085f597d0c3a413') in 0.006792 seconds 
========================================================================
Received Import Request.
  Time since last request: 0.000016 seconds.
  path: Assets/Sprites/TilePalette/Palettes/Traumatism_tileset_174.asset
  artifactKey: Guid(782c145be853fcb4a8d713ec3076476f) Importer(815301076,1909f56bfc062723c751e8b465ee728b)
Start importing Assets/Sprites/TilePalette/Palettes/Traumatism_tileset_174.asset using Guid(782c145be853fcb4a8d713ec3076476f) Importer(815301076,1909f56bfc062723c751e8b465ee728b)  -> (artifact id: '579917c13191e1726b435c9b88ee7159') in 0.007444 seconds 
========================================================================
Received Import Request.
  Time since last request: 0.000014 seconds.
  path: Assets/Sprites/TilePalette/Palettes/Traumatism_tileset_183.asset
  artifactKey: Guid(b7ed2d721741df54eaf5cf0c920ecb64) Importer(815301076,1909f56bfc062723c751e8b465ee728b)
Start importing Assets/Sprites/TilePalette/Palettes/Traumatism_tileset_183.asset using Guid(b7ed2d721741df54eaf5cf0c920ecb64) Importer(815301076,1909f56bfc062723c751e8b465ee728b)  -> (artifact id: '4726ffa433e6c1af3b557947f49b6935') in 0.007259 seconds 
========================================================================
Received Import Request.
  Time since last request: 0.000016 seconds.
  path: Assets/Sprites/TilePalette/Palettes/Traumatism_tileset_95.asset
  artifactKey: Guid(28f8752852cc39e43ad31f43f8b4658e) Importer(815301076,1909f56bfc062723c751e8b465ee728b)
Start importing Assets/Sprites/TilePalette/Palettes/Traumatism_tileset_95.asset using Guid(28f8752852cc39e43ad31f43f8b4658e) Importer(815301076,1909f56bfc062723c751e8b465ee728b)  -> (artifact id: '307efd730716fb7db567e26c3d5795e0') in 0.006600 seconds 
========================================================================
Received Import Request.
  Time since last request: 0.000017 seconds.
  path: Assets/Sprites/TilePalette/Palettes/Traumatism_tileset_112.asset
  artifactKey: Guid(d247cd7a2630c834090102cd37e8ca88) Importer(815301076,1909f56bfc062723c751e8b465ee728b)
Start importing Assets/Sprites/TilePalette/Palettes/Traumatism_tileset_112.asset using Guid(d247cd7a2630c834090102cd37e8ca88) Importer(815301076,1909f56bfc062723c751e8b465ee728b)  -> (artifact id: '255d58d6f5741cdc6671239ec267b4fd') in 0.006431 seconds 
========================================================================
Received Import Request.
  Time since last request: 0.000014 seconds.
  path: Assets/Sprites/TilePalette/Palettes/Traumatism_tileset_151.asset
  artifactKey: Guid(a62c63252db0a3341b189515d6d871d7) Importer(815301076,1909f56bfc062723c751e8b465ee728b)
Start importing Assets/Sprites/TilePalette/Palettes/Traumatism_tileset_151.asset using Guid(a62c63252db0a3341b189515d6d871d7) Importer(815301076,1909f56bfc062723c751e8b465ee728b)  -> (artifact id: 'f0659ac682a66bce45678ad4f037f45f') in 0.007225 seconds 
========================================================================
Received Import Request.
  Time since last request: 0.000016 seconds.
  path: Assets/Sprites/TilePalette/Palettes/Traumatism_tileset_92.asset
  artifactKey: Guid(f2f0b531c83330f40a002596151c2e37) Importer(815301076,1909f56bfc062723c751e8b465ee728b)
Start importing Assets/Sprites/TilePalette/Palettes/Traumatism_tileset_92.asset using Guid(f2f0b531c83330f40a002596151c2e37) Importer(815301076,1909f56bfc062723c751e8b465ee728b)  -> (artifact id: '69de118a86fa6c968bee6160d421efc7') in 0.006838 seconds 
========================================================================
Received Import Request.
  Time since last request: 0.000016 seconds.
  path: Assets/Sprites/TilePalette/Palettes/Traumatism_tileset_49.asset
  artifactKey: Guid(2319952b556fe2947afa198794a8fc72) Importer(815301076,1909f56bfc062723c751e8b465ee728b)
Start importing Assets/Sprites/TilePalette/Palettes/Traumatism_tileset_49.asset using Guid(2319952b556fe2947afa198794a8fc72) Importer(815301076,1909f56bfc062723c751e8b465ee728b)  -> (artifact id: '6e7b17e1e3fabb20e3a04a6297008db3') in 0.005896 seconds 
========================================================================
Received Import Request.
  Time since last request: 0.000015 seconds.
  path: Assets/Sprites/TilePalette/Palettes/Traumatism_tileset_134.asset
  artifactKey: Guid(c5ce3a8cde22c1d42bf7cf256d9a3f42) Importer(815301076,1909f56bfc062723c751e8b465ee728b)
Start importing Assets/Sprites/TilePalette/Palettes/Traumatism_tileset_134.asset using Guid(c5ce3a8cde22c1d42bf7cf256d9a3f42) Importer(815301076,1909f56bfc062723c751e8b465ee728b)  -> (artifact id: 'd81b4fa8e8afbd473be358ddac1de93f') in 0.006357 seconds 
========================================================================
Received Import Request.
  Time since last request: 0.000030 seconds.
  path: Assets/Sprites/TilePalette/Palettes/Traumatism_tileset_181.asset
  artifactKey: Guid(6017517c4109c9744b92d24509dfdc25) Importer(815301076,1909f56bfc062723c751e8b465ee728b)
Start importing Assets/Sprites/TilePalette/Palettes/Traumatism_tileset_181.asset using Guid(6017517c4109c9744b92d24509dfdc25) Importer(815301076,1909f56bfc062723c751e8b465ee728b)  -> (artifact id: '1d36ade6113d9b34b5f23625774dc3c6') in 0.006078 seconds 
========================================================================
Received Import Request.
  Time since last request: 0.000013 seconds.
  path: Assets/Sprites/TilePalette/Palettes/Traumatism_tileset_51.asset
  artifactKey: Guid(24895d5b4f4fc3a45b2981d7ca675efd) Importer(815301076,1909f56bfc062723c751e8b465ee728b)
Start importing Assets/Sprites/TilePalette/Palettes/Traumatism_tileset_51.asset using Guid(24895d5b4f4fc3a45b2981d7ca675efd) Importer(815301076,1909f56bfc062723c751e8b465ee728b)  -> (artifact id: '5fc750db7c61f32682e28b040dbfceff') in 0.007343 seconds 
========================================================================
Received Import Request.
  Time since last request: 0.000016 seconds.
  path: Assets/Sprites/TilePalette/Palettes/Traumatism_tileset_123.asset
  artifactKey: Guid(dcc5a990ccdddd24091d8dd855057740) Importer(815301076,1909f56bfc062723c751e8b465ee728b)
Start importing Assets/Sprites/TilePalette/Palettes/Traumatism_tileset_123.asset using Guid(dcc5a990ccdddd24091d8dd855057740) Importer(815301076,1909f56bfc062723c751e8b465ee728b)  -> (artifact id: '37394cc5e0819e3790f2b2d2beb81b44') in 0.006562 seconds 
========================================================================
Received Import Request.
  Time since last request: 0.000016 seconds.
  path: Assets/Sprites/TilePalette/Palettes/Traumatism_tileset_166.asset
  artifactKey: Guid(c1c7772551eac2045a0e14a32155dd6d) Importer(815301076,1909f56bfc062723c751e8b465ee728b)
Start importing Assets/Sprites/TilePalette/Palettes/Traumatism_tileset_166.asset using Guid(c1c7772551eac2045a0e14a32155dd6d) Importer(815301076,1909f56bfc062723c751e8b465ee728b)  -> (artifact id: '42334d0d8299a62d80c4bcd32f88b60b') in 0.006638 seconds 
========================================================================
Received Import Request.
  Time since last request: 0.000013 seconds.
  path: Assets/Sprites/TilePalette/Palettes/Traumatism_tileset_74.asset
  artifactKey: Guid(0bc45e2d8502d0b4a895965042493229) Importer(815301076,1909f56bfc062723c751e8b465ee728b)
Start importing Assets/Sprites/TilePalette/Palettes/Traumatism_tileset_74.asset using Guid(0bc45e2d8502d0b4a895965042493229) Importer(815301076,1909f56bfc062723c751e8b465ee728b)  -> (artifact id: 'e9cb9b536a06b81855574892f0389e98') in 0.007359 seconds 
========================================================================
Received Import Request.
  Time since last request: 0.000017 seconds.
  path: Assets/Sprites/TilePalette/Palettes/Traumatism_tileset_84.asset
  artifactKey: Guid(ee4dff810bb513e4dba87c679b30478a) Importer(815301076,1909f56bfc062723c751e8b465ee728b)
Start importing Assets/Sprites/TilePalette/Palettes/Traumatism_tileset_84.asset using Guid(ee4dff810bb513e4dba87c679b30478a) Importer(815301076,1909f56bfc062723c751e8b465ee728b)  -> (artifact id: 'ac448a16c533f323f47190534799cf31') in 0.007998 seconds 
========================================================================
Received Import Request.
  Time since last request: 0.000015 seconds.
  path: Assets/Sprites/TilePalette/Palettes/Traumatism_tileset_161.asset
  artifactKey: Guid(f97933aea3d8bc74d900bbd4ba1e5391) Importer(815301076,1909f56bfc062723c751e8b465ee728b)
Start importing Assets/Sprites/TilePalette/Palettes/Traumatism_tileset_161.asset using Guid(f97933aea3d8bc74d900bbd4ba1e5391) Importer(815301076,1909f56bfc062723c751e8b465ee728b)  -> (artifact id: 'e3fd578b1095eeef801a3b6e25745beb') in 0.007744 seconds 
========================================================================
Received Import Request.
  Time since last request: 0.000022 seconds.
  path: Assets/Sprites/TilePalette/Palettes/Traumatism_tileset_47.asset
  artifactKey: Guid(11cad71850e9324409a0da8285e54fa8) Importer(815301076,1909f56bfc062723c751e8b465ee728b)
Start importing Assets/Sprites/TilePalette/Palettes/Traumatism_tileset_47.asset using Guid(11cad71850e9324409a0da8285e54fa8) Importer(815301076,1909f56bfc062723c751e8b465ee728b)  -> (artifact id: '26f63ff880156aef2deb00558716a753') in 0.007242 seconds 
========================================================================
Received Import Request.
  Time since last request: 0.000013 seconds.
  path: Assets/Sprites/TilePalette/Palettes/Traumatism_tileset_45.asset
  artifactKey: Guid(73c37e55f92d39c49a0dfa675137944a) Importer(815301076,1909f56bfc062723c751e8b465ee728b)
Start importing Assets/Sprites/TilePalette/Palettes/Traumatism_tileset_45.asset using Guid(73c37e55f92d39c49a0dfa675137944a) Importer(815301076,1909f56bfc062723c751e8b465ee728b)  -> (artifact id: 'a6a08c1ed156d03179d1b9da426f84ae') in 0.007615 seconds 
========================================================================
Received Import Request.
  Time since last request: 0.000017 seconds.
  path: Assets/Sprites/TilePalette/Palettes/Traumatism_tileset_190.asset
  artifactKey: Guid(6780688c253393b4e909096c690200c6) Importer(815301076,1909f56bfc062723c751e8b465ee728b)
Start importing Assets/Sprites/TilePalette/Palettes/Traumatism_tileset_190.asset using Guid(6780688c253393b4e909096c690200c6) Importer(815301076,1909f56bfc062723c751e8b465ee728b)  -> (artifact id: 'bbb775d49d41c7a9f8b30f2089a13e22') in 0.007361 seconds 
========================================================================
Received Import Request.
  Time since last request: 0.000015 seconds.
  path: Assets/Sprites/TilePalette/Palettes/Traumatism_tileset_172.asset
  artifactKey: Guid(d5b0ce39cd102464fa62da3a4457aca1) Importer(815301076,1909f56bfc062723c751e8b465ee728b)
Start importing Assets/Sprites/TilePalette/Palettes/Traumatism_tileset_172.asset using Guid(d5b0ce39cd102464fa62da3a4457aca1) Importer(815301076,1909f56bfc062723c751e8b465ee728b)  -> (artifact id: '8f29d14e233a26bf437a23b29a08e970') in 0.006794 seconds 
========================================================================
Received Import Request.
  Time since last request: 0.000013 seconds.
  path: Assets/Sprites/TilePalette/Palettes/Traumatism_tileset_80.asset
  artifactKey: Guid(d6f6a4f00f54c184db677320d5f8e102) Importer(815301076,1909f56bfc062723c751e8b465ee728b)
Start importing Assets/Sprites/TilePalette/Palettes/Traumatism_tileset_80.asset using Guid(d6f6a4f00f54c184db677320d5f8e102) Importer(815301076,1909f56bfc062723c751e8b465ee728b)  -> (artifact id: 'f83d402d23ecd2f831e9498cf6925993') in 0.005181 seconds 
========================================================================
Received Import Request.
  Time since last request: 0.000019 seconds.
  path: Assets/Sprites/TilePalette/Palettes/Traumatism_tileset_41.asset
  artifactKey: Guid(c87a2bf7b60cd6b49a830fadc7f6cd13) Importer(815301076,1909f56bfc062723c751e8b465ee728b)
Start importing Assets/Sprites/TilePalette/Palettes/Traumatism_tileset_41.asset using Guid(c87a2bf7b60cd6b49a830fadc7f6cd13) Importer(815301076,1909f56bfc062723c751e8b465ee728b)  -> (artifact id: 'a466b8d5fdef30869e18af5e0b8289b4') in 0.004659 seconds 
========================================================================
Received Import Request.
  Time since last request: 0.000015 seconds.
  path: Assets/Sprites/TilePalette/Palettes/Traumatism_tileset_91.asset
  artifactKey: Guid(c22b0b715fd740745aa4fb50517a295b) Importer(815301076,1909f56bfc062723c751e8b465ee728b)
Start importing Assets/Sprites/TilePalette/Palettes/Traumatism_tileset_91.asset using Guid(c22b0b715fd740745aa4fb50517a295b) Importer(815301076,1909f56bfc062723c751e8b465ee728b)  -> (artifact id: 'd7b63b34192ac27a36d23ab07372a801') in 0.005552 seconds 
========================================================================
Received Import Request.
  Time since last request: 0.000013 seconds.
  path: Assets/Sprites/TilePalette/Palettes/Traumatism_tileset_152.asset
  artifactKey: Guid(a2c8e40211bb86e4cbd46b298f77b099) Importer(815301076,1909f56bfc062723c751e8b465ee728b)
Start importing Assets/Sprites/TilePalette/Palettes/Traumatism_tileset_152.asset using Guid(a2c8e40211bb86e4cbd46b298f77b099) Importer(815301076,1909f56bfc062723c751e8b465ee728b)  -> (artifact id: '54fd3aa9200a678b9a36d90e89774e62') in 0.007688 seconds 
========================================================================
Received Import Request.
  Time since last request: 0.000013 seconds.
  path: Assets/Sprites/TilePalette/Palettes/Traumatism_tileset_188.asset
  artifactKey: Guid(6bac9522b7dc81c4a8fffd70eec5c6da) Importer(815301076,1909f56bfc062723c751e8b465ee728b)
Start importing Assets/Sprites/TilePalette/Palettes/Traumatism_tileset_188.asset using Guid(6bac9522b7dc81c4a8fffd70eec5c6da) Importer(815301076,1909f56bfc062723c751e8b465ee728b)  -> (artifact id: 'd3196348d2a113c1517ed21956ace7bc') in 0.006670 seconds 
========================================================================
Received Import Request.
  Time since last request: 0.000015 seconds.
  path: Assets/Sprites/TilePalette/Palettes/Traumatism_tileset_182.asset
  artifactKey: Guid(e98e1ca83a0353a478f5401f3ecdd5b9) Importer(815301076,1909f56bfc062723c751e8b465ee728b)
Start importing Assets/Sprites/TilePalette/Palettes/Traumatism_tileset_182.asset using Guid(e98e1ca83a0353a478f5401f3ecdd5b9) Importer(815301076,1909f56bfc062723c751e8b465ee728b)  -> (artifact id: 'ef9f31f0a8eb7314b9f4c9c208741525') in 0.007498 seconds 
========================================================================
Received Import Request.
  Time since last request: 0.000013 seconds.
  path: Assets/Sprites/TilePalette/Palettes/Traumatism_tileset_120.asset
  artifactKey: Guid(bac6c3c1296124b439bf222db09981a1) Importer(815301076,1909f56bfc062723c751e8b465ee728b)
Start importing Assets/Sprites/TilePalette/Palettes/Traumatism_tileset_120.asset using Guid(bac6c3c1296124b439bf222db09981a1) Importer(815301076,1909f56bfc062723c751e8b465ee728b)  -> (artifact id: 'f084bd8592e6df3833862a205972d110') in 0.007071 seconds 
========================================================================
Received Import Request.
  Time since last request: 0.000011 seconds.
  path: Assets/Sprites/TilePalette/Palettes/Traumatism_tileset_93.asset
  artifactKey: Guid(ff5e16819266cba47bcce1a6446e2492) Importer(815301076,1909f56bfc062723c751e8b465ee728b)
Start importing Assets/Sprites/TilePalette/Palettes/Traumatism_tileset_93.asset using Guid(ff5e16819266cba47bcce1a6446e2492) Importer(815301076,1909f56bfc062723c751e8b465ee728b)  -> (artifact id: '68ba4d728ed49daf60fa05ae29307c85') in 0.006075 seconds 
========================================================================
Received Import Request.
  Time since last request: 0.000012 seconds.
  path: Assets/Sprites/TilePalette/Palettes/Traumatism_tileset_162.asset
  artifactKey: Guid(2172e3471c6a716439c2417f9bed7f2d) Importer(815301076,1909f56bfc062723c751e8b465ee728b)
Start importing Assets/Sprites/TilePalette/Palettes/Traumatism_tileset_162.asset using Guid(2172e3471c6a716439c2417f9bed7f2d) Importer(815301076,1909f56bfc062723c751e8b465ee728b)  -> (artifact id: '57125991d7111c918a9df63316f883bb') in 0.005691 seconds 
========================================================================
Received Import Request.
  Time since last request: 0.000015 seconds.
  path: Assets/Sprites/TilePalette/Palettes/Traumatism_tileset_63.asset
  artifactKey: Guid(0cdca11dd5987aa439d8e76be717d39f) Importer(815301076,1909f56bfc062723c751e8b465ee728b)
Start importing Assets/Sprites/TilePalette/Palettes/Traumatism_tileset_63.asset using Guid(0cdca11dd5987aa439d8e76be717d39f) Importer(815301076,1909f56bfc062723c751e8b465ee728b)  -> (artifact id: 'be2fb169137d14915914bad27d7b428c') in 0.004474 seconds 
========================================================================
Received Import Request.
  Time since last request: 0.000017 seconds.
  path: Assets/Sprites/TilePalette/Palettes/Traumatism_tileset_169.asset
  artifactKey: Guid(fb7bf8204a5c0764e81a481d65ae7d28) Importer(815301076,1909f56bfc062723c751e8b465ee728b)
Start importing Assets/Sprites/TilePalette/Palettes/Traumatism_tileset_169.asset using Guid(fb7bf8204a5c0764e81a481d65ae7d28) Importer(815301076,1909f56bfc062723c751e8b465ee728b)  -> (artifact id: '2f68795c0509ed88542fc4c5dd300c59') in 0.007122 seconds 
========================================================================
Received Import Request.
  Time since last request: 0.000018 seconds.
  path: Assets/Sprites/TilePalette/Palettes/Traumatism_tileset_89.asset
  artifactKey: Guid(1c81a95e507046e4998ccc400c155dc8) Importer(815301076,1909f56bfc062723c751e8b465ee728b)
Start importing Assets/Sprites/TilePalette/Palettes/Traumatism_tileset_89.asset using Guid(1c81a95e507046e4998ccc400c155dc8) Importer(815301076,1909f56bfc062723c751e8b465ee728b)  -> (artifact id: '2861fd90e98576dd3b822e2b836b867e') in 0.007387 seconds 
========================================================================
Received Import Request.
  Time since last request: 0.000012 seconds.
  path: Assets/Sprites/TilePalette/Palettes/Traumatism_tileset_128.asset
  artifactKey: Guid(527a424fe2985a241bd5b8b7540cdacc) Importer(815301076,1909f56bfc062723c751e8b465ee728b)
Start importing Assets/Sprites/TilePalette/Palettes/Traumatism_tileset_128.asset using Guid(527a424fe2985a241bd5b8b7540cdacc) Importer(815301076,1909f56bfc062723c751e8b465ee728b)  -> (artifact id: '55a8ac7af6167b1525bb114ec0a6c870') in 0.007253 seconds 
========================================================================
Received Import Request.
  Time since last request: 0.000013 seconds.
  path: Assets/Sprites/TilePalette/Palettes/Traumatism_tileset_77.asset
  artifactKey: Guid(805efeebe8b0f734890e688e9b630eda) Importer(815301076,1909f56bfc062723c751e8b465ee728b)
Start importing Assets/Sprites/TilePalette/Palettes/Traumatism_tileset_77.asset using Guid(805efeebe8b0f734890e688e9b630eda) Importer(815301076,1909f56bfc062723c751e8b465ee728b)  -> (artifact id: '9e4b35b730b4554c2eba812520d50754') in 0.006800 seconds 
========================================================================
Received Import Request.
  Time since last request: 0.000012 seconds.
  path: Assets/Sprites/TilePalette/Palettes/Traumatism_tileset_136.asset
  artifactKey: Guid(632f2a17d4e9d8b44b213733a37749f7) Importer(815301076,1909f56bfc062723c751e8b465ee728b)
Start importing Assets/Sprites/TilePalette/Palettes/Traumatism_tileset_136.asset using Guid(632f2a17d4e9d8b44b213733a37749f7) Importer(815301076,1909f56bfc062723c751e8b465ee728b)  -> (artifact id: '2cc82b67f55db2cb65f9f4bdfe0540e1') in 0.006385 seconds 
========================================================================
Received Import Request.
  Time since last request: 0.000015 seconds.
  path: Assets/Sprites/TilePalette/Palettes/Traumatism_tileset_156.asset
  artifactKey: Guid(3b7cfef598b401145b187aedcbc52610) Importer(815301076,1909f56bfc062723c751e8b465ee728b)
Start importing Assets/Sprites/TilePalette/Palettes/Traumatism_tileset_156.asset using Guid(3b7cfef598b401145b187aedcbc52610) Importer(815301076,1909f56bfc062723c751e8b465ee728b)  -> (artifact id: 'a064b0cec77470cd4ad4f7e119aacd38') in 0.007658 seconds 
========================================================================
Received Import Request.
  Time since last request: 0.000014 seconds.
  path: Assets/Sprites/TilePalette/Palettes/Traumatism_tileset_28.asset
  artifactKey: Guid(5e1bd4ffac49c9e4e924f843426f862a) Importer(815301076,1909f56bfc062723c751e8b465ee728b)
Start importing Assets/Sprites/TilePalette/Palettes/Traumatism_tileset_28.asset using Guid(5e1bd4ffac49c9e4e924f843426f862a) Importer(815301076,1909f56bfc062723c751e8b465ee728b)  -> (artifact id: 'ea21b9a384b539f17054a4d46960ac2b') in 0.005932 seconds 
========================================================================
Received Import Request.
  Time since last request: 0.000016 seconds.
  path: Assets/Sprites/TilePalette/Palettes/Traumatism_tileset_98.asset
  artifactKey: Guid(7f4553c66b7e1f8408a40570bfb2ec9f) Importer(815301076,1909f56bfc062723c751e8b465ee728b)
Start importing Assets/Sprites/TilePalette/Palettes/Traumatism_tileset_98.asset using Guid(7f4553c66b7e1f8408a40570bfb2ec9f) Importer(815301076,1909f56bfc062723c751e8b465ee728b)  -> (artifact id: '07035d5b6bc870ffe8e5aa0fc8ef0032') in 0.007444 seconds 
========================================================================
Received Import Request.
  Time since last request: 0.000013 seconds.
  path: Assets/Sprites/TilePalette/Palettes/Traumatism_tileset_33.asset
  artifactKey: Guid(34fccc93a30b30640ba6f00ff00e0a44) Importer(815301076,1909f56bfc062723c751e8b465ee728b)
Start importing Assets/Sprites/TilePalette/Palettes/Traumatism_tileset_33.asset using Guid(34fccc93a30b30640ba6f00ff00e0a44) Importer(815301076,1909f56bfc062723c751e8b465ee728b)  -> (artifact id: '3f6b282e95cbb30dc07951187fea7dd6') in 0.011865 seconds 
========================================================================
Received Import Request.
  Time since last request: 0.000012 seconds.
  path: Assets/Sprites/TilePalette/Palettes/Traumatism_tileset_106.asset
  artifactKey: Guid(4fdf532f2e24ea345a33da507172e1c4) Importer(815301076,1909f56bfc062723c751e8b465ee728b)
Start importing Assets/Sprites/TilePalette/Palettes/Traumatism_tileset_106.asset using Guid(4fdf532f2e24ea345a33da507172e1c4) Importer(815301076,1909f56bfc062723c751e8b465ee728b)  -> (artifact id: '96f903d5d69965cfe7a3dd7a717da88d') in 0.006298 seconds 
========================================================================
Received Import Request.
  Time since last request: 0.000017 seconds.
  path: Assets/Sprites/TilePalette/Palettes/Traumatism_tileset_97.asset
  artifactKey: Guid(55f071cbdb805fb4ea211a9a08438dda) Importer(815301076,1909f56bfc062723c751e8b465ee728b)
Start importing Assets/Sprites/TilePalette/Palettes/Traumatism_tileset_97.asset using Guid(55f071cbdb805fb4ea211a9a08438dda) Importer(815301076,1909f56bfc062723c751e8b465ee728b)  -> (artifact id: '4828fefd02f5a425359cc314345bffc3') in 0.006825 seconds 
========================================================================
Received Import Request.
  Time since last request: 0.000017 seconds.
  path: Assets/Sprites/TilePalette/Palettes/Traumatism_tileset_131.asset
  artifactKey: Guid(8a27f694291e22247bfc0a203dabb7a7) Importer(815301076,1909f56bfc062723c751e8b465ee728b)
Start importing Assets/Sprites/TilePalette/Palettes/Traumatism_tileset_131.asset using Guid(8a27f694291e22247bfc0a203dabb7a7) Importer(815301076,1909f56bfc062723c751e8b465ee728b)  -> (artifact id: '38427506f299fdef5408f47a38d357f3') in 0.006732 seconds 
========================================================================
Received Import Request.
  Time since last request: 0.000014 seconds.
  path: Assets/Sprites/TilePalette/Palettes/Traumatism_tileset_111.asset
  artifactKey: Guid(1680ad8232af05b4192507c30aa5576e) Importer(815301076,1909f56bfc062723c751e8b465ee728b)
Start importing Assets/Sprites/TilePalette/Palettes/Traumatism_tileset_111.asset using Guid(1680ad8232af05b4192507c30aa5576e) Importer(815301076,1909f56bfc062723c751e8b465ee728b)  -> (artifact id: 'b4b7b4cae96c93d7a578bd11999f8236') in 0.005649 seconds 
========================================================================
Received Import Request.
  Time since last request: 0.000018 seconds.
  path: Assets/Sprites/TilePalette/Palettes/Traumatism_tileset_58.asset
  artifactKey: Guid(fa52ed202c1c3604bb1d26d06cbc1ca1) Importer(815301076,1909f56bfc062723c751e8b465ee728b)
Start importing Assets/Sprites/TilePalette/Palettes/Traumatism_tileset_58.asset using Guid(fa52ed202c1c3604bb1d26d06cbc1ca1) Importer(815301076,1909f56bfc062723c751e8b465ee728b)  -> (artifact id: 'a28bd89fcbe2feb683b6238c93e3ede4') in 0.007071 seconds 
========================================================================
Received Import Request.
  Time since last request: 0.000017 seconds.
  path: Assets/Sprites/TilePalette/Palettes/Traumatism_tileset_193.asset
  artifactKey: Guid(b1fd161a23b2e9a429844ca4151969e4) Importer(815301076,1909f56bfc062723c751e8b465ee728b)
Start importing Assets/Sprites/TilePalette/Palettes/Traumatism_tileset_193.asset using Guid(b1fd161a23b2e9a429844ca4151969e4) Importer(815301076,1909f56bfc062723c751e8b465ee728b)  -> (artifact id: 'dbd0893bc7afc1dd52d21bdb791e1605') in 0.007328 seconds 
========================================================================
Received Import Request.
  Time since last request: 0.000014 seconds.
  path: Assets/Sprites/TilePalette/Palettes/Traumatism_tileset_27.asset
  artifactKey: Guid(c86829ca83e0b554292035a1f8d1d91b) Importer(815301076,1909f56bfc062723c751e8b465ee728b)
Start importing Assets/Sprites/TilePalette/Palettes/Traumatism_tileset_27.asset using Guid(c86829ca83e0b554292035a1f8d1d91b) Importer(815301076,1909f56bfc062723c751e8b465ee728b)  -> (artifact id: 'cef206d9303d7b69ed3563df45247bf8') in 0.007690 seconds 
========================================================================
Received Import Request.
  Time since last request: 0.000014 seconds.
  path: Assets/Sprites/TilePalette/Palettes/Traumatism_tileset_26.asset
  artifactKey: Guid(4f98d52d3cece2c4c953340104f30c7d) Importer(815301076,1909f56bfc062723c751e8b465ee728b)
Start importing Assets/Sprites/TilePalette/Palettes/Traumatism_tileset_26.asset using Guid(4f98d52d3cece2c4c953340104f30c7d) Importer(815301076,1909f56bfc062723c751e8b465ee728b)  -> (artifact id: '2cae7cb2782f6d5d17c9c62f24b2d030') in 0.006788 seconds 
========================================================================
Received Import Request.
  Time since last request: 0.000014 seconds.
  path: Assets/Sprites/TilePalette/Palettes/Traumatism_tileset_75.asset
  artifactKey: Guid(20d4d7f0aafea8f4f8e85f9b2d2c6039) Importer(815301076,1909f56bfc062723c751e8b465ee728b)
Start importing Assets/Sprites/TilePalette/Palettes/Traumatism_tileset_75.asset using Guid(20d4d7f0aafea8f4f8e85f9b2d2c6039) Importer(815301076,1909f56bfc062723c751e8b465ee728b)  -> (artifact id: '1c0a4bb19434aca4ae43d1d4fba8152f') in 0.004584 seconds 
========================================================================
Received Import Request.
  Time since last request: 0.000014 seconds.
  path: Assets/Sprites/TilePalette/Palettes/Traumatism_tileset_107.asset
  artifactKey: Guid(c4a6f0d481a550c47aa6cf2d6f18d246) Importer(815301076,1909f56bfc062723c751e8b465ee728b)
Start importing Assets/Sprites/TilePalette/Palettes/Traumatism_tileset_107.asset using Guid(c4a6f0d481a550c47aa6cf2d6f18d246) Importer(815301076,1909f56bfc062723c751e8b465ee728b)  -> (artifact id: '0728230222b7d0c77ba3eac23a3d1f26') in 0.004454 seconds 
========================================================================
Received Import Request.
  Time since last request: 0.000013 seconds.
  path: Assets/Sprites/TilePalette/Palettes/Traumatism_tileset_185.asset
  artifactKey: Guid(ecbdab8eaf641b646bb43d85dd19f6ad) Importer(815301076,1909f56bfc062723c751e8b465ee728b)
Start importing Assets/Sprites/TilePalette/Palettes/Traumatism_tileset_185.asset using Guid(ecbdab8eaf641b646bb43d85dd19f6ad) Importer(815301076,1909f56bfc062723c751e8b465ee728b)  -> (artifact id: 'e06afb15aade9dfbc671715ac1a99cc6') in 0.006627 seconds 
========================================================================
Received Import Request.
  Time since last request: 0.000014 seconds.
  path: Assets/Sprites/TilePalette/Palettes/Traumatism_tileset_133.asset
  artifactKey: Guid(ed7eac1554a33024993793668e95063a) Importer(815301076,1909f56bfc062723c751e8b465ee728b)
Start importing Assets/Sprites/TilePalette/Palettes/Traumatism_tileset_133.asset using Guid(ed7eac1554a33024993793668e95063a) Importer(815301076,1909f56bfc062723c751e8b465ee728b)  -> (artifact id: '5d805ea3977936455be068308a68c800') in 0.006943 seconds 
========================================================================
Received Import Request.
  Time since last request: 0.000014 seconds.
  path: Assets/Sprites/TilePalette/Palettes/Traumatism_tileset_159.asset
  artifactKey: Guid(5bbc5b13e3de2294d8c0902fec081bfb) Importer(815301076,1909f56bfc062723c751e8b465ee728b)
Start importing Assets/Sprites/TilePalette/Palettes/Traumatism_tileset_159.asset using Guid(5bbc5b13e3de2294d8c0902fec081bfb) Importer(815301076,1909f56bfc062723c751e8b465ee728b)  -> (artifact id: 'dc761565873a41de6c07ab32d24086dd') in 0.006604 seconds 
========================================================================
Received Import Request.
  Time since last request: 0.000024 seconds.
  path: Assets/Sprites/TilePalette/Palettes/Traumatism_tileset_164.asset
  artifactKey: Guid(23a578bb9f6901d46afeb11a605ffa94) Importer(815301076,1909f56bfc062723c751e8b465ee728b)
Start importing Assets/Sprites/TilePalette/Palettes/Traumatism_tileset_164.asset using Guid(23a578bb9f6901d46afeb11a605ffa94) Importer(815301076,1909f56bfc062723c751e8b465ee728b)  -> (artifact id: '8b6208300a605bf6c535758302827316') in 0.006515 seconds 
========================================================================
Received Import Request.
  Time since last request: 0.000019 seconds.
  path: Assets/Sprites/TilePalette/Palettes/Traumatism_tileset_186.asset
  artifactKey: Guid(a13b93c3751bf134585725d24fd3bacc) Importer(815301076,1909f56bfc062723c751e8b465ee728b)
Start importing Assets/Sprites/TilePalette/Palettes/Traumatism_tileset_186.asset using Guid(a13b93c3751bf134585725d24fd3bacc) Importer(815301076,1909f56bfc062723c751e8b465ee728b)  -> (artifact id: '8cd2f547fc0125c7dfc0ae203cc3cf03') in 0.006677 seconds 
========================================================================
Received Import Request.
  Time since last request: 0.000015 seconds.
  path: Assets/Sprites/TilePalette/Palettes/Traumatism_tileset_34.asset
  artifactKey: Guid(992d5db98ed6baa4d89c7fe481e0bf23) Importer(815301076,1909f56bfc062723c751e8b465ee728b)
Start importing Assets/Sprites/TilePalette/Palettes/Traumatism_tileset_34.asset using Guid(992d5db98ed6baa4d89c7fe481e0bf23) Importer(815301076,1909f56bfc062723c751e8b465ee728b)  -> (artifact id: 'daaf1ddc47f54607f15161358546e8fe') in 0.005999 seconds 
========================================================================
Received Import Request.
  Time since last request: 0.000023 seconds.
  path: Assets/Sprites/TilePalette/Palettes/Traumatism_tileset_64.asset
  artifactKey: Guid(d5ceea96afe0a024982a49268ecd2f49) Importer(815301076,1909f56bfc062723c751e8b465ee728b)
Start importing Assets/Sprites/TilePalette/Palettes/Traumatism_tileset_64.asset using Guid(d5ceea96afe0a024982a49268ecd2f49) Importer(815301076,1909f56bfc062723c751e8b465ee728b)  -> (artifact id: 'd79bb2b1b77bc29554b0a780653cd163') in 0.004326 seconds 
========================================================================
Received Import Request.
  Time since last request: 0.000015 seconds.
  path: Assets/Sprites/TilePalette/Palettes/Traumatism_tileset_147.asset
  artifactKey: Guid(f55e92e806d35ea43b0b3f0822931531) Importer(815301076,1909f56bfc062723c751e8b465ee728b)
Start importing Assets/Sprites/TilePalette/Palettes/Traumatism_tileset_147.asset using Guid(f55e92e806d35ea43b0b3f0822931531) Importer(815301076,1909f56bfc062723c751e8b465ee728b)  -> (artifact id: 'e4cc4a0f57528b10b056a267b61432e9') in 0.007594 seconds 
========================================================================
Received Import Request.
  Time since last request: 0.000020 seconds.
  path: Assets/Sprites/TilePalette/Palettes/Traumatism_tileset_192.asset
  artifactKey: Guid(053a11a9a3102c045b155c5ff213e04a) Importer(815301076,1909f56bfc062723c751e8b465ee728b)
Start importing Assets/Sprites/TilePalette/Palettes/Traumatism_tileset_192.asset using Guid(053a11a9a3102c045b155c5ff213e04a) Importer(815301076,1909f56bfc062723c751e8b465ee728b)  -> (artifact id: '7a0d5b1c60ee6bf35b41a58a66dca737') in 0.008396 seconds 
========================================================================
Received Import Request.
  Time since last request: 0.000016 seconds.
  path: Assets/Sprites/TilePalette/Palettes/Traumatism_tileset_82.asset
  artifactKey: Guid(858f61d09ba6d0345bb7130d6e6530bf) Importer(815301076,1909f56bfc062723c751e8b465ee728b)
Start importing Assets/Sprites/TilePalette/Palettes/Traumatism_tileset_82.asset using Guid(858f61d09ba6d0345bb7130d6e6530bf) Importer(815301076,1909f56bfc062723c751e8b465ee728b)  -> (artifact id: '1f589aaa49b69efba2340abdae1e9828') in 0.006705 seconds 
========================================================================
Received Import Request.
  Time since last request: 0.000018 seconds.
  path: Assets/Sprites/TilePalette/Palettes/Traumatism_tileset_108.asset
  artifactKey: Guid(dd0f148617128a74b89e28acbaa44a69) Importer(815301076,1909f56bfc062723c751e8b465ee728b)
Start importing Assets/Sprites/TilePalette/Palettes/Traumatism_tileset_108.asset using Guid(dd0f148617128a74b89e28acbaa44a69) Importer(815301076,1909f56bfc062723c751e8b465ee728b)  -> (artifact id: '6af758181e28bca228b67161250c9324') in 0.007009 seconds 
========================================================================
Received Import Request.
  Time since last request: 0.000014 seconds.
  path: Assets/Sprites/TilePalette/Palettes/Traumatism_tileset_81.asset
  artifactKey: Guid(8a0e585549103074d84d517abb8ceefb) Importer(815301076,1909f56bfc062723c751e8b465ee728b)
Start importing Assets/Sprites/TilePalette/Palettes/Traumatism_tileset_81.asset using Guid(8a0e585549103074d84d517abb8ceefb) Importer(815301076,1909f56bfc062723c751e8b465ee728b)  -> (artifact id: 'a27d2365b5978301c18473e9d1fedb1a') in 0.007773 seconds 
========================================================================
Received Import Request.
  Time since last request: 0.000014 seconds.
  path: Assets/Sprites/TilePalette/Palettes/Traumatism_tileset_170.asset
  artifactKey: Guid(e7f1b2a06988dc444b6e53a8c41a6e47) Importer(815301076,1909f56bfc062723c751e8b465ee728b)
Start importing Assets/Sprites/TilePalette/Palettes/Traumatism_tileset_170.asset using Guid(e7f1b2a06988dc444b6e53a8c41a6e47) Importer(815301076,1909f56bfc062723c751e8b465ee728b)  -> (artifact id: 'efcd8184e32cbb70e058cf6fcfcfc940') in 0.007679 seconds 
========================================================================
Received Import Request.
  Time since last request: 0.000014 seconds.
  path: Assets/Sprites/TilePalette/Palettes/Traumatism_tileset_46.asset
  artifactKey: Guid(b8c016d970c31664ea44a2cbaa0eb5dd) Importer(815301076,1909f56bfc062723c751e8b465ee728b)
Start importing Assets/Sprites/TilePalette/Palettes/Traumatism_tileset_46.asset using Guid(b8c016d970c31664ea44a2cbaa0eb5dd) Importer(815301076,1909f56bfc062723c751e8b465ee728b)  -> (artifact id: '105c55fa8f1f76b933b75118a756dec9') in 0.007016 seconds 
========================================================================
Received Import Request.
  Time since last request: 0.000019 seconds.
  path: Assets/Sprites/TilePalette/Palettes/Traumatism_tileset_61.asset
  artifactKey: Guid(654dae57eb42eda469f82af370280593) Importer(815301076,1909f56bfc062723c751e8b465ee728b)
Start importing Assets/Sprites/TilePalette/Palettes/Traumatism_tileset_61.asset using Guid(654dae57eb42eda469f82af370280593) Importer(815301076,1909f56bfc062723c751e8b465ee728b)  -> (artifact id: 'd52360deb99377bda43b0ba7a8ac08d1') in 0.006744 seconds 
========================================================================
Received Import Request.
  Time since last request: 0.000014 seconds.
  path: Assets/Sprites/TilePalette/Palettes/Traumatism_tileset_116.asset
  artifactKey: Guid(467ad960ee7415840a457d02d56c4600) Importer(815301076,1909f56bfc062723c751e8b465ee728b)
Start importing Assets/Sprites/TilePalette/Palettes/Traumatism_tileset_116.asset using Guid(467ad960ee7415840a457d02d56c4600) Importer(815301076,1909f56bfc062723c751e8b465ee728b)  -> (artifact id: '44e76a9df47508aa153d567226277bfe') in 0.006881 seconds 
========================================================================
Received Import Request.
  Time since last request: 0.000014 seconds.
  path: Assets/Sprites/TilePalette/Palettes/Traumatism_tileset_145.asset
  artifactKey: Guid(ff35cce72d89b7a4d93abb659cde4a3f) Importer(815301076,1909f56bfc062723c751e8b465ee728b)
Start importing Assets/Sprites/TilePalette/Palettes/Traumatism_tileset_145.asset using Guid(ff35cce72d89b7a4d93abb659cde4a3f) Importer(815301076,1909f56bfc062723c751e8b465ee728b)  -> (artifact id: '2f4d6778f795b4dca4b54b13ef0575ac') in 0.006249 seconds 
========================================================================
Received Import Request.
  Time since last request: 0.000017 seconds.
  path: Assets/Sprites/TilePalette/Palettes/Traumatism_tileset_66.asset
  artifactKey: Guid(c39583d73fcbae74e82bf9e943d4858f) Importer(815301076,1909f56bfc062723c751e8b465ee728b)
Start importing Assets/Sprites/TilePalette/Palettes/Traumatism_tileset_66.asset using Guid(c39583d73fcbae74e82bf9e943d4858f) Importer(815301076,1909f56bfc062723c751e8b465ee728b)  -> (artifact id: '6246e62c4fc129f3df4d8cbf79b3fe97') in 0.006705 seconds 
========================================================================
Received Import Request.
  Time since last request: 0.000013 seconds.
  path: Assets/Sprites/TilePalette/Palettes/Traumatism_tileset_104.asset
  artifactKey: Guid(26370dc118ffcda4cb867990ea3a574e) Importer(815301076,1909f56bfc062723c751e8b465ee728b)
Start importing Assets/Sprites/TilePalette/Palettes/Traumatism_tileset_104.asset using Guid(26370dc118ffcda4cb867990ea3a574e) Importer(815301076,1909f56bfc062723c751e8b465ee728b)  -> (artifact id: '3374ffe59c57ac3c2b6722c32e7eaa17') in 0.006780 seconds 
========================================================================
Received Import Request.
  Time since last request: 0.000014 seconds.
  path: Assets/Sprites/TilePalette/Palettes/Traumatism_tileset_85.asset
  artifactKey: Guid(d9d215d81115edd4386d33a744d12e97) Importer(815301076,1909f56bfc062723c751e8b465ee728b)
Start importing Assets/Sprites/TilePalette/Palettes/Traumatism_tileset_85.asset using Guid(d9d215d81115edd4386d33a744d12e97) Importer(815301076,1909f56bfc062723c751e8b465ee728b)  -> (artifact id: '25138d742086a76a7427255568ca087d') in 0.007601 seconds 
========================================================================
Received Import Request.
  Time since last request: 0.000014 seconds.
  path: Assets/Sprites/TilePalette/Palettes/Traumatism_tileset_29.asset
  artifactKey: Guid(47856e676ed44e84f8cb3c73694eeddd) Importer(815301076,1909f56bfc062723c751e8b465ee728b)
Start importing Assets/Sprites/TilePalette/Palettes/Traumatism_tileset_29.asset using Guid(47856e676ed44e84f8cb3c73694eeddd) Importer(815301076,1909f56bfc062723c751e8b465ee728b)  -> (artifact id: 'd703341132431b3b84159d3894e8150f') in 0.006668 seconds 
Editor requested this worker to shutdown with reason: Scaling down because of idle timeout
AssetImportWorker is now disconnected from the server
Process exiting
Exiting without the bug reporter. Application will terminate with return code 0