Using pre-set license
Built from '2021.2/staging' branch; Version is '2021.2.7f1 (6bd9e232123f) revision 7068130'; Using compiler version '192829333'; Build Type 'Release'
OS: 'Windows 11  (10.0.22000) 64bit Professional' Language: 'en' Physical Memory: 32689 MB
BatchMode: 1, IsHumanControllingUs: 0, StartBugReporterOnCrash: 0, Is64bit: 1, IsPro: 0

COMMAND LINE ARGUMENTS:
C:\Program Files\Unity\Hub\Editor\2021.2.7f1\Editor\Unity.exe
-adb2
-batchMode
-noUpm
-name
AssetImportWorker8
-projectPath
C:/Users/madal/OneDrive/!Platformer/Untitled Platformer
-logFile
Logs/AssetImportWorker8.log
-srvPort
51361
Successfully changed project path to: C:/Users/madal/OneDrive/!Platformer/Untitled Platformer
C:/Users/madal/OneDrive/!Platformer/Untitled Platformer
[UnityMemory] Configuration Parameters - Can be set up in boot.config
    "memorysetup-bucket-allocator-granularity=16"
    "memorysetup-bucket-allocator-bucket-count=8"
    "memorysetup-bucket-allocator-block-size=33554432"
    "memorysetup-bucket-allocator-block-count=8"
    "memorysetup-main-allocator-block-size=16777216"
    "memorysetup-thread-allocator-block-size=16777216"
    "memorysetup-gfx-main-allocator-block-size=16777216"
    "memorysetup-gfx-thread-allocator-block-size=16777216"
    "memorysetup-cache-allocator-block-size=4194304"
    "memorysetup-typetree-allocator-block-size=2097152"
    "memorysetup-profiler-bucket-allocator-granularity=16"
    "memorysetup-profiler-bucket-allocator-bucket-count=8"
    "memorysetup-profiler-bucket-allocator-block-size=33554432"
    "memorysetup-profiler-bucket-allocator-block-count=8"
    "memorysetup-profiler-allocator-block-size=16777216"
    "memorysetup-profiler-editor-allocator-block-size=1048576"
    "memorysetup-temp-allocator-size-main=16777216"
    "memorysetup-job-temp-allocator-block-size=2097152"
    "memorysetup-job-temp-allocator-block-size-background=1048576"
    "memorysetup-job-temp-allocator-reduction-small-platforms=262144"
    "memorysetup-temp-allocator-size-background-worker=32768"
    "memorysetup-temp-allocator-size-job-worker=262144"
    "memorysetup-temp-allocator-size-preload-manager=33554432"
    "memorysetup-temp-allocator-size-nav-mesh-worker=65536"
    "memorysetup-temp-allocator-size-audio-worker=65536"
    "memorysetup-temp-allocator-size-cloud-worker=32768"
    "memorysetup-temp-allocator-size-gi-baking-worker=262144"
    "memorysetup-temp-allocator-size-gfx=262144"
Refreshing native plugins compatible for Editor in 35.50 ms, found 3 plugins.
Preloading 0 native plugins for Editor in 0.00 ms.
Initialize engine version: 2021.2.7f1 (6bd9e232123f)
[Subsystems] Discovering subsystems at path C:/Program Files/Unity/Hub/Editor/2021.2.7f1/Editor/Data/Resources/UnitySubsystems
[Subsystems] Discovering subsystems at path C:/Users/madal/OneDrive/!Platformer/Untitled Platformer/Assets
GfxDevice: creating device client; threaded=0; jobified=0
Direct3D:
    Version:  Direct3D 11.0 [level 11.1]
    Renderer: NVIDIA GeForce RTX 2080 Ti (ID=0x1e07)
    Vendor:   NVIDIA
    VRAM:     11049 MB
    Driver:   30.0.14.9676
Initialize mono
Mono path[0] = 'C:/Program Files/Unity/Hub/Editor/2021.2.7f1/Editor/Data/Managed'
Mono path[1] = 'C:/Program Files/Unity/Hub/Editor/2021.2.7f1/Editor/Data/MonoBleedingEdge/lib/mono/unityjit-win32'
Mono config path = 'C:/Program Files/Unity/Hub/Editor/2021.2.7f1/Editor/Data/MonoBleedingEdge/etc'
Using monoOptions --debugger-agent=transport=dt_socket,embedding=1,server=y,suspend=n,address=127.0.0.1:56776
Begin MonoManager ReloadAssembly
Registering precompiled unity dll's ...
Register platform support module: C:/Program Files/Unity/Hub/Editor/2021.2.7f1/Editor/Data/PlaybackEngines/WindowsStandaloneSupport/UnityEditor.WindowsStandalone.Extensions.dll
Registered in 0.003707 seconds.
Native extension for WindowsStandalone target not found
Refreshing native plugins compatible for Editor in 35.66 ms, found 3 plugins.
Preloading 0 native plugins for Editor in 0.00 ms.
Mono: successfully reloaded assembly
- Completed reload, in  0.424 seconds
Domain Reload Profiling:
	ReloadAssembly (425ms)
		BeginReloadAssembly (55ms)
			ExecutionOrderSort (0ms)
			DisableScriptedObjects (0ms)
			BackupInstance (0ms)
			ReleaseScriptingObjects (0ms)
			CreateAndSetChildDomain (0ms)
		EndReloadAssembly (316ms)
			LoadAssemblies (53ms)
			RebuildTransferFunctionScriptingTraits (0ms)
			SetupTypeCache (70ms)
			ReleaseScriptCaches (0ms)
			RebuildScriptCaches (19ms)
			SetupLoadedEditorAssemblies (190ms)
				LogAssemblyErrors (0ms)
				InitializePlatformSupportModulesInManaged (12ms)
				SetLoadedEditorAssemblies (0ms)
				RefreshPlugins (36ms)
				BeforeProcessingInitializeOnLoad (1ms)
				ProcessInitializeOnLoadAttributes (107ms)
				ProcessInitializeOnLoadMethodAttributes (34ms)
				AfterProcessingInitializeOnLoad (0ms)
				EditorAssembliesLoaded (0ms)
			ExecutionOrderSort2 (0ms)
			AwakeInstancesAfterBackupRestoration (0ms)
Platform modules already initialized, skipping
Registering precompiled user dll's ...
Registered in 0.005985 seconds.
Begin MonoManager ReloadAssembly
Native extension for WindowsStandalone target not found
Refreshing native plugins compatible for Editor in 39.21 ms, found 3 plugins.
Preloading 0 native plugins for Editor in 0.00 ms.
Mono: successfully reloaded assembly
- Completed reload, in  1.229 seconds
Domain Reload Profiling:
	ReloadAssembly (1229ms)
		BeginReloadAssembly (87ms)
			ExecutionOrderSort (0ms)
			DisableScriptedObjects (5ms)
			BackupInstance (0ms)
			ReleaseScriptingObjects (0ms)
			CreateAndSetChildDomain (17ms)
		EndReloadAssembly (1067ms)
			LoadAssemblies (62ms)
			RebuildTransferFunctionScriptingTraits (0ms)
			SetupTypeCache (157ms)
			ReleaseScriptCaches (0ms)
			RebuildScriptCaches (42ms)
			SetupLoadedEditorAssemblies (769ms)
				LogAssemblyErrors (0ms)
				InitializePlatformSupportModulesInManaged (8ms)
				SetLoadedEditorAssemblies (0ms)
				RefreshPlugins (39ms)
				BeforeProcessingInitializeOnLoad (62ms)
				ProcessInitializeOnLoadAttributes (628ms)
				ProcessInitializeOnLoadMethodAttributes (26ms)
				AfterProcessingInitializeOnLoad (5ms)
				EditorAssembliesLoaded (0ms)
			ExecutionOrderSort2 (0ms)
			AwakeInstancesAfterBackupRestoration (4ms)
Platform modules already initialized, skipping
========================================================================
Worker process is ready to serve import requests
Launched and connected shader compiler UnityShaderCompiler.exe after 0.04 seconds
Refreshing native plugins compatible for Editor in 0.54 ms, found 3 plugins.
Preloading 0 native plugins for Editor in 0.00 ms.
Unloading 2520 Unused Serialized files (Serialized files now loaded: 0)
Unloading 47 unused Assets / (129.5 KB). Loaded Objects now: 2981.
Memory consumption went from 114.7 MB to 114.6 MB.
Total: 2.669900 ms (FindLiveObjects: 0.183700 ms CreateObjectMapping: 0.056200 ms MarkObjects: 2.359100 ms  DeleteObjects: 0.070200 ms)

AssetImportParameters requested are different than current active one (requested -> active):
  custom:video-decoder-ogg-theora: a1e56fd34408186e4bbccfd4996cb3dc -> 
  custom:container-muxer-webm: aa71ff27fc2769a1b78a27578f13a17b -> 
  custom:container-demuxer-webm: 4f35f7cbe854078d1ac9338744f61a02 -> 
  custom:video-encoder-webm-vp8: eb34c28f22e8b96e1ab97ce403110664 -> 
  custom:audio-encoder-webm-vorbis: bf7c407c2cedff20999df2af8eb42d56 -> 
  custom:framework-win-MediaFoundation: 216162199b28c13a410421893ffa2e32 -> 
  custom:container-demuxer-ogg: 62fdf1f143b41e24485cea50d1cbac27 -> 
  custom:video-decoder-webm-vp8: 9c59270c3fd7afecdb556c50c9e8de78 -> 
  custom:audio-decoder-ogg-vorbis: bf7c407c2cedff20999df2af8eb42d56 -> 
========================================================================
Received Import Request.
  Time since last request: 1147100.017852 seconds.
  path: Assets/Sprites/Tilemap/Traumatism_tileset.png
  artifactKey: Guid(53f762f202f261d46b15a3351ec1dc4d) Importer(815301076,1909f56bfc062723c751e8b465ee728b)
Start importing Assets/Sprites/Tilemap/Traumatism_tileset.png using Guid(53f762f202f261d46b15a3351ec1dc4d) Importer(815301076,1909f56bfc062723c751e8b465ee728b)  -> (artifact id: '87e9d55e0a4ec472bff4563e5b7cea7c') in 0.312716 seconds 
========================================================================
Received Import Request.
  Time since last request: 9.305723 seconds.
  path: Assets/Sprites/Tilemap/Traumatism_tileset.png
  artifactKey: Guid(53f762f202f261d46b15a3351ec1dc4d) Importer(815301076,1909f56bfc062723c751e8b465ee728b)
Start importing Assets/Sprites/Tilemap/Traumatism_tileset.png using Guid(53f762f202f261d46b15a3351ec1dc4d) Importer(815301076,1909f56bfc062723c751e8b465ee728b)  -> (artifact id: '7b05c07f3e2934a0157650856c7ceeef') in 0.269853 seconds 
========================================================================
Received Import Request.
  Time since last request: 20.674063 seconds.
  path: Assets/Sprites/TilePalette/Palettes/Traumatism_tileset_0.asset
  artifactKey: Guid(55926012d1312254c863c2a05cfbbcfa) Importer(815301076,1909f56bfc062723c751e8b465ee728b)
Start importing Assets/Sprites/TilePalette/Palettes/Traumatism_tileset_0.asset using Guid(55926012d1312254c863c2a05cfbbcfa) Importer(815301076,1909f56bfc062723c751e8b465ee728b)  -> (artifact id: '7985a28bd186299c054bcf8dc9d472a5') in 0.013535 seconds 
========================================================================
Received Import Request.
  Time since last request: 0.001429 seconds.
  path: Assets/Sprites/TilePalette/Palettes/Traumatism_tileset_5.asset
  artifactKey: Guid(3cb3362ef136d0b48ad4ec8d7fe43098) Importer(815301076,1909f56bfc062723c751e8b465ee728b)
Start importing Assets/Sprites/TilePalette/Palettes/Traumatism_tileset_5.asset using Guid(3cb3362ef136d0b48ad4ec8d7fe43098) Importer(815301076,1909f56bfc062723c751e8b465ee728b)  -> (artifact id: '419fa2e572fea68ff0a09298fb8a369b') in 0.006710 seconds 
========================================================================
Received Import Request.
  Time since last request: 0.000018 seconds.
  path: Assets/Sprites/TilePalette/Palettes/Traumatism_tileset_12.asset
  artifactKey: Guid(10e8841d6afc51144b580c926367d7cd) Importer(815301076,1909f56bfc062723c751e8b465ee728b)
Start importing Assets/Sprites/TilePalette/Palettes/Traumatism_tileset_12.asset using Guid(10e8841d6afc51144b580c926367d7cd) Importer(815301076,1909f56bfc062723c751e8b465ee728b)  -> (artifact id: '753370b5adb0e38402824cf116bfee98') in 0.007558 seconds 
========================================================================
Received Import Request.
  Time since last request: 0.000013 seconds.
  path: Assets/Sprites/TilePalette/Palettes/Traumatism_tileset_13.asset
  artifactKey: Guid(205024ae17ab901409f9b687fc610a9d) Importer(815301076,1909f56bfc062723c751e8b465ee728b)
Start importing Assets/Sprites/TilePalette/Palettes/Traumatism_tileset_13.asset using Guid(205024ae17ab901409f9b687fc610a9d) Importer(815301076,1909f56bfc062723c751e8b465ee728b)  -> (artifact id: '4767e844b14b5e5c2329b29bc3886ea0') in 0.005288 seconds 
========================================================================
Received Import Request.
  Time since last request: 0.000014 seconds.
  path: Assets/Sprites/TilePalette/Palettes/Traumatism_tileset_11.asset
  artifactKey: Guid(4a131cf74e693c142b855346af065fe5) Importer(815301076,1909f56bfc062723c751e8b465ee728b)
Start importing Assets/Sprites/TilePalette/Palettes/Traumatism_tileset_11.asset using Guid(4a131cf74e693c142b855346af065fe5) Importer(815301076,1909f56bfc062723c751e8b465ee728b)  -> (artifact id: '00453de28dab49b1bb5eaa5d2e169f99') in 0.006463 seconds 
========================================================================
Received Import Request.
  Time since last request: 0.000022 seconds.
  path: Assets/Sprites/TilePalette/Palettes/Traumatism_tileset_8.asset
  artifactKey: Guid(c198e12ab27b37c4aaf2d9c36909b174) Importer(815301076,1909f56bfc062723c751e8b465ee728b)
Start importing Assets/Sprites/TilePalette/Palettes/Traumatism_tileset_8.asset using Guid(c198e12ab27b37c4aaf2d9c36909b174) Importer(815301076,1909f56bfc062723c751e8b465ee728b)  -> (artifact id: '18871ca7faf8d2e5dc1ea51b1d913230') in 0.004813 seconds 
========================================================================
Received Import Request.
  Time since last request: 0.000017 seconds.
  path: Assets/Sprites/TilePalette/Palettes/Traumatism_tileset_10.asset
  artifactKey: Guid(b09f94961ac23de46a1f081b0f1c492a) Importer(815301076,1909f56bfc062723c751e8b465ee728b)
Start importing Assets/Sprites/TilePalette/Palettes/Traumatism_tileset_10.asset using Guid(b09f94961ac23de46a1f081b0f1c492a) Importer(815301076,1909f56bfc062723c751e8b465ee728b)  -> (artifact id: '4410aca042e26b78193fca68227b98a0') in 0.007660 seconds 
========================================================================
Received Import Request.
  Time since last request: 0.000021 seconds.
  path: Assets/Sprites/TilePalette/Palettes/Traumatism_tileset_3.asset
  artifactKey: Guid(6b52962faed98ca4b9274f7cee86f9be) Importer(815301076,1909f56bfc062723c751e8b465ee728b)
Start importing Assets/Sprites/TilePalette/Palettes/Traumatism_tileset_3.asset using Guid(6b52962faed98ca4b9274f7cee86f9be) Importer(815301076,1909f56bfc062723c751e8b465ee728b)  -> (artifact id: '27c3e91b4d421b23e5a15065448722cc') in 0.007659 seconds 
========================================================================
Received Import Request.
  Time since last request: 0.000013 seconds.
  path: Assets/Sprites/TilePalette/Palettes/Traumatism_tileset_16.asset
  artifactKey: Guid(5aef89eb8cee9354b80a34869dd5dfc6) Importer(815301076,1909f56bfc062723c751e8b465ee728b)
Start importing Assets/Sprites/TilePalette/Palettes/Traumatism_tileset_16.asset using Guid(5aef89eb8cee9354b80a34869dd5dfc6) Importer(815301076,1909f56bfc062723c751e8b465ee728b)  -> (artifact id: '125d05c9e0f550d0833c508e4be26fe7') in 0.004946 seconds 
========================================================================
Received Import Request.
  Time since last request: 0.000013 seconds.
  path: Assets/Sprites/TilePalette/Palettes/Traumatism_tileset_9.asset
  artifactKey: Guid(c7367101803be974294841e8614d5d6d) Importer(815301076,1909f56bfc062723c751e8b465ee728b)
Start importing Assets/Sprites/TilePalette/Palettes/Traumatism_tileset_9.asset using Guid(c7367101803be974294841e8614d5d6d) Importer(815301076,1909f56bfc062723c751e8b465ee728b)  -> (artifact id: 'd69bbea2686e8227b5dc9cd50f5c307a') in 0.006955 seconds 
========================================================================
Received Import Request.
  Time since last request: 0.000014 seconds.
  path: Assets/Sprites/TilePalette/Palettes/Traumatism_tileset_2.asset
  artifactKey: Guid(a81ac32b2c7730e47acba324ed1000e2) Importer(815301076,1909f56bfc062723c751e8b465ee728b)
Start importing Assets/Sprites/TilePalette/Palettes/Traumatism_tileset_2.asset using Guid(a81ac32b2c7730e47acba324ed1000e2) Importer(815301076,1909f56bfc062723c751e8b465ee728b)  -> (artifact id: 'f9f8569dc4e788fb65ecf6dd0b0db49b') in 0.006313 seconds 
========================================================================
Received Import Request.
  Time since last request: 0.771942 seconds.
  path: Assets/Sprites/TilePalette/Palettes/Traumatism_tileset_17.asset
  artifactKey: Guid(980e37dd011b6a04c90fe2210a1d83f9) Importer(815301076,1909f56bfc062723c751e8b465ee728b)
Start importing Assets/Sprites/TilePalette/Palettes/Traumatism_tileset_17.asset using Guid(980e37dd011b6a04c90fe2210a1d83f9) Importer(815301076,1909f56bfc062723c751e8b465ee728b)  -> (artifact id: '5530730202cc983965e609b72a94ff11') in 0.007221 seconds 
========================================================================
Received Import Request.
  Time since last request: 0.000013 seconds.
  path: Assets/Sprites/TilePalette/Palettes/Traumatism_tileset_20.asset
  artifactKey: Guid(c3ba7c94fd71b45438c492462a399a31) Importer(815301076,1909f56bfc062723c751e8b465ee728b)
Start importing Assets/Sprites/TilePalette/Palettes/Traumatism_tileset_20.asset using Guid(c3ba7c94fd71b45438c492462a399a31) Importer(815301076,1909f56bfc062723c751e8b465ee728b)  -> (artifact id: 'ce66c446297afd19588d4ddfb19bdc7f') in 0.007079 seconds 
========================================================================
Received Import Request.
  Time since last request: 0.005144 seconds.
  path: Assets/Sprites/TilePalette/Palettes/Traumatism_tileset_21.asset
  artifactKey: Guid(d5cbb12452055d948881da5df2a7fc87) Importer(815301076,1909f56bfc062723c751e8b465ee728b)
Start importing Assets/Sprites/TilePalette/Palettes/Traumatism_tileset_21.asset using Guid(d5cbb12452055d948881da5df2a7fc87) Importer(815301076,1909f56bfc062723c751e8b465ee728b)  -> (artifact id: '82406390f77f75f421b4ead7386f33a1') in 0.007549 seconds 
========================================================================
Received Import Request.
  Time since last request: 0.000013 seconds.
  path: Assets/Sprites/TilePalette/Palettes/Traumatism_tileset_23.asset
  artifactKey: Guid(5f603049d76097648a9c137a81af63c0) Importer(815301076,1909f56bfc062723c751e8b465ee728b)
Start importing Assets/Sprites/TilePalette/Palettes/Traumatism_tileset_23.asset using Guid(5f603049d76097648a9c137a81af63c0) Importer(815301076,1909f56bfc062723c751e8b465ee728b)  -> (artifact id: '61f2bc2f0c8fbd2e11a2d5ff6c11cb78') in 0.008178 seconds 
========================================================================
Received Import Request.
  Time since last request: 0.000013 seconds.
  path: Assets/Sprites/TilePalette/Palettes/Traumatism_tileset_28.asset
  artifactKey: Guid(5e1bd4ffac49c9e4e924f843426f862a) Importer(815301076,1909f56bfc062723c751e8b465ee728b)
Start importing Assets/Sprites/TilePalette/Palettes/Traumatism_tileset_28.asset using Guid(5e1bd4ffac49c9e4e924f843426f862a) Importer(815301076,1909f56bfc062723c751e8b465ee728b)  -> (artifact id: '95e6b26cb763b24a1bb833e6db243c2b') in 0.004698 seconds 
========================================================================
Received Import Request.
  Time since last request: 0.000015 seconds.
  path: Assets/Sprites/TilePalette/Palettes/Traumatism_tileset_26.asset
  artifactKey: Guid(4f98d52d3cece2c4c953340104f30c7d) Importer(815301076,1909f56bfc062723c751e8b465ee728b)
Start importing Assets/Sprites/TilePalette/Palettes/Traumatism_tileset_26.asset using Guid(4f98d52d3cece2c4c953340104f30c7d) Importer(815301076,1909f56bfc062723c751e8b465ee728b)  -> (artifact id: 'f1e57eac3d8e944fd86cb3c81087a001') in 0.007772 seconds 
========================================================================
Received Import Request.
  Time since last request: 0.211259 seconds.
  path: Assets/Sprites/TilePalette/Palettes/Traumatism_tileset_29.asset
  artifactKey: Guid(47856e676ed44e84f8cb3c73694eeddd) Importer(815301076,1909f56bfc062723c751e8b465ee728b)
Start importing Assets/Sprites/TilePalette/Palettes/Traumatism_tileset_29.asset using Guid(47856e676ed44e84f8cb3c73694eeddd) Importer(815301076,1909f56bfc062723c751e8b465ee728b)  -> (artifact id: '96c8c4124324e640c9073801cf947406') in 0.006574 seconds 
========================================================================
Received Import Request.
  Time since last request: 0.000015 seconds.
  path: Assets/Sprites/TilePalette/Palettes/Traumatism_tileset_32.asset
  artifactKey: Guid(54132173b3bab4b409ceec3d27a6598d) Importer(815301076,1909f56bfc062723c751e8b465ee728b)
Start importing Assets/Sprites/TilePalette/Palettes/Traumatism_tileset_32.asset using Guid(54132173b3bab4b409ceec3d27a6598d) Importer(815301076,1909f56bfc062723c751e8b465ee728b)  -> (artifact id: '244100c1ca6b4a791c316427e07b8b18') in 0.006489 seconds 
========================================================================
Received Import Request.
  Time since last request: 0.000013 seconds.
  path: Assets/Sprites/TilePalette/Palettes/Traumatism_tileset_36.asset
  artifactKey: Guid(2f8afd534fd96bc4b98d9832609d6781) Importer(815301076,1909f56bfc062723c751e8b465ee728b)
Start importing Assets/Sprites/TilePalette/Palettes/Traumatism_tileset_36.asset using Guid(2f8afd534fd96bc4b98d9832609d6781) Importer(815301076,1909f56bfc062723c751e8b465ee728b)  -> (artifact id: '73ddf0d1f6ce8bbc4d36c1aba4dbcb9a') in 0.007252 seconds 
========================================================================
Received Import Request.
  Time since last request: 0.000013 seconds.
  path: Assets/Sprites/TilePalette/Palettes/Traumatism_tileset_34.asset
  artifactKey: Guid(992d5db98ed6baa4d89c7fe481e0bf23) Importer(815301076,1909f56bfc062723c751e8b465ee728b)
Start importing Assets/Sprites/TilePalette/Palettes/Traumatism_tileset_34.asset using Guid(992d5db98ed6baa4d89c7fe481e0bf23) Importer(815301076,1909f56bfc062723c751e8b465ee728b)  -> (artifact id: '40f2d3784fb1efcadb42b9261e7a43e2') in 0.007248 seconds 
========================================================================
Received Import Request.
  Time since last request: 0.000014 seconds.
  path: Assets/Sprites/TilePalette/Palettes/Traumatism_tileset_39.asset
  artifactKey: Guid(1c101399bc4562246bcb5c67feb9345b) Importer(815301076,1909f56bfc062723c751e8b465ee728b)
Start importing Assets/Sprites/TilePalette/Palettes/Traumatism_tileset_39.asset using Guid(1c101399bc4562246bcb5c67feb9345b) Importer(815301076,1909f56bfc062723c751e8b465ee728b)  -> (artifact id: 'fafca0b053c45511baf1d50913804912') in 0.005787 seconds 
========================================================================
Received Import Request.
  Time since last request: 0.000013 seconds.
  path: Assets/Sprites/TilePalette/Palettes/Traumatism_tileset_40.asset
  artifactKey: Guid(d9952cdf0986164489acc77f107b5e7a) Importer(815301076,1909f56bfc062723c751e8b465ee728b)
Start importing Assets/Sprites/TilePalette/Palettes/Traumatism_tileset_40.asset using Guid(d9952cdf0986164489acc77f107b5e7a) Importer(815301076,1909f56bfc062723c751e8b465ee728b)  -> (artifact id: 'ec06596e223dcb9586c8343197e791e6') in 0.005817 seconds 
========================================================================
Received Import Request.
  Time since last request: 0.000017 seconds.
  path: Assets/Sprites/TilePalette/Palettes/Traumatism_tileset_42.asset
  artifactKey: Guid(6e4bf1a572e09dd45bc3472649879c18) Importer(815301076,1909f56bfc062723c751e8b465ee728b)
Start importing Assets/Sprites/TilePalette/Palettes/Traumatism_tileset_42.asset using Guid(6e4bf1a572e09dd45bc3472649879c18) Importer(815301076,1909f56bfc062723c751e8b465ee728b)  -> (artifact id: '4afb083e32e675fda4d6d9aaa2c59588') in 0.006025 seconds 
========================================================================
Received Import Request.
  Time since last request: 0.000012 seconds.
  path: Assets/Sprites/TilePalette/Palettes/Traumatism_tileset_43.asset
  artifactKey: Guid(d592cc7ee568e2f46bb18e44e24404ff) Importer(815301076,1909f56bfc062723c751e8b465ee728b)
Start importing Assets/Sprites/TilePalette/Palettes/Traumatism_tileset_43.asset using Guid(d592cc7ee568e2f46bb18e44e24404ff) Importer(815301076,1909f56bfc062723c751e8b465ee728b)  -> (artifact id: '24119bc2514c167d3cb8b025f5b495ba') in 0.007227 seconds 
========================================================================
Received Import Request.
  Time since last request: 1.480406 seconds.
  path: Assets/Sprites/TilePalette/Palettes/Traumatism_tileset_45.asset
  artifactKey: Guid(73c37e55f92d39c49a0dfa675137944a) Importer(815301076,1909f56bfc062723c751e8b465ee728b)
Start importing Assets/Sprites/TilePalette/Palettes/Traumatism_tileset_45.asset using Guid(73c37e55f92d39c49a0dfa675137944a) Importer(815301076,1909f56bfc062723c751e8b465ee728b)  -> (artifact id: 'ca38f01338fafc1b0271abf6eebeb516') in 0.005094 seconds 
========================================================================
Received Import Request.
  Time since last request: 0.000015 seconds.
  path: Assets/Sprites/TilePalette/Palettes/Traumatism_tileset_48.asset
  artifactKey: Guid(56f6f972462eb5b499fa110bb0e664cb) Importer(815301076,1909f56bfc062723c751e8b465ee728b)
Start importing Assets/Sprites/TilePalette/Palettes/Traumatism_tileset_48.asset using Guid(56f6f972462eb5b499fa110bb0e664cb) Importer(815301076,1909f56bfc062723c751e8b465ee728b)  -> (artifact id: '4d4817a24f49ba949ecc4f2316bff8b2') in 0.004901 seconds 
========================================================================
Received Import Request.
  Time since last request: 0.000027 seconds.
  path: Assets/Sprites/TilePalette/Palettes/Traumatism_tileset_50.asset
  artifactKey: Guid(39c8c0d99060d2a438ca8e7cfa382804) Importer(815301076,1909f56bfc062723c751e8b465ee728b)
Start importing Assets/Sprites/TilePalette/Palettes/Traumatism_tileset_50.asset using Guid(39c8c0d99060d2a438ca8e7cfa382804) Importer(815301076,1909f56bfc062723c751e8b465ee728b)  -> (artifact id: '67cb7d70c5d62307354cb8f5ed6d1bb1') in 0.006723 seconds 
========================================================================
Received Import Request.
  Time since last request: 0.000015 seconds.
  path: Assets/Sprites/TilePalette/Palettes/Traumatism_tileset_51.asset
  artifactKey: Guid(24895d5b4f4fc3a45b2981d7ca675efd) Importer(815301076,1909f56bfc062723c751e8b465ee728b)
Start importing Assets/Sprites/TilePalette/Palettes/Traumatism_tileset_51.asset using Guid(24895d5b4f4fc3a45b2981d7ca675efd) Importer(815301076,1909f56bfc062723c751e8b465ee728b)  -> (artifact id: '9864cd089b8e3cb3173e37a6898892bf') in 0.007494 seconds 
========================================================================
Received Import Request.
  Time since last request: 0.000018 seconds.
  path: Assets/Sprites/TilePalette/Palettes/Traumatism_tileset_54.asset
  artifactKey: Guid(1a9332a34e6d4744b809c19909351658) Importer(815301076,1909f56bfc062723c751e8b465ee728b)
Start importing Assets/Sprites/TilePalette/Palettes/Traumatism_tileset_54.asset using Guid(1a9332a34e6d4744b809c19909351658) Importer(815301076,1909f56bfc062723c751e8b465ee728b)  -> (artifact id: '7f332909770b7e9884f468aeb168df7c') in 0.006280 seconds 
========================================================================
Received Import Request.
  Time since last request: 0.000018 seconds.
  path: Assets/Sprites/TilePalette/Palettes/Traumatism_tileset_53.asset
  artifactKey: Guid(21626d473c700fb459064d9fd6713f87) Importer(815301076,1909f56bfc062723c751e8b465ee728b)
Start importing Assets/Sprites/TilePalette/Palettes/Traumatism_tileset_53.asset using Guid(21626d473c700fb459064d9fd6713f87) Importer(815301076,1909f56bfc062723c751e8b465ee728b)  -> (artifact id: 'b2efb4d7c75431ce11ebf76088c2a2c7') in 0.004686 seconds 
========================================================================
Received Import Request.
  Time since last request: 0.000012 seconds.
  path: Assets/Sprites/TilePalette/Palettes/Traumatism_tileset_68.asset
  artifactKey: Guid(a7150f35348e96c4e89ee5266f9d4962) Importer(815301076,1909f56bfc062723c751e8b465ee728b)
Start importing Assets/Sprites/TilePalette/Palettes/Traumatism_tileset_68.asset using Guid(a7150f35348e96c4e89ee5266f9d4962) Importer(815301076,1909f56bfc062723c751e8b465ee728b)  -> (artifact id: '0311c88f68b169d2cbc9fc8a5baa38e7') in 0.007518 seconds 
========================================================================
Received Import Request.
  Time since last request: 0.000015 seconds.
  path: Assets/Sprites/TilePalette/Palettes/Traumatism_tileset_62.asset
  artifactKey: Guid(94c4eb4cedd78424d829204d15e6d8c9) Importer(815301076,1909f56bfc062723c751e8b465ee728b)
Start importing Assets/Sprites/TilePalette/Palettes/Traumatism_tileset_62.asset using Guid(94c4eb4cedd78424d829204d15e6d8c9) Importer(815301076,1909f56bfc062723c751e8b465ee728b)  -> (artifact id: '8d095b0fecc753e0654a7db25e219b49') in 0.006376 seconds 
========================================================================
Received Import Request.
  Time since last request: 0.000014 seconds.
  path: Assets/Sprites/TilePalette/Palettes/Traumatism_tileset_92.asset
  artifactKey: Guid(f2f0b531c83330f40a002596151c2e37) Importer(815301076,1909f56bfc062723c751e8b465ee728b)
Start importing Assets/Sprites/TilePalette/Palettes/Traumatism_tileset_92.asset using Guid(f2f0b531c83330f40a002596151c2e37) Importer(815301076,1909f56bfc062723c751e8b465ee728b)  -> (artifact id: 'a4e29f6e407691f0d4c02e7684168977') in 0.006844 seconds 
========================================================================
Received Import Request.
  Time since last request: 0.000014 seconds.
  path: Assets/Sprites/TilePalette/Palettes/Traumatism_tileset_84.asset
  artifactKey: Guid(ee4dff810bb513e4dba87c679b30478a) Importer(815301076,1909f56bfc062723c751e8b465ee728b)
Start importing Assets/Sprites/TilePalette/Palettes/Traumatism_tileset_84.asset using Guid(ee4dff810bb513e4dba87c679b30478a) Importer(815301076,1909f56bfc062723c751e8b465ee728b)  -> (artifact id: '50497f9cba1d23328dbcd6c27fec1a4a') in 0.007293 seconds 
========================================================================
Received Import Request.
  Time since last request: 0.000016 seconds.
  path: Assets/Sprites/TilePalette/Palettes/Traumatism_tileset_100.asset
  artifactKey: Guid(5e18ad9ef7dedb845acbc31513b759f2) Importer(815301076,1909f56bfc062723c751e8b465ee728b)
Start importing Assets/Sprites/TilePalette/Palettes/Traumatism_tileset_100.asset using Guid(5e18ad9ef7dedb845acbc31513b759f2) Importer(815301076,1909f56bfc062723c751e8b465ee728b)  -> (artifact id: 'cea87debaf2d2a194e059839268135a5') in 0.004602 seconds 
========================================================================
Received Import Request.
  Time since last request: 0.000014 seconds.
  path: Assets/Sprites/TilePalette/Palettes/Traumatism_tileset_87.asset
  artifactKey: Guid(d4f00798b2b33a041a73954fbe7a5056) Importer(815301076,1909f56bfc062723c751e8b465ee728b)
Start importing Assets/Sprites/TilePalette/Palettes/Traumatism_tileset_87.asset using Guid(d4f00798b2b33a041a73954fbe7a5056) Importer(815301076,1909f56bfc062723c751e8b465ee728b)  -> (artifact id: '357a45a006d2f5d9dba916fa7d42b2f1') in 0.007660 seconds 
========================================================================
Received Import Request.
  Time since last request: 0.000016 seconds.
  path: Assets/Sprites/TilePalette/Palettes/Traumatism_tileset_135.asset
  artifactKey: Guid(81eeed6f826138544ac979a97e237d89) Importer(815301076,1909f56bfc062723c751e8b465ee728b)
Start importing Assets/Sprites/TilePalette/Palettes/Traumatism_tileset_135.asset using Guid(81eeed6f826138544ac979a97e237d89) Importer(815301076,1909f56bfc062723c751e8b465ee728b)  -> (artifact id: '295ec91873d79d40ec1fea136cd887a4') in 0.007564 seconds 
========================================================================
Received Import Request.
  Time since last request: 0.000014 seconds.
  path: Assets/Sprites/TilePalette/Palettes/Traumatism_tileset_137.asset
  artifactKey: Guid(4dd9aec66e806624a96fa50b2fe78e53) Importer(815301076,1909f56bfc062723c751e8b465ee728b)
Start importing Assets/Sprites/TilePalette/Palettes/Traumatism_tileset_137.asset using Guid(4dd9aec66e806624a96fa50b2fe78e53) Importer(815301076,1909f56bfc062723c751e8b465ee728b)  -> (artifact id: '395eb50c137e4e766c4ac2759402558c') in 0.004727 seconds 
========================================================================
Received Import Request.
  Time since last request: 0.000016 seconds.
  path: Assets/Sprites/TilePalette/Palettes/Traumatism_tileset_160.asset
  artifactKey: Guid(93af81ed4ea26ea4c90703263fda7923) Importer(815301076,1909f56bfc062723c751e8b465ee728b)
Start importing Assets/Sprites/TilePalette/Palettes/Traumatism_tileset_160.asset using Guid(93af81ed4ea26ea4c90703263fda7923) Importer(815301076,1909f56bfc062723c751e8b465ee728b)  -> (artifact id: '40254351d231aa82a16f6525f302e794') in 0.006484 seconds 
========================================================================
Received Import Request.
  Time since last request: 0.000012 seconds.
  path: Assets/Sprites/TilePalette/Palettes/Traumatism_tileset_110.asset
  artifactKey: Guid(089de5fccfd0d9547b28d183e13500f3) Importer(815301076,1909f56bfc062723c751e8b465ee728b)
Start importing Assets/Sprites/TilePalette/Palettes/Traumatism_tileset_110.asset using Guid(089de5fccfd0d9547b28d183e13500f3) Importer(815301076,1909f56bfc062723c751e8b465ee728b)  -> (artifact id: 'a5690753305d3b0b3c8c68181e8dd415') in 0.006250 seconds 
========================================================================
Received Import Request.
  Time since last request: 0.000013 seconds.
  path: Assets/Sprites/TilePalette/Palettes/Traumatism_tileset_169.asset
  artifactKey: Guid(fb7bf8204a5c0764e81a481d65ae7d28) Importer(815301076,1909f56bfc062723c751e8b465ee728b)
Start importing Assets/Sprites/TilePalette/Palettes/Traumatism_tileset_169.asset using Guid(fb7bf8204a5c0764e81a481d65ae7d28) Importer(815301076,1909f56bfc062723c751e8b465ee728b)  -> (artifact id: '6da9c9dbaab7cae0c3d86975883eaaa4') in 0.007293 seconds 
========================================================================
Received Import Request.
  Time since last request: 0.000018 seconds.
  path: Assets/Sprites/TilePalette/Palettes/Traumatism_tileset_175.asset
  artifactKey: Guid(d91e53f576c81134fb2b3030d727f710) Importer(815301076,1909f56bfc062723c751e8b465ee728b)
Start importing Assets/Sprites/TilePalette/Palettes/Traumatism_tileset_175.asset using Guid(d91e53f576c81134fb2b3030d727f710) Importer(815301076,1909f56bfc062723c751e8b465ee728b)  -> (artifact id: '137d36818e7892f36f29fcdb276914f8') in 0.008159 seconds 
========================================================================
Received Import Request.
  Time since last request: 0.000019 seconds.
  path: Assets/Sprites/TilePalette/Palettes/Traumatism_tileset_173.asset
  artifactKey: Guid(8afe74a17c201f341b82a8b6071cf5ec) Importer(815301076,1909f56bfc062723c751e8b465ee728b)
Start importing Assets/Sprites/TilePalette/Palettes/Traumatism_tileset_173.asset using Guid(8afe74a17c201f341b82a8b6071cf5ec) Importer(815301076,1909f56bfc062723c751e8b465ee728b)  -> (artifact id: '1e26e4b06d5d40341a4fe4875cbcf641') in 0.007466 seconds 
========================================================================
Received Import Request.
  Time since last request: 0.000013 seconds.
  path: Assets/Sprites/TilePalette/Palettes/Traumatism_tileset_188.asset
  artifactKey: Guid(6bac9522b7dc81c4a8fffd70eec5c6da) Importer(815301076,1909f56bfc062723c751e8b465ee728b)
Start importing Assets/Sprites/TilePalette/Palettes/Traumatism_tileset_188.asset using Guid(6bac9522b7dc81c4a8fffd70eec5c6da) Importer(815301076,1909f56bfc062723c751e8b465ee728b)  -> (artifact id: '07ad36372db73abbd91b93bb15b3111b') in 0.007995 seconds 
========================================================================
Received Import Request.
  Time since last request: 0.000016 seconds.
  path: Assets/Sprites/TilePalette/Palettes/Traumatism_tileset_194.asset
  artifactKey: Guid(4808a9e4b6495ea478e21e62d49853fc) Importer(815301076,1909f56bfc062723c751e8b465ee728b)
Start importing Assets/Sprites/TilePalette/Palettes/Traumatism_tileset_194.asset using Guid(4808a9e4b6495ea478e21e62d49853fc) Importer(815301076,1909f56bfc062723c751e8b465ee728b)  -> (artifact id: 'b27813607314d4bd51372af0b39a1ef4') in 0.008174 seconds 
========================================================================
Received Import Request.
  Time since last request: 0.000013 seconds.
  path: Assets/Sprites/TilePalette/Palettes/Traumatism_tileset_154.asset
  artifactKey: Guid(edc80f2768d99754da713883ce6dc11c) Importer(815301076,1909f56bfc062723c751e8b465ee728b)
Start importing Assets/Sprites/TilePalette/Palettes/Traumatism_tileset_154.asset using Guid(edc80f2768d99754da713883ce6dc11c) Importer(815301076,1909f56bfc062723c751e8b465ee728b)  -> (artifact id: 'bb7b5ead26734e233038a9e3da706248') in 0.007837 seconds 
========================================================================
Received Import Request.
  Time since last request: 0.000018 seconds.
  path: Assets/Sprites/TilePalette/Palettes/Traumatism_tileset_149.asset
  artifactKey: Guid(3a9df6e0b76d8eb4b8e45ebbd4c03e3c) Importer(815301076,1909f56bfc062723c751e8b465ee728b)
Start importing Assets/Sprites/TilePalette/Palettes/Traumatism_tileset_149.asset using Guid(3a9df6e0b76d8eb4b8e45ebbd4c03e3c) Importer(815301076,1909f56bfc062723c751e8b465ee728b)  -> (artifact id: '10cd35a39ecbb784c20be76b186199a2') in 0.004385 seconds 
========================================================================
Received Import Request.
  Time since last request: 0.000013 seconds.
  path: Assets/Sprites/TilePalette/Palettes/Traumatism_tileset_178.asset
  artifactKey: Guid(c6331c889a2c5e24eabdc1bef5b365c9) Importer(815301076,1909f56bfc062723c751e8b465ee728b)
Start importing Assets/Sprites/TilePalette/Palettes/Traumatism_tileset_178.asset using Guid(c6331c889a2c5e24eabdc1bef5b365c9) Importer(815301076,1909f56bfc062723c751e8b465ee728b)  -> (artifact id: '4bc34a1f4b05f4f57ed54769eb4c3f5e') in 0.005218 seconds 
========================================================================
Received Import Request.
  Time since last request: 0.000018 seconds.
  path: Assets/Sprites/TilePalette/Palettes/Traumatism_tileset_88.asset
  artifactKey: Guid(1daeafd8babe7224587033ffe81a9709) Importer(815301076,1909f56bfc062723c751e8b465ee728b)
Start importing Assets/Sprites/TilePalette/Palettes/Traumatism_tileset_88.asset using Guid(1daeafd8babe7224587033ffe81a9709) Importer(815301076,1909f56bfc062723c751e8b465ee728b)  -> (artifact id: '57e4bd588957026fbee8868834d18578') in 0.007223 seconds 
========================================================================
Received Import Request.
  Time since last request: 0.000018 seconds.
  path: Assets/Sprites/TilePalette/Palettes/Traumatism_tileset_106.asset
  artifactKey: Guid(4fdf532f2e24ea345a33da507172e1c4) Importer(815301076,1909f56bfc062723c751e8b465ee728b)
Start importing Assets/Sprites/TilePalette/Palettes/Traumatism_tileset_106.asset using Guid(4fdf532f2e24ea345a33da507172e1c4) Importer(815301076,1909f56bfc062723c751e8b465ee728b)  -> (artifact id: '36f3ad08b83c3a9e82ee27a3d9623688') in 0.004759 seconds 
========================================================================
Received Import Request.
  Time since last request: 0.000015 seconds.
  path: Assets/Sprites/TilePalette/Palettes/Traumatism_tileset_193.asset
  artifactKey: Guid(b1fd161a23b2e9a429844ca4151969e4) Importer(815301076,1909f56bfc062723c751e8b465ee728b)
Start importing Assets/Sprites/TilePalette/Palettes/Traumatism_tileset_193.asset using Guid(b1fd161a23b2e9a429844ca4151969e4) Importer(815301076,1909f56bfc062723c751e8b465ee728b)  -> (artifact id: '6b804eab4416bf317ca960fb647a7408') in 0.008110 seconds 
========================================================================
Received Import Request.
  Time since last request: 0.000015 seconds.
  path: Assets/Sprites/TilePalette/Palettes/Traumatism_tileset_187.asset
  artifactKey: Guid(d6831f293bfd7c741af4dfd01ef99dd7) Importer(815301076,1909f56bfc062723c751e8b465ee728b)
Start importing Assets/Sprites/TilePalette/Palettes/Traumatism_tileset_187.asset using Guid(d6831f293bfd7c741af4dfd01ef99dd7) Importer(815301076,1909f56bfc062723c751e8b465ee728b)  -> (artifact id: '1a6788b369d2702b76f48bb31b4883ba') in 0.006304 seconds 
========================================================================
Received Import Request.
  Time since last request: 0.000016 seconds.
  path: Assets/Sprites/TilePalette/Palettes/Traumatism_tileset_159.asset
  artifactKey: Guid(5bbc5b13e3de2294d8c0902fec081bfb) Importer(815301076,1909f56bfc062723c751e8b465ee728b)
Start importing Assets/Sprites/TilePalette/Palettes/Traumatism_tileset_159.asset using Guid(5bbc5b13e3de2294d8c0902fec081bfb) Importer(815301076,1909f56bfc062723c751e8b465ee728b)  -> (artifact id: '0af047dab7de49c266ad8ceefdade11d') in 0.005718 seconds 
========================================================================
Received Import Request.
  Time since last request: 0.000012 seconds.
  path: Assets/Sprites/TilePalette/Palettes/Traumatism_tileset_186.asset
  artifactKey: Guid(a13b93c3751bf134585725d24fd3bacc) Importer(815301076,1909f56bfc062723c751e8b465ee728b)
Start importing Assets/Sprites/TilePalette/Palettes/Traumatism_tileset_186.asset using Guid(a13b93c3751bf134585725d24fd3bacc) Importer(815301076,1909f56bfc062723c751e8b465ee728b)  -> (artifact id: '7bd35d3c17444db971422ccd7458baf8') in 0.007212 seconds 
========================================================================
Received Import Request.
  Time since last request: 0.000015 seconds.
  path: Assets/Sprites/TilePalette/Palettes/Traumatism_tileset_72.asset
  artifactKey: Guid(00b2c02e272fdb4499d568086fbad2cd) Importer(815301076,1909f56bfc062723c751e8b465ee728b)
Start importing Assets/Sprites/TilePalette/Palettes/Traumatism_tileset_72.asset using Guid(00b2c02e272fdb4499d568086fbad2cd) Importer(815301076,1909f56bfc062723c751e8b465ee728b)  -> (artifact id: '227add1004bc420c004c0f6603e598d5') in 0.006068 seconds 
========================================================================
Received Import Request.
  Time since last request: 0.000012 seconds.
  path: Assets/Sprites/TilePalette/Palettes/Traumatism_tileset_108.asset
  artifactKey: Guid(dd0f148617128a74b89e28acbaa44a69) Importer(815301076,1909f56bfc062723c751e8b465ee728b)
Start importing Assets/Sprites/TilePalette/Palettes/Traumatism_tileset_108.asset using Guid(dd0f148617128a74b89e28acbaa44a69) Importer(815301076,1909f56bfc062723c751e8b465ee728b)  -> (artifact id: '7650858176b79d365a4c5d93066ddb03') in 0.008547 seconds 
========================================================================
Received Import Request.
  Time since last request: 0.000016 seconds.
  path: Assets/Sprites/TilePalette/Palettes/Traumatism_tileset_61.asset
  artifactKey: Guid(654dae57eb42eda469f82af370280593) Importer(815301076,1909f56bfc062723c751e8b465ee728b)
Start importing Assets/Sprites/TilePalette/Palettes/Traumatism_tileset_61.asset using Guid(654dae57eb42eda469f82af370280593) Importer(815301076,1909f56bfc062723c751e8b465ee728b)  -> (artifact id: '3abe3d9407fcb82a2693d99c791bd049') in 0.004801 seconds 
========================================================================
Received Import Request.
  Time since last request: 0.000024 seconds.
  path: Assets/Sprites/TilePalette/Palettes/Traumatism_tileset_116.asset
  artifactKey: Guid(467ad960ee7415840a457d02d56c4600) Importer(815301076,1909f56bfc062723c751e8b465ee728b)
Start importing Assets/Sprites/TilePalette/Palettes/Traumatism_tileset_116.asset using Guid(467ad960ee7415840a457d02d56c4600) Importer(815301076,1909f56bfc062723c751e8b465ee728b)  -> (artifact id: '891f82531cbc091ffcb1cab1797a28f4') in 0.007371 seconds 
========================================================================
Received Import Request.
  Time since last request: 0.000018 seconds.
  path: Assets/Sprites/TilePalette/Palettes/Traumatism_tileset_104.asset
  artifactKey: Guid(26370dc118ffcda4cb867990ea3a574e) Importer(815301076,1909f56bfc062723c751e8b465ee728b)
Start importing Assets/Sprites/TilePalette/Palettes/Traumatism_tileset_104.asset using Guid(26370dc118ffcda4cb867990ea3a574e) Importer(815301076,1909f56bfc062723c751e8b465ee728b)  -> (artifact id: 'a19a69a962f0ba8eaf311cdac51b6c58') in 0.008090 seconds 
Editor requested this worker to shutdown with reason: Scaling down because of idle timeout
AssetImportWorker is now disconnected from the server
Process exiting
Exiting without the bug reporter. Application will terminate with return code 0