Using pre-set license
Built from '2021.2/staging' branch; Version is '2021.2.7f1 (6bd9e232123f) revision 7068130'; Using compiler version '192829333'; Build Type 'Release'
OS: 'Windows 11  (10.0.22000) 64bit Professional' Language: 'en' Physical Memory: 32689 MB
BatchMode: 1, IsHumanControllingUs: 0, StartBugReporterOnCrash: 0, Is64bit: 1, IsPro: 0

COMMAND LINE ARGUMENTS:
C:\Program Files\Unity\Hub\Editor\2021.2.7f1\Editor\Unity.exe
-adb2
-batchMode
-noUpm
-name
AssetImportWorker2
-projectPath
C:/Users/madal/OneDrive/!Platformer/Untitled Platformer
-logFile
Logs/AssetImportWorker2.log
-srvPort
59651
Successfully changed project path to: C:/Users/madal/OneDrive/!Platformer/Untitled Platformer
C:/Users/madal/OneDrive/!Platformer/Untitled Platformer
[UnityMemory] Configuration Parameters - Can be set up in boot.config
    "memorysetup-bucket-allocator-granularity=16"
    "memorysetup-bucket-allocator-bucket-count=8"
    "memorysetup-bucket-allocator-block-size=33554432"
    "memorysetup-bucket-allocator-block-count=8"
    "memorysetup-main-allocator-block-size=16777216"
    "memorysetup-thread-allocator-block-size=16777216"
    "memorysetup-gfx-main-allocator-block-size=16777216"
    "memorysetup-gfx-thread-allocator-block-size=16777216"
    "memorysetup-cache-allocator-block-size=4194304"
    "memorysetup-typetree-allocator-block-size=2097152"
    "memorysetup-profiler-bucket-allocator-granularity=16"
    "memorysetup-profiler-bucket-allocator-bucket-count=8"
    "memorysetup-profiler-bucket-allocator-block-size=33554432"
    "memorysetup-profiler-bucket-allocator-block-count=8"
    "memorysetup-profiler-allocator-block-size=16777216"
    "memorysetup-profiler-editor-allocator-block-size=1048576"
    "memorysetup-temp-allocator-size-main=16777216"
    "memorysetup-job-temp-allocator-block-size=2097152"
    "memorysetup-job-temp-allocator-block-size-background=1048576"
    "memorysetup-job-temp-allocator-reduction-small-platforms=262144"
    "memorysetup-temp-allocator-size-background-worker=32768"
    "memorysetup-temp-allocator-size-job-worker=262144"
    "memorysetup-temp-allocator-size-preload-manager=33554432"
    "memorysetup-temp-allocator-size-nav-mesh-worker=65536"
    "memorysetup-temp-allocator-size-audio-worker=65536"
    "memorysetup-temp-allocator-size-cloud-worker=32768"
    "memorysetup-temp-allocator-size-gi-baking-worker=262144"
    "memorysetup-temp-allocator-size-gfx=262144"
Refreshing native plugins compatible for Editor in 34.39 ms, found 3 plugins.
Preloading 0 native plugins for Editor in 0.00 ms.
Initialize engine version: 2021.2.7f1 (6bd9e232123f)
[Subsystems] Discovering subsystems at path C:/Program Files/Unity/Hub/Editor/2021.2.7f1/Editor/Data/Resources/UnitySubsystems
[Subsystems] Discovering subsystems at path C:/Users/madal/OneDrive/!Platformer/Untitled Platformer/Assets
GfxDevice: creating device client; threaded=0; jobified=0
Direct3D:
    Version:  Direct3D 11.0 [level 11.1]
    Renderer: NVIDIA GeForce RTX 2080 Ti (ID=0x1e07)
    Vendor:   NVIDIA
    VRAM:     11049 MB
    Driver:   30.0.14.9676
Initialize mono
Mono path[0] = 'C:/Program Files/Unity/Hub/Editor/2021.2.7f1/Editor/Data/Managed'
Mono path[1] = 'C:/Program Files/Unity/Hub/Editor/2021.2.7f1/Editor/Data/MonoBleedingEdge/lib/mono/unityjit-win32'
Mono config path = 'C:/Program Files/Unity/Hub/Editor/2021.2.7f1/Editor/Data/MonoBleedingEdge/etc'
Using monoOptions --debugger-agent=transport=dt_socket,embedding=1,server=y,suspend=n,address=127.0.0.1:56964
Begin MonoManager ReloadAssembly
Registering precompiled unity dll's ...
Register platform support module: C:/Program Files/Unity/Hub/Editor/2021.2.7f1/Editor/Data/PlaybackEngines/WindowsStandaloneSupport/UnityEditor.WindowsStandalone.Extensions.dll
Registered in 0.004058 seconds.
Native extension for WindowsStandalone target not found
Refreshing native plugins compatible for Editor in 35.99 ms, found 3 plugins.
Preloading 0 native plugins for Editor in 0.00 ms.
Mono: successfully reloaded assembly
- Completed reload, in  0.428 seconds
Domain Reload Profiling:
	ReloadAssembly (428ms)
		BeginReloadAssembly (54ms)
			ExecutionOrderSort (0ms)
			DisableScriptedObjects (0ms)
			BackupInstance (0ms)
			ReleaseScriptingObjects (0ms)
			CreateAndSetChildDomain (0ms)
		EndReloadAssembly (320ms)
			LoadAssemblies (53ms)
			RebuildTransferFunctionScriptingTraits (0ms)
			SetupTypeCache (69ms)
			ReleaseScriptCaches (0ms)
			RebuildScriptCaches (19ms)
			SetupLoadedEditorAssemblies (194ms)
				LogAssemblyErrors (0ms)
				InitializePlatformSupportModulesInManaged (11ms)
				SetLoadedEditorAssemblies (0ms)
				RefreshPlugins (36ms)
				BeforeProcessingInitializeOnLoad (1ms)
				ProcessInitializeOnLoadAttributes (111ms)
				ProcessInitializeOnLoadMethodAttributes (34ms)
				AfterProcessingInitializeOnLoad (0ms)
				EditorAssembliesLoaded (0ms)
			ExecutionOrderSort2 (0ms)
			AwakeInstancesAfterBackupRestoration (0ms)
Platform modules already initialized, skipping
Registering precompiled user dll's ...
Registered in 0.006146 seconds.
Begin MonoManager ReloadAssembly
Native extension for WindowsStandalone target not found
Refreshing native plugins compatible for Editor in 39.79 ms, found 3 plugins.
Preloading 0 native plugins for Editor in 0.00 ms.
Mono: successfully reloaded assembly
- Completed reload, in  1.218 seconds
Domain Reload Profiling:
	ReloadAssembly (1218ms)
		BeginReloadAssembly (88ms)
			ExecutionOrderSort (0ms)
			DisableScriptedObjects (4ms)
			BackupInstance (0ms)
			ReleaseScriptingObjects (0ms)
			CreateAndSetChildDomain (16ms)
		EndReloadAssembly (1054ms)
			LoadAssemblies (62ms)
			RebuildTransferFunctionScriptingTraits (0ms)
			SetupTypeCache (159ms)
			ReleaseScriptCaches (0ms)
			RebuildScriptCaches (44ms)
			SetupLoadedEditorAssemblies (751ms)
				LogAssemblyErrors (0ms)
				InitializePlatformSupportModulesInManaged (9ms)
				SetLoadedEditorAssemblies (0ms)
				RefreshPlugins (40ms)
				BeforeProcessingInitializeOnLoad (53ms)
				ProcessInitializeOnLoadAttributes (617ms)
				ProcessInitializeOnLoadMethodAttributes (28ms)
				AfterProcessingInitializeOnLoad (5ms)
				EditorAssembliesLoaded (0ms)
			ExecutionOrderSort2 (0ms)
			AwakeInstancesAfterBackupRestoration (5ms)
Platform modules already initialized, skipping
========================================================================
Worker process is ready to serve import requests
Launched and connected shader compiler UnityShaderCompiler.exe after 0.03 seconds
Refreshing native plugins compatible for Editor in 0.53 ms, found 3 plugins.
Preloading 0 native plugins for Editor in 0.00 ms.
Unloading 2520 Unused Serialized files (Serialized files now loaded: 0)
Unloading 47 unused Assets / (129.5 KB). Loaded Objects now: 2981.
Memory consumption went from 114.7 MB to 114.6 MB.
Total: 2.552600 ms (FindLiveObjects: 0.152800 ms CreateObjectMapping: 0.053400 ms MarkObjects: 2.271000 ms  DeleteObjects: 0.074800 ms)

AssetImportParameters requested are different than current active one (requested -> active):
  custom:video-decoder-ogg-theora: a1e56fd34408186e4bbccfd4996cb3dc -> 
  custom:container-muxer-webm: aa71ff27fc2769a1b78a27578f13a17b -> 
  custom:container-demuxer-webm: 4f35f7cbe854078d1ac9338744f61a02 -> 
  custom:video-encoder-webm-vp8: eb34c28f22e8b96e1ab97ce403110664 -> 
  custom:audio-encoder-webm-vorbis: bf7c407c2cedff20999df2af8eb42d56 -> 
  custom:framework-win-MediaFoundation: 216162199b28c13a410421893ffa2e32 -> 
  custom:container-demuxer-ogg: 62fdf1f143b41e24485cea50d1cbac27 -> 
  custom:video-decoder-webm-vp8: 9c59270c3fd7afecdb556c50c9e8de78 -> 
  custom:audio-decoder-ogg-vorbis: bf7c407c2cedff20999df2af8eb42d56 -> 
========================================================================
Received Import Request.
  Time since last request: 1205718.707962 seconds.
  path: Assets/Sprites/TilePalette/Palettes/Traumatism_tileset_117.asset
  artifactKey: Guid(68f3aa05ee99f534380717e63b2c8118) Importer(815301076,1909f56bfc062723c751e8b465ee728b)
Start importing Assets/Sprites/TilePalette/Palettes/Traumatism_tileset_117.asset using Guid(68f3aa05ee99f534380717e63b2c8118) Importer(815301076,1909f56bfc062723c751e8b465ee728b)  -> (artifact id: 'a5c18e93c11debb5e7c52bb9c086ad03') in 0.053628 seconds 
========================================================================
Received Import Request.
  Time since last request: 0.000017 seconds.
  path: Assets/Sprites/TilePalette/Palettes/Traumatism_tileset_127.asset
  artifactKey: Guid(9c09041c96bafd644acf1f3bd6c10a53) Importer(815301076,1909f56bfc062723c751e8b465ee728b)
Start importing Assets/Sprites/TilePalette/Palettes/Traumatism_tileset_127.asset using Guid(9c09041c96bafd644acf1f3bd6c10a53) Importer(815301076,1909f56bfc062723c751e8b465ee728b)  -> (artifact id: 'af6fde6ca39bd15953b6f7e2b7dcc8c7') in 0.008948 seconds 
========================================================================
Received Import Request.
  Time since last request: 0.192765 seconds.
  path: Assets/Sprites/TilePalette/Palettes/Traumatism_tileset_133.asset
  artifactKey: Guid(ed7eac1554a33024993793668e95063a) Importer(815301076,1909f56bfc062723c751e8b465ee728b)
Start importing Assets/Sprites/TilePalette/Palettes/Traumatism_tileset_133.asset using Guid(ed7eac1554a33024993793668e95063a) Importer(815301076,1909f56bfc062723c751e8b465ee728b)  -> (artifact id: '0ca5b65805ba85a05025e6679f0183ac') in 0.009095 seconds 
========================================================================
Received Import Request.
  Time since last request: 0.003072 seconds.
  path: Assets/Sprites/TilePalette/Palettes/Traumatism_tileset_137.asset
  artifactKey: Guid(4dd9aec66e806624a96fa50b2fe78e53) Importer(815301076,1909f56bfc062723c751e8b465ee728b)
Start importing Assets/Sprites/TilePalette/Palettes/Traumatism_tileset_137.asset using Guid(4dd9aec66e806624a96fa50b2fe78e53) Importer(815301076,1909f56bfc062723c751e8b465ee728b)  -> (artifact id: 'd77badbdccbe6748d98167662d0a19d8') in 0.008750 seconds 
========================================================================
Received Import Request.
  Time since last request: 0.002853 seconds.
  path: Assets/Sprites/TilePalette/Palettes/Traumatism_tileset_141.asset
  artifactKey: Guid(7cfd1c0fec9d2204eb4b1b35b9b369e0) Importer(815301076,1909f56bfc062723c751e8b465ee728b)
Start importing Assets/Sprites/TilePalette/Palettes/Traumatism_tileset_141.asset using Guid(7cfd1c0fec9d2204eb4b1b35b9b369e0) Importer(815301076,1909f56bfc062723c751e8b465ee728b)  -> (artifact id: '8ee40f2136bf6667f2bb20028f097060') in 0.008782 seconds 
========================================================================
Received Import Request.
  Time since last request: 0.468118 seconds.
  path: Assets/Sprites/TilePalette/Palettes/Traumatism_tileset_145.asset
  artifactKey: Guid(ff35cce72d89b7a4d93abb659cde4a3f) Importer(815301076,1909f56bfc062723c751e8b465ee728b)
Start importing Assets/Sprites/TilePalette/Palettes/Traumatism_tileset_145.asset using Guid(ff35cce72d89b7a4d93abb659cde4a3f) Importer(815301076,1909f56bfc062723c751e8b465ee728b)  -> (artifact id: '4032f1c2f51710b19de25eb6c429bb90') in 0.007479 seconds 
========================================================================
Received Import Request.
  Time since last request: 0.000017 seconds.
  path: Assets/Sprites/TilePalette/Palettes/Traumatism_tileset_149.asset
  artifactKey: Guid(3a9df6e0b76d8eb4b8e45ebbd4c03e3c) Importer(815301076,1909f56bfc062723c751e8b465ee728b)
Start importing Assets/Sprites/TilePalette/Palettes/Traumatism_tileset_149.asset using Guid(3a9df6e0b76d8eb4b8e45ebbd4c03e3c) Importer(815301076,1909f56bfc062723c751e8b465ee728b)  -> (artifact id: 'd66f2c768bcfa747c6116733425b6a76') in 0.007778 seconds 
========================================================================
Received Import Request.
  Time since last request: 0.000016 seconds.
  path: Assets/Sprites/TilePalette/Palettes/Traumatism_tileset_153.asset
  artifactKey: Guid(b054b152fff89764a97829a7dec4234a) Importer(815301076,1909f56bfc062723c751e8b465ee728b)
Start importing Assets/Sprites/TilePalette/Palettes/Traumatism_tileset_153.asset using Guid(b054b152fff89764a97829a7dec4234a) Importer(815301076,1909f56bfc062723c751e8b465ee728b)  -> (artifact id: 'dcb972c66dd2ba6200d5d92f79136287') in 0.008056 seconds 
========================================================================
Received Import Request.
  Time since last request: 0.000014 seconds.
  path: Assets/Sprites/TilePalette/Palettes/Traumatism_tileset_155.asset
  artifactKey: Guid(31d9dee6e25d24b45a9df7276ff7fda6) Importer(815301076,1909f56bfc062723c751e8b465ee728b)
Start importing Assets/Sprites/TilePalette/Palettes/Traumatism_tileset_155.asset using Guid(31d9dee6e25d24b45a9df7276ff7fda6) Importer(815301076,1909f56bfc062723c751e8b465ee728b)  -> (artifact id: 'f5277a0cfe584c012dfbf21a4ff8b5fc') in 0.008824 seconds 
========================================================================
Received Import Request.
  Time since last request: 0.000016 seconds.
  path: Assets/Sprites/TilePalette/Palettes/Traumatism_tileset_168.asset
  artifactKey: Guid(4b82dcdf1b684894ba7f5c4c9d12aace) Importer(815301076,1909f56bfc062723c751e8b465ee728b)
Start importing Assets/Sprites/TilePalette/Palettes/Traumatism_tileset_168.asset using Guid(4b82dcdf1b684894ba7f5c4c9d12aace) Importer(815301076,1909f56bfc062723c751e8b465ee728b)  -> (artifact id: '9913348d0226b927f099a2211ed8c2d0') in 0.007444 seconds 
========================================================================
Received Import Request.
  Time since last request: 0.000015 seconds.
  path: Assets/Sprites/TilePalette/Palettes/Traumatism_tileset_177.asset
  artifactKey: Guid(f0c81415ca24c2b488c32ae74721d39a) Importer(815301076,1909f56bfc062723c751e8b465ee728b)
Start importing Assets/Sprites/TilePalette/Palettes/Traumatism_tileset_177.asset using Guid(f0c81415ca24c2b488c32ae74721d39a) Importer(815301076,1909f56bfc062723c751e8b465ee728b)  -> (artifact id: '5ea21c917bdbbc76e2f3f93b3a07cc96') in 0.007935 seconds 
========================================================================
Received Import Request.
  Time since last request: 0.000016 seconds.
  path: Assets/Sprites/TilePalette/Palettes/Traumatism_tileset_189.asset
  artifactKey: Guid(e6ede9eff561c4548879b186d6021bae) Importer(815301076,1909f56bfc062723c751e8b465ee728b)
Start importing Assets/Sprites/TilePalette/Palettes/Traumatism_tileset_189.asset using Guid(e6ede9eff561c4548879b186d6021bae) Importer(815301076,1909f56bfc062723c751e8b465ee728b)  -> (artifact id: '0d298ba86f4a47aee5aa70bc24859bfd') in 0.008845 seconds 
========================================================================
Received Import Request.
  Time since last request: 0.000015 seconds.
  path: Assets/Sprites/TilePalette/Palettes/Traumatism_tileset_161.asset
  artifactKey: Guid(f97933aea3d8bc74d900bbd4ba1e5391) Importer(815301076,1909f56bfc062723c751e8b465ee728b)
Start importing Assets/Sprites/TilePalette/Palettes/Traumatism_tileset_161.asset using Guid(f97933aea3d8bc74d900bbd4ba1e5391) Importer(815301076,1909f56bfc062723c751e8b465ee728b)  -> (artifact id: '519baca044c1b80f5847aa8065926730') in 0.017448 seconds 
========================================================================
Received Import Request.
  Time since last request: 0.000013 seconds.
  path: Assets/Sprites/TilePalette/Palettes/Traumatism_tileset_178.asset
  artifactKey: Guid(c6331c889a2c5e24eabdc1bef5b365c9) Importer(815301076,1909f56bfc062723c751e8b465ee728b)
Start importing Assets/Sprites/TilePalette/Palettes/Traumatism_tileset_178.asset using Guid(c6331c889a2c5e24eabdc1bef5b365c9) Importer(815301076,1909f56bfc062723c751e8b465ee728b)  -> (artifact id: 'd7c682d99247b89633fc4d48871a4d05') in 0.008778 seconds 
========================================================================
Received Import Request.
  Time since last request: 0.000015 seconds.
  path: Assets/Sprites/TilePalette/Palettes/Traumatism_tileset_160.asset
  artifactKey: Guid(93af81ed4ea26ea4c90703263fda7923) Importer(815301076,1909f56bfc062723c751e8b465ee728b)
Start importing Assets/Sprites/TilePalette/Palettes/Traumatism_tileset_160.asset using Guid(93af81ed4ea26ea4c90703263fda7923) Importer(815301076,1909f56bfc062723c751e8b465ee728b)  -> (artifact id: 'b6533c36a1032d2961024a0a4e18c89a') in 0.007258 seconds 
========================================================================
Received Import Request.
  Time since last request: 0.000018 seconds.
  path: Assets/Sprites/TilePalette/Palettes/Traumatism_tileset_158.asset
  artifactKey: Guid(26e07d087ef0fae4cbb7db95914de410) Importer(815301076,1909f56bfc062723c751e8b465ee728b)
Start importing Assets/Sprites/TilePalette/Palettes/Traumatism_tileset_158.asset using Guid(26e07d087ef0fae4cbb7db95914de410) Importer(815301076,1909f56bfc062723c751e8b465ee728b)  -> (artifact id: '1626150b517a8b1ad884d3d1455969c2') in 0.006745 seconds 
========================================================================
Received Import Request.
  Time since last request: 0.000021 seconds.
  path: Assets/Sprites/TilePalette/Palettes/Traumatism_tileset_176.asset
  artifactKey: Guid(088e35008669f5041b214a4b00db58e3) Importer(815301076,1909f56bfc062723c751e8b465ee728b)
Start importing Assets/Sprites/TilePalette/Palettes/Traumatism_tileset_176.asset using Guid(088e35008669f5041b214a4b00db58e3) Importer(815301076,1909f56bfc062723c751e8b465ee728b)  -> (artifact id: '75e63baf760287669d71733f16615246') in 0.007707 seconds 
========================================================================
Received Import Request.
  Time since last request: 0.000024 seconds.
  path: Assets/Sprites/TilePalette/Palettes/Traumatism_tileset_157.asset
  artifactKey: Guid(7c5f07f4c72454d48b7d97a933adb3ee) Importer(815301076,1909f56bfc062723c751e8b465ee728b)
Start importing Assets/Sprites/TilePalette/Palettes/Traumatism_tileset_157.asset using Guid(7c5f07f4c72454d48b7d97a933adb3ee) Importer(815301076,1909f56bfc062723c751e8b465ee728b)  -> (artifact id: '5dc3b443497305d5a2d705457e01527d') in 0.009530 seconds 
========================================================================
Received Import Request.
  Time since last request: 0.000013 seconds.
  path: Assets/Sprites/TilePalette/Palettes/Traumatism_tileset_195.asset
  artifactKey: Guid(ea421d82d35841b4db2f1e65cc726bb7) Importer(815301076,1909f56bfc062723c751e8b465ee728b)
Start importing Assets/Sprites/TilePalette/Palettes/Traumatism_tileset_195.asset using Guid(ea421d82d35841b4db2f1e65cc726bb7) Importer(815301076,1909f56bfc062723c751e8b465ee728b)  -> (artifact id: 'adb478ba2e09bdd85283da6b25b99145') in 0.007814 seconds 
========================================================================
Received Import Request.
  Time since last request: 0.000014 seconds.
  path: Assets/Sprites/TilePalette/Palettes/Traumatism_tileset_185.asset
  artifactKey: Guid(ecbdab8eaf641b646bb43d85dd19f6ad) Importer(815301076,1909f56bfc062723c751e8b465ee728b)
Start importing Assets/Sprites/TilePalette/Palettes/Traumatism_tileset_185.asset using Guid(ecbdab8eaf641b646bb43d85dd19f6ad) Importer(815301076,1909f56bfc062723c751e8b465ee728b)  -> (artifact id: '942c160952884606c94836b67639863f') in 0.007955 seconds 
========================================================================
Received Import Request.
  Time since last request: 14.154555 seconds.
  path: Assets/Sprites/TilePalette
  artifactKey: Guid(76fe8e3b61410fe43b2dcece31160dfd) Importer(815301076,1909f56bfc062723c751e8b465ee728b)
Start importing Assets/Sprites/TilePalette using Guid(76fe8e3b61410fe43b2dcece31160dfd) Importer(815301076,1909f56bfc062723c751e8b465ee728b)  -> (artifact id: 'bd2110cd4c887476286cec86b3047dd4') in 0.004555 seconds 
========================================================================
Received Import Request.
  Time since last request: 27.357783 seconds.
  path: Assets/Sprites/TilePalette/v1_traumatism_o.asset
  artifactKey: Guid(9d16fb85f7c2ab449a5f5be6c0f25d6f) Importer(815301076,1909f56bfc062723c751e8b465ee728b)
Start importing Assets/Sprites/TilePalette/v1_traumatism_o.asset using Guid(9d16fb85f7c2ab449a5f5be6c0f25d6f) Importer(815301076,1909f56bfc062723c751e8b465ee728b)  -> (artifact id: '57929b9c9b93a2a7d9b4ff3f11c87909') in 0.008096 seconds 
========================================================================
Received Import Request.
  Time since last request: 2.835244 seconds.
  path: Assets/Sprites/TilePalette/Traumatism_v1.prefab
  artifactKey: Guid(d6d5b82f8c0d57d41ab7f85317f3cdee) Importer(815301076,1909f56bfc062723c751e8b465ee728b)
Start importing Assets/Sprites/TilePalette/Traumatism_v1.prefab using Guid(d6d5b82f8c0d57d41ab7f85317f3cdee) Importer(815301076,1909f56bfc062723c751e8b465ee728b)  -> (artifact id: '296c48dc6f2748d9fe441ba5d3e2599e') in 0.105589 seconds 
========================================================================
Received Import Request.
  Time since last request: 1690.227456 seconds.
  path: Assets/Sprites/TilePalette/New Rule Tile.asset
  artifactKey: Guid(184029972044e4e4e97332be8ffa924e) Importer(815301076,1909f56bfc062723c751e8b465ee728b)
Start importing Assets/Sprites/TilePalette/New Rule Tile.asset using Guid(184029972044e4e4e97332be8ffa924e) Importer(815301076,1909f56bfc062723c751e8b465ee728b)  -> (artifact id: 'd4b94f3254e1c79479642832aef91230') in 0.005783 seconds 
