Using pre-set license
Built from '2021.2/staging' branch; Version is '2021.2.7f1 (6bd9e232123f) revision 7068130'; Using compiler version '192829333'; Build Type 'Release'
OS: 'Windows 11  (10.0.22000) 64bit Professional' Language: 'en' Physical Memory: 32689 MB
BatchMode: 1, IsHumanControllingUs: 0, StartBugReporterOnCrash: 0, Is64bit: 1, IsPro: 0

COMMAND LINE ARGUMENTS:
C:\Program Files\Unity\Hub\Editor\2021.2.7f1\Editor\Unity.exe
-adb2
-batchMode
-noUpm
-name
AssetImportWorker11
-projectPath
C:/Users/madal/OneDrive/!Platformer/Untitled Platformer
-logFile
Logs/AssetImportWorker11.log
-srvPort
51361
Successfully changed project path to: C:/Users/madal/OneDrive/!Platformer/Untitled Platformer
C:/Users/madal/OneDrive/!Platformer/Untitled Platformer
[UnityMemory] Configuration Parameters - Can be set up in boot.config
    "memorysetup-bucket-allocator-granularity=16"
    "memorysetup-bucket-allocator-bucket-count=8"
    "memorysetup-bucket-allocator-block-size=33554432"
    "memorysetup-bucket-allocator-block-count=8"
    "memorysetup-main-allocator-block-size=16777216"
    "memorysetup-thread-allocator-block-size=16777216"
    "memorysetup-gfx-main-allocator-block-size=16777216"
    "memorysetup-gfx-thread-allocator-block-size=16777216"
    "memorysetup-cache-allocator-block-size=4194304"
    "memorysetup-typetree-allocator-block-size=2097152"
    "memorysetup-profiler-bucket-allocator-granularity=16"
    "memorysetup-profiler-bucket-allocator-bucket-count=8"
    "memorysetup-profiler-bucket-allocator-block-size=33554432"
    "memorysetup-profiler-bucket-allocator-block-count=8"
    "memorysetup-profiler-allocator-block-size=16777216"
    "memorysetup-profiler-editor-allocator-block-size=1048576"
    "memorysetup-temp-allocator-size-main=16777216"
    "memorysetup-job-temp-allocator-block-size=2097152"
    "memorysetup-job-temp-allocator-block-size-background=1048576"
    "memorysetup-job-temp-allocator-reduction-small-platforms=262144"
    "memorysetup-temp-allocator-size-background-worker=32768"
    "memorysetup-temp-allocator-size-job-worker=262144"
    "memorysetup-temp-allocator-size-preload-manager=33554432"
    "memorysetup-temp-allocator-size-nav-mesh-worker=65536"
    "memorysetup-temp-allocator-size-audio-worker=65536"
    "memorysetup-temp-allocator-size-cloud-worker=32768"
    "memorysetup-temp-allocator-size-gi-baking-worker=262144"
    "memorysetup-temp-allocator-size-gfx=262144"
Refreshing native plugins compatible for Editor in 36.83 ms, found 3 plugins.
Preloading 0 native plugins for Editor in 0.00 ms.
Initialize engine version: 2021.2.7f1 (6bd9e232123f)
[Subsystems] Discovering subsystems at path C:/Program Files/Unity/Hub/Editor/2021.2.7f1/Editor/Data/Resources/UnitySubsystems
[Subsystems] Discovering subsystems at path C:/Users/madal/OneDrive/!Platformer/Untitled Platformer/Assets
GfxDevice: creating device client; threaded=0; jobified=0
Direct3D:
    Version:  Direct3D 11.0 [level 11.1]
    Renderer: NVIDIA GeForce RTX 2080 Ti (ID=0x1e07)
    Vendor:   NVIDIA
    VRAM:     11049 MB
    Driver:   30.0.14.9676
Initialize mono
Mono path[0] = 'C:/Program Files/Unity/Hub/Editor/2021.2.7f1/Editor/Data/Managed'
Mono path[1] = 'C:/Program Files/Unity/Hub/Editor/2021.2.7f1/Editor/Data/MonoBleedingEdge/lib/mono/unityjit-win32'
Mono config path = 'C:/Program Files/Unity/Hub/Editor/2021.2.7f1/Editor/Data/MonoBleedingEdge/etc'
Using monoOptions --debugger-agent=transport=dt_socket,embedding=1,server=y,suspend=n,address=127.0.0.1:56492
Begin MonoManager ReloadAssembly
Registering precompiled unity dll's ...
Register platform support module: C:/Program Files/Unity/Hub/Editor/2021.2.7f1/Editor/Data/PlaybackEngines/WindowsStandaloneSupport/UnityEditor.WindowsStandalone.Extensions.dll
Registered in 0.003850 seconds.
Native extension for WindowsStandalone target not found
Refreshing native plugins compatible for Editor in 32.81 ms, found 3 plugins.
Preloading 0 native plugins for Editor in 0.00 ms.
Mono: successfully reloaded assembly
- Completed reload, in  0.424 seconds
Domain Reload Profiling:
	ReloadAssembly (424ms)
		BeginReloadAssembly (54ms)
			ExecutionOrderSort (0ms)
			DisableScriptedObjects (0ms)
			BackupInstance (0ms)
			ReleaseScriptingObjects (0ms)
			CreateAndSetChildDomain (1ms)
		EndReloadAssembly (314ms)
			LoadAssemblies (52ms)
			RebuildTransferFunctionScriptingTraits (0ms)
			SetupTypeCache (66ms)
			ReleaseScriptCaches (0ms)
			RebuildScriptCaches (18ms)
			SetupLoadedEditorAssemblies (190ms)
				LogAssemblyErrors (0ms)
				InitializePlatformSupportModulesInManaged (15ms)
				SetLoadedEditorAssemblies (0ms)
				RefreshPlugins (33ms)
				BeforeProcessingInitializeOnLoad (1ms)
				ProcessInitializeOnLoadAttributes (108ms)
				ProcessInitializeOnLoadMethodAttributes (34ms)
				AfterProcessingInitializeOnLoad (0ms)
				EditorAssembliesLoaded (0ms)
			ExecutionOrderSort2 (0ms)
			AwakeInstancesAfterBackupRestoration (0ms)
Platform modules already initialized, skipping
Registering precompiled user dll's ...
Registered in 0.006625 seconds.
Begin MonoManager ReloadAssembly
Native extension for WindowsStandalone target not found
Refreshing native plugins compatible for Editor in 35.33 ms, found 3 plugins.
Preloading 0 native plugins for Editor in 0.00 ms.
Mono: successfully reloaded assembly
- Completed reload, in  1.140 seconds
Domain Reload Profiling:
	ReloadAssembly (1140ms)
		BeginReloadAssembly (88ms)
			ExecutionOrderSort (0ms)
			DisableScriptedObjects (5ms)
			BackupInstance (0ms)
			ReleaseScriptingObjects (0ms)
			CreateAndSetChildDomain (17ms)
		EndReloadAssembly (979ms)
			LoadAssemblies (62ms)
			RebuildTransferFunctionScriptingTraits (0ms)
			SetupTypeCache (141ms)
			ReleaseScriptCaches (0ms)
			RebuildScriptCaches (38ms)
			SetupLoadedEditorAssemblies (706ms)
				LogAssemblyErrors (0ms)
				InitializePlatformSupportModulesInManaged (8ms)
				SetLoadedEditorAssemblies (0ms)
				RefreshPlugins (35ms)
				BeforeProcessingInitializeOnLoad (51ms)
				ProcessInitializeOnLoadAttributes (579ms)
				ProcessInitializeOnLoadMethodAttributes (26ms)
				AfterProcessingInitializeOnLoad (5ms)
				EditorAssembliesLoaded (0ms)
			ExecutionOrderSort2 (0ms)
			AwakeInstancesAfterBackupRestoration (4ms)
Platform modules already initialized, skipping
========================================================================
Worker process is ready to serve import requests
Launched and connected shader compiler UnityShaderCompiler.exe after 0.04 seconds
Refreshing native plugins compatible for Editor in 0.75 ms, found 3 plugins.
Preloading 0 native plugins for Editor in 0.00 ms.
Unloading 2520 Unused Serialized files (Serialized files now loaded: 0)
Unloading 47 unused Assets / (129.5 KB). Loaded Objects now: 2981.
Memory consumption went from 114.7 MB to 114.6 MB.
Total: 3.374900 ms (FindLiveObjects: 0.300600 ms CreateObjectMapping: 0.078100 ms MarkObjects: 2.908200 ms  DeleteObjects: 0.087200 ms)

AssetImportParameters requested are different than current active one (requested -> active):
  custom:video-decoder-ogg-theora: a1e56fd34408186e4bbccfd4996cb3dc -> 
  custom:container-muxer-webm: aa71ff27fc2769a1b78a27578f13a17b -> 
  custom:container-demuxer-webm: 4f35f7cbe854078d1ac9338744f61a02 -> 
  custom:video-encoder-webm-vp8: eb34c28f22e8b96e1ab97ce403110664 -> 
  custom:audio-encoder-webm-vorbis: bf7c407c2cedff20999df2af8eb42d56 -> 
  custom:framework-win-MediaFoundation: 216162199b28c13a410421893ffa2e32 -> 
  custom:container-demuxer-ogg: 62fdf1f143b41e24485cea50d1cbac27 -> 
  custom:video-decoder-webm-vp8: 9c59270c3fd7afecdb556c50c9e8de78 -> 
  custom:audio-decoder-ogg-vorbis: bf7c407c2cedff20999df2af8eb42d56 -> 
========================================================================
Received Import Request.
  Time since last request: 1147133.424428 seconds.
  path: Assets/Sprites/TilePalette/Palettes/Traumatism_tileset_56.asset
  artifactKey: Guid(4231139bd17358b459a7831d37120f29) Importer(815301076,1909f56bfc062723c751e8b465ee728b)
Start importing Assets/Sprites/TilePalette/Palettes/Traumatism_tileset_56.asset using Guid(4231139bd17358b459a7831d37120f29) Importer(815301076,1909f56bfc062723c751e8b465ee728b)  -> (artifact id: '2f2b2d7d1df5c64c0851b9750e87dd76') in 0.050261 seconds 
========================================================================
Received Import Request.
  Time since last request: 0.000018 seconds.
  path: Assets/Sprites/TilePalette/Palettes/Traumatism_tileset_114.asset
  artifactKey: Guid(3d141a1380f983e4bb25e25ec4ca39f4) Importer(815301076,1909f56bfc062723c751e8b465ee728b)
Start importing Assets/Sprites/TilePalette/Palettes/Traumatism_tileset_114.asset using Guid(3d141a1380f983e4bb25e25ec4ca39f4) Importer(815301076,1909f56bfc062723c751e8b465ee728b)  -> (artifact id: '51eac22a87f60f9df5caefb9c38448bb') in 0.006437 seconds 
========================================================================
Received Import Request.
  Time since last request: 0.000020 seconds.
  path: Assets/Sprites/TilePalette/Palettes/Traumatism_tileset_80.asset
  artifactKey: Guid(d6f6a4f00f54c184db677320d5f8e102) Importer(815301076,1909f56bfc062723c751e8b465ee728b)
Start importing Assets/Sprites/TilePalette/Palettes/Traumatism_tileset_80.asset using Guid(d6f6a4f00f54c184db677320d5f8e102) Importer(815301076,1909f56bfc062723c751e8b465ee728b)  -> (artifact id: '3c1fbbc65e59d844b9dc8c03536174e7') in 0.006152 seconds 
========================================================================
Received Import Request.
  Time since last request: 0.000013 seconds.
  path: Assets/Sprites/TilePalette/Palettes/Traumatism_tileset_132.asset
  artifactKey: Guid(4ab375de69821f640bedb6bb78c41589) Importer(815301076,1909f56bfc062723c751e8b465ee728b)
Start importing Assets/Sprites/TilePalette/Palettes/Traumatism_tileset_132.asset using Guid(4ab375de69821f640bedb6bb78c41589) Importer(815301076,1909f56bfc062723c751e8b465ee728b)  -> (artifact id: 'a759b2761fbefc8c9cdf53cae4cbaf6c') in 0.006586 seconds 
========================================================================
Received Import Request.
  Time since last request: 0.000014 seconds.
  path: Assets/Sprites/TilePalette/Palettes/Traumatism_tileset_141.asset
  artifactKey: Guid(7cfd1c0fec9d2204eb4b1b35b9b369e0) Importer(815301076,1909f56bfc062723c751e8b465ee728b)
Start importing Assets/Sprites/TilePalette/Palettes/Traumatism_tileset_141.asset using Guid(7cfd1c0fec9d2204eb4b1b35b9b369e0) Importer(815301076,1909f56bfc062723c751e8b465ee728b)  -> (artifact id: '43c2d319aacfc5b31ff46c9b62867680') in 0.006729 seconds 
========================================================================
Received Import Request.
  Time since last request: 0.000013 seconds.
  path: Assets/Sprites/TilePalette/Palettes/Traumatism_tileset_109.asset
  artifactKey: Guid(79134ac6ceab12444b626480b93064b6) Importer(815301076,1909f56bfc062723c751e8b465ee728b)
Start importing Assets/Sprites/TilePalette/Palettes/Traumatism_tileset_109.asset using Guid(79134ac6ceab12444b626480b93064b6) Importer(815301076,1909f56bfc062723c751e8b465ee728b)  -> (artifact id: 'e5b88b882ed1cf7180698773d31435b8') in 0.004960 seconds 
========================================================================
Received Import Request.
  Time since last request: 0.000014 seconds.
  path: Assets/Sprites/TilePalette/Palettes/Traumatism_tileset_161.asset
  artifactKey: Guid(f97933aea3d8bc74d900bbd4ba1e5391) Importer(815301076,1909f56bfc062723c751e8b465ee728b)
Start importing Assets/Sprites/TilePalette/Palettes/Traumatism_tileset_161.asset using Guid(f97933aea3d8bc74d900bbd4ba1e5391) Importer(815301076,1909f56bfc062723c751e8b465ee728b)  -> (artifact id: '45afdbdcc71e1ccf16b8eff58f83f17b') in 0.005380 seconds 
========================================================================
Received Import Request.
  Time since last request: 0.000013 seconds.
  path: Assets/Sprites/TilePalette/Palettes/Traumatism_tileset_142.asset
  artifactKey: Guid(e3b8a1217ad32044d8775863745eab32) Importer(815301076,1909f56bfc062723c751e8b465ee728b)
Start importing Assets/Sprites/TilePalette/Palettes/Traumatism_tileset_142.asset using Guid(e3b8a1217ad32044d8775863745eab32) Importer(815301076,1909f56bfc062723c751e8b465ee728b)  -> (artifact id: '0e5ca4fb71d5fa3a5c40d39f60e39b42') in 0.007439 seconds 
========================================================================
Received Import Request.
  Time since last request: 0.000013 seconds.
  path: Assets/Sprites/TilePalette/Palettes/Traumatism_tileset_177.asset
  artifactKey: Guid(f0c81415ca24c2b488c32ae74721d39a) Importer(815301076,1909f56bfc062723c751e8b465ee728b)
Start importing Assets/Sprites/TilePalette/Palettes/Traumatism_tileset_177.asset using Guid(f0c81415ca24c2b488c32ae74721d39a) Importer(815301076,1909f56bfc062723c751e8b465ee728b)  -> (artifact id: 'e836b03534bcfd505088828874e3798d') in 0.007750 seconds 
========================================================================
Received Import Request.
  Time since last request: 0.000016 seconds.
  path: Assets/Sprites/TilePalette/Palettes/Traumatism_tileset_180.asset
  artifactKey: Guid(cef8b08116096194ca7881c2e10cff5f) Importer(815301076,1909f56bfc062723c751e8b465ee728b)
Start importing Assets/Sprites/TilePalette/Palettes/Traumatism_tileset_180.asset using Guid(cef8b08116096194ca7881c2e10cff5f) Importer(815301076,1909f56bfc062723c751e8b465ee728b)  -> (artifact id: 'd632aacb8e6c35b3fde24f82f165951f') in 0.007711 seconds 
========================================================================
Received Import Request.
  Time since last request: 0.000013 seconds.
  path: Assets/Sprites/TilePalette/Palettes/Traumatism_tileset_172.asset
  artifactKey: Guid(d5b0ce39cd102464fa62da3a4457aca1) Importer(815301076,1909f56bfc062723c751e8b465ee728b)
Start importing Assets/Sprites/TilePalette/Palettes/Traumatism_tileset_172.asset using Guid(d5b0ce39cd102464fa62da3a4457aca1) Importer(815301076,1909f56bfc062723c751e8b465ee728b)  -> (artifact id: '78bcf04a986d27137dd18a040659ca4d') in 0.006714 seconds 
========================================================================
Received Import Request.
  Time since last request: 0.000016 seconds.
  path: Assets/Sprites/TilePalette/Palettes/Traumatism_tileset_86.asset
  artifactKey: Guid(82336b1c521dd3c4fb60debc1c02c78a) Importer(815301076,1909f56bfc062723c751e8b465ee728b)
Start importing Assets/Sprites/TilePalette/Palettes/Traumatism_tileset_86.asset using Guid(82336b1c521dd3c4fb60debc1c02c78a) Importer(815301076,1909f56bfc062723c751e8b465ee728b)  -> (artifact id: '358625594c35f481dff0fff2509fa9e6') in 0.005310 seconds 
========================================================================
Received Import Request.
  Time since last request: 0.000013 seconds.
  path: Assets/Sprites/TilePalette/Palettes/Traumatism_tileset_195.asset
  artifactKey: Guid(ea421d82d35841b4db2f1e65cc726bb7) Importer(815301076,1909f56bfc062723c751e8b465ee728b)
Start importing Assets/Sprites/TilePalette/Palettes/Traumatism_tileset_195.asset using Guid(ea421d82d35841b4db2f1e65cc726bb7) Importer(815301076,1909f56bfc062723c751e8b465ee728b)  -> (artifact id: 'd0a2005ec7597a67711b6019b736a31b') in 0.007798 seconds 
========================================================================
Received Import Request.
  Time since last request: 0.000014 seconds.
  path: Assets/Sprites/TilePalette/Palettes/Traumatism_tileset_128.asset
  artifactKey: Guid(527a424fe2985a241bd5b8b7540cdacc) Importer(815301076,1909f56bfc062723c751e8b465ee728b)
Start importing Assets/Sprites/TilePalette/Palettes/Traumatism_tileset_128.asset using Guid(527a424fe2985a241bd5b8b7540cdacc) Importer(815301076,1909f56bfc062723c751e8b465ee728b)  -> (artifact id: '0a40b64f876ae13389c8cf5a0831b85a') in 0.007968 seconds 
========================================================================
Received Import Request.
  Time since last request: 0.000017 seconds.
  path: Assets/Sprites/TilePalette/Palettes/Traumatism_tileset_136.asset
  artifactKey: Guid(632f2a17d4e9d8b44b213733a37749f7) Importer(815301076,1909f56bfc062723c751e8b465ee728b)
Start importing Assets/Sprites/TilePalette/Palettes/Traumatism_tileset_136.asset using Guid(632f2a17d4e9d8b44b213733a37749f7) Importer(815301076,1909f56bfc062723c751e8b465ee728b)  -> (artifact id: '31d22331263a1b015f83038060f32c13') in 0.007817 seconds 
========================================================================
Received Import Request.
  Time since last request: 0.000014 seconds.
  path: Assets/Sprites/TilePalette/Palettes/Traumatism_tileset_131.asset
  artifactKey: Guid(8a27f694291e22247bfc0a203dabb7a7) Importer(815301076,1909f56bfc062723c751e8b465ee728b)
Start importing Assets/Sprites/TilePalette/Palettes/Traumatism_tileset_131.asset using Guid(8a27f694291e22247bfc0a203dabb7a7) Importer(815301076,1909f56bfc062723c751e8b465ee728b)  -> (artifact id: 'f10bff70ef6cdc8a954b617fa82e0d30') in 0.007747 seconds 
========================================================================
Received Import Request.
  Time since last request: 0.000020 seconds.
  path: Assets/Sprites/TilePalette/Palettes/Traumatism_tileset_143.asset
  artifactKey: Guid(d6efa4ed763d4ca40b07b5b316bba055) Importer(815301076,1909f56bfc062723c751e8b465ee728b)
Start importing Assets/Sprites/TilePalette/Palettes/Traumatism_tileset_143.asset using Guid(d6efa4ed763d4ca40b07b5b316bba055) Importer(815301076,1909f56bfc062723c751e8b465ee728b)  -> (artifact id: '2ef15356ee8592d3cb239147d722667b') in 0.006401 seconds 
========================================================================
Received Import Request.
  Time since last request: 0.000015 seconds.
  path: Assets/Sprites/TilePalette/Palettes/Traumatism_tileset_58.asset
  artifactKey: Guid(fa52ed202c1c3604bb1d26d06cbc1ca1) Importer(815301076,1909f56bfc062723c751e8b465ee728b)
Start importing Assets/Sprites/TilePalette/Palettes/Traumatism_tileset_58.asset using Guid(fa52ed202c1c3604bb1d26d06cbc1ca1) Importer(815301076,1909f56bfc062723c751e8b465ee728b)  -> (artifact id: 'de8e8cde9e3d314157de2bbec5a7373e') in 0.004113 seconds 
========================================================================
Received Import Request.
  Time since last request: 0.000017 seconds.
  path: Assets/Sprites/TilePalette/Palettes/Traumatism_tileset_179.asset
  artifactKey: Guid(6893c1f6afb075b479f0960a6de55b28) Importer(815301076,1909f56bfc062723c751e8b465ee728b)
Start importing Assets/Sprites/TilePalette/Palettes/Traumatism_tileset_179.asset using Guid(6893c1f6afb075b479f0960a6de55b28) Importer(815301076,1909f56bfc062723c751e8b465ee728b)  -> (artifact id: '2c957c13d6ebbd7c2f71f4e2bc303e22') in 0.004828 seconds 
========================================================================
Received Import Request.
  Time since last request: 0.000013 seconds.
  path: Assets/Sprites/TilePalette/Palettes/Traumatism_tileset_133.asset
  artifactKey: Guid(ed7eac1554a33024993793668e95063a) Importer(815301076,1909f56bfc062723c751e8b465ee728b)
Start importing Assets/Sprites/TilePalette/Palettes/Traumatism_tileset_133.asset using Guid(ed7eac1554a33024993793668e95063a) Importer(815301076,1909f56bfc062723c751e8b465ee728b)  -> (artifact id: 'fe3ba2ed71122007e644b1971bfb373b') in 0.006907 seconds 
========================================================================
Received Import Request.
  Time since last request: 0.000017 seconds.
  path: Assets/Sprites/TilePalette/Palettes/Traumatism_tileset_70.asset
  artifactKey: Guid(b38c6843d16adfb4ea214c1bcaf17f4d) Importer(815301076,1909f56bfc062723c751e8b465ee728b)
Start importing Assets/Sprites/TilePalette/Palettes/Traumatism_tileset_70.asset using Guid(b38c6843d16adfb4ea214c1bcaf17f4d) Importer(815301076,1909f56bfc062723c751e8b465ee728b)  -> (artifact id: '91dbbfceb666b10b8bcee5b0b57da82e') in 0.004648 seconds 
========================================================================
Received Import Request.
  Time since last request: 0.000013 seconds.
  path: Assets/Sprites/TilePalette/Palettes/Traumatism_tileset_191.asset
  artifactKey: Guid(aa2ae9667d80666448b421d4f3ddd9eb) Importer(815301076,1909f56bfc062723c751e8b465ee728b)
Start importing Assets/Sprites/TilePalette/Palettes/Traumatism_tileset_191.asset using Guid(aa2ae9667d80666448b421d4f3ddd9eb) Importer(815301076,1909f56bfc062723c751e8b465ee728b)  -> (artifact id: '6b5f8618895523a9148818f4aba100b0') in 0.004431 seconds 
========================================================================
Received Import Request.
  Time since last request: 0.000019 seconds.
  path: Assets/Sprites/TilePalette/Palettes/Traumatism_tileset_64.asset
  artifactKey: Guid(d5ceea96afe0a024982a49268ecd2f49) Importer(815301076,1909f56bfc062723c751e8b465ee728b)
Start importing Assets/Sprites/TilePalette/Palettes/Traumatism_tileset_64.asset using Guid(d5ceea96afe0a024982a49268ecd2f49) Importer(815301076,1909f56bfc062723c751e8b465ee728b)  -> (artifact id: 'c7a117d2c16ed8c04d5d6d0b076896f6') in 0.004990 seconds 
========================================================================
Received Import Request.
  Time since last request: 0.000022 seconds.
  path: Assets/Sprites/TilePalette/Palettes/Traumatism_tileset_82.asset
  artifactKey: Guid(858f61d09ba6d0345bb7130d6e6530bf) Importer(815301076,1909f56bfc062723c751e8b465ee728b)
Start importing Assets/Sprites/TilePalette/Palettes/Traumatism_tileset_82.asset using Guid(858f61d09ba6d0345bb7130d6e6530bf) Importer(815301076,1909f56bfc062723c751e8b465ee728b)  -> (artifact id: '8b348cc9249784144e8851de3896dc78') in 0.007185 seconds 
========================================================================
Received Import Request.
  Time since last request: 0.000015 seconds.
  path: Assets/Sprites/TilePalette/Palettes/Traumatism_tileset_139.asset
  artifactKey: Guid(a367807dd3ee115418bed234a11ef7c2) Importer(815301076,1909f56bfc062723c751e8b465ee728b)
Start importing Assets/Sprites/TilePalette/Palettes/Traumatism_tileset_139.asset using Guid(a367807dd3ee115418bed234a11ef7c2) Importer(815301076,1909f56bfc062723c751e8b465ee728b)  -> (artifact id: '631d4d7a316390ce8616dc1371127a5b') in 0.006946 seconds 
========================================================================
Received Import Request.
  Time since last request: 0.000014 seconds.
  path: Assets/Sprites/TilePalette/Palettes/Traumatism_tileset_158.asset
  artifactKey: Guid(26e07d087ef0fae4cbb7db95914de410) Importer(815301076,1909f56bfc062723c751e8b465ee728b)
Start importing Assets/Sprites/TilePalette/Palettes/Traumatism_tileset_158.asset using Guid(26e07d087ef0fae4cbb7db95914de410) Importer(815301076,1909f56bfc062723c751e8b465ee728b)  -> (artifact id: 'a3bdbd249b3ef3bbca96a31980ad6f5d') in 0.007766 seconds 
========================================================================
Received Import Request.
  Time since last request: 0.000015 seconds.
  path: Assets/Sprites/TilePalette/Palettes/Traumatism_tileset_66.asset
  artifactKey: Guid(c39583d73fcbae74e82bf9e943d4858f) Importer(815301076,1909f56bfc062723c751e8b465ee728b)
Start importing Assets/Sprites/TilePalette/Palettes/Traumatism_tileset_66.asset using Guid(c39583d73fcbae74e82bf9e943d4858f) Importer(815301076,1909f56bfc062723c751e8b465ee728b)  -> (artifact id: '6b567a38effd6431246eb0560717cd7d') in 0.007923 seconds 
========================================================================
Received Import Request.
  Time since last request: 0.000016 seconds.
  path: Assets/Sprites/TilePalette/Palettes/Traumatism_tileset_148.asset
  artifactKey: Guid(6eb89e89f01747945b98a0f28acee60f) Importer(815301076,1909f56bfc062723c751e8b465ee728b)
Start importing Assets/Sprites/TilePalette/Palettes/Traumatism_tileset_148.asset using Guid(6eb89e89f01747945b98a0f28acee60f) Importer(815301076,1909f56bfc062723c751e8b465ee728b)  -> (artifact id: 'dedc4c0a9996a4b9a26a800bd7da8f16') in 0.007142 seconds 
========================================================================
Received Import Request.
  Time since last request: 395.116630 seconds.
  path: Assets/Sprites/Tilemap/Traumatism_tileset.png
  artifactKey: Guid(53f762f202f261d46b15a3351ec1dc4d) Importer(815301076,1909f56bfc062723c751e8b465ee728b)
Start importing Assets/Sprites/Tilemap/Traumatism_tileset.png using Guid(53f762f202f261d46b15a3351ec1dc4d) Importer(815301076,1909f56bfc062723c751e8b465ee728b)  -> (artifact id: 'cbd13e5817caf27b11cc448574e845be') in 0.239062 seconds 
========================================================================
Received Import Request.
  Time since last request: 12.306951 seconds.
  path: Assets/Sprites/Tilemap/Traumatism_tileset.png
  artifactKey: Guid(53f762f202f261d46b15a3351ec1dc4d) Importer(815301076,1909f56bfc062723c751e8b465ee728b)
Start importing Assets/Sprites/Tilemap/Traumatism_tileset.png using Guid(53f762f202f261d46b15a3351ec1dc4d) Importer(815301076,1909f56bfc062723c751e8b465ee728b)  -> (artifact id: '8fd902fc4d534a929301e003a0000ba8') in 0.261657 seconds 
========================================================================
Received Import Request.
  Time since last request: 10.620014 seconds.
  path: Assets/Sprites/TilePalette/Palettes/Traumatism_tileset_0.asset
  artifactKey: Guid(55926012d1312254c863c2a05cfbbcfa) Importer(815301076,1909f56bfc062723c751e8b465ee728b)
Start importing Assets/Sprites/TilePalette/Palettes/Traumatism_tileset_0.asset using Guid(55926012d1312254c863c2a05cfbbcfa) Importer(815301076,1909f56bfc062723c751e8b465ee728b)  -> (artifact id: 'a1aef26ff383e02e36291e207361a084') in 0.006699 seconds 
========================================================================
Received Import Request.
  Time since last request: 0.014265 seconds.
  path: Assets/Sprites/TilePalette/Palettes/Traumatism_tileset_5.asset
  artifactKey: Guid(3cb3362ef136d0b48ad4ec8d7fe43098) Importer(815301076,1909f56bfc062723c751e8b465ee728b)
Start importing Assets/Sprites/TilePalette/Palettes/Traumatism_tileset_5.asset using Guid(3cb3362ef136d0b48ad4ec8d7fe43098) Importer(815301076,1909f56bfc062723c751e8b465ee728b)  -> (artifact id: '06f3aec1bd9849e66b4e01f1e0425a52') in 0.007874 seconds 
========================================================================
Received Import Request.
  Time since last request: 0.000013 seconds.
  path: Assets/Sprites/TilePalette/Palettes/Traumatism_tileset_13.asset
  artifactKey: Guid(205024ae17ab901409f9b687fc610a9d) Importer(815301076,1909f56bfc062723c751e8b465ee728b)
Start importing Assets/Sprites/TilePalette/Palettes/Traumatism_tileset_13.asset using Guid(205024ae17ab901409f9b687fc610a9d) Importer(815301076,1909f56bfc062723c751e8b465ee728b)  -> (artifact id: 'c6fa6e8e24d22fb7d25b7559fca790ec') in 0.005241 seconds 
========================================================================
Received Import Request.
  Time since last request: 0.000016 seconds.
  path: Assets/Sprites/TilePalette/Palettes/Traumatism_tileset_15.asset
  artifactKey: Guid(ee39ad6001517784f8255bb8cd17abd8) Importer(815301076,1909f56bfc062723c751e8b465ee728b)
Start importing Assets/Sprites/TilePalette/Palettes/Traumatism_tileset_15.asset using Guid(ee39ad6001517784f8255bb8cd17abd8) Importer(815301076,1909f56bfc062723c751e8b465ee728b)  -> (artifact id: 'a1954ae5766397b9aaa997e4093045dd') in 0.005930 seconds 
========================================================================
Received Import Request.
  Time since last request: 0.000014 seconds.
  path: Assets/Sprites/TilePalette/Palettes/Traumatism_tileset_14.asset
  artifactKey: Guid(2433b0c453cd75a4da5c18abd308c8fd) Importer(815301076,1909f56bfc062723c751e8b465ee728b)
Start importing Assets/Sprites/TilePalette/Palettes/Traumatism_tileset_14.asset using Guid(2433b0c453cd75a4da5c18abd308c8fd) Importer(815301076,1909f56bfc062723c751e8b465ee728b)  -> (artifact id: 'fd0289cadfc0e54f0869d675eee1ba48') in 0.006987 seconds 
========================================================================
Received Import Request.
  Time since last request: 0.000018 seconds.
  path: Assets/Sprites/TilePalette/Palettes/Traumatism_tileset_7.asset
  artifactKey: Guid(9a9b39795d5fda9439ec13a8de30f34b) Importer(815301076,1909f56bfc062723c751e8b465ee728b)
Start importing Assets/Sprites/TilePalette/Palettes/Traumatism_tileset_7.asset using Guid(9a9b39795d5fda9439ec13a8de30f34b) Importer(815301076,1909f56bfc062723c751e8b465ee728b)  -> (artifact id: '6d95350af9d3ac5eb8c58d055f00aea9') in 0.004921 seconds 
========================================================================
Received Import Request.
  Time since last request: 0.000020 seconds.
  path: Assets/Sprites/TilePalette/Palettes/Traumatism_tileset_16.asset
  artifactKey: Guid(5aef89eb8cee9354b80a34869dd5dfc6) Importer(815301076,1909f56bfc062723c751e8b465ee728b)
Start importing Assets/Sprites/TilePalette/Palettes/Traumatism_tileset_16.asset using Guid(5aef89eb8cee9354b80a34869dd5dfc6) Importer(815301076,1909f56bfc062723c751e8b465ee728b)  -> (artifact id: '99a59c1ba7e0c0c03b6bade0f32e1d51') in 0.005187 seconds 
========================================================================
Received Import Request.
  Time since last request: 0.000013 seconds.
  path: Assets/Sprites/TilePalette/Palettes/Traumatism_tileset_4.asset
  artifactKey: Guid(9797acc2e04c717448f91930c15582d3) Importer(815301076,1909f56bfc062723c751e8b465ee728b)
Start importing Assets/Sprites/TilePalette/Palettes/Traumatism_tileset_4.asset using Guid(9797acc2e04c717448f91930c15582d3) Importer(815301076,1909f56bfc062723c751e8b465ee728b)  -> (artifact id: 'e351f9e211c774ebd9b453c8981e6424') in 0.005431 seconds 
========================================================================
Received Import Request.
  Time since last request: 0.000013 seconds.
  path: Assets/Sprites/TilePalette/Palettes/Traumatism_tileset_2.asset
  artifactKey: Guid(a81ac32b2c7730e47acba324ed1000e2) Importer(815301076,1909f56bfc062723c751e8b465ee728b)
Start importing Assets/Sprites/TilePalette/Palettes/Traumatism_tileset_2.asset using Guid(a81ac32b2c7730e47acba324ed1000e2) Importer(815301076,1909f56bfc062723c751e8b465ee728b)  -> (artifact id: 'f4d1137b5fd9c055d443d02b5b818887') in 0.005109 seconds 
========================================================================
Received Import Request.
  Time since last request: 1.084837 seconds.
  path: Assets/Sprites/TilePalette/Palettes/Traumatism_tileset_17.asset
  artifactKey: Guid(980e37dd011b6a04c90fe2210a1d83f9) Importer(815301076,1909f56bfc062723c751e8b465ee728b)
Start importing Assets/Sprites/TilePalette/Palettes/Traumatism_tileset_17.asset using Guid(980e37dd011b6a04c90fe2210a1d83f9) Importer(815301076,1909f56bfc062723c751e8b465ee728b)  -> (artifact id: '27c5e46a7fa9b7c7af59a77b4a36629f') in 0.007475 seconds 
========================================================================
Received Import Request.
  Time since last request: 0.000019 seconds.
  path: Assets/Sprites/TilePalette/Palettes/Traumatism_tileset_20.asset
  artifactKey: Guid(c3ba7c94fd71b45438c492462a399a31) Importer(815301076,1909f56bfc062723c751e8b465ee728b)
Start importing Assets/Sprites/TilePalette/Palettes/Traumatism_tileset_20.asset using Guid(c3ba7c94fd71b45438c492462a399a31) Importer(815301076,1909f56bfc062723c751e8b465ee728b)  -> (artifact id: '71bfae2e0d36534fe81d028813799123') in 0.007556 seconds 
========================================================================
Received Import Request.
  Time since last request: 0.000018 seconds.
  path: Assets/Sprites/TilePalette/Palettes/Traumatism_tileset_24.asset
  artifactKey: Guid(b09b189870ae03e479cc89adea0f42c3) Importer(815301076,1909f56bfc062723c751e8b465ee728b)
Start importing Assets/Sprites/TilePalette/Palettes/Traumatism_tileset_24.asset using Guid(b09b189870ae03e479cc89adea0f42c3) Importer(815301076,1909f56bfc062723c751e8b465ee728b)  -> (artifact id: 'b3679b4d452f8aeb34e018e4355c4eba') in 0.004305 seconds 
========================================================================
Received Import Request.
  Time since last request: 0.000011 seconds.
  path: Assets/Sprites/TilePalette/Palettes/Traumatism_tileset_22.asset
  artifactKey: Guid(c715a6afa6d736e45ae35cedf4f2726b) Importer(815301076,1909f56bfc062723c751e8b465ee728b)
Start importing Assets/Sprites/TilePalette/Palettes/Traumatism_tileset_22.asset using Guid(c715a6afa6d736e45ae35cedf4f2726b) Importer(815301076,1909f56bfc062723c751e8b465ee728b)  -> (artifact id: 'f1c6d789b2d9ba327a180cd1c5b006db') in 0.004504 seconds 
========================================================================
Received Import Request.
  Time since last request: 0.000012 seconds.
  path: Assets/Sprites/TilePalette/Palettes/Traumatism_tileset_36.asset
  artifactKey: Guid(2f8afd534fd96bc4b98d9832609d6781) Importer(815301076,1909f56bfc062723c751e8b465ee728b)
Start importing Assets/Sprites/TilePalette/Palettes/Traumatism_tileset_36.asset using Guid(2f8afd534fd96bc4b98d9832609d6781) Importer(815301076,1909f56bfc062723c751e8b465ee728b)  -> (artifact id: 'dfdaecf3f22c58134d6d2cb1dce4455a') in 0.006201 seconds 
========================================================================
Received Import Request.
  Time since last request: 0.000013 seconds.
  path: Assets/Sprites/TilePalette/Palettes/Traumatism_tileset_38.asset
  artifactKey: Guid(2f3c5140f1702b44db006c6635ced849) Importer(815301076,1909f56bfc062723c751e8b465ee728b)
Start importing Assets/Sprites/TilePalette/Palettes/Traumatism_tileset_38.asset using Guid(2f3c5140f1702b44db006c6635ced849) Importer(815301076,1909f56bfc062723c751e8b465ee728b)  -> (artifact id: '059e60ed86643130593b655c6b01ef0c') in 0.004867 seconds 
========================================================================
Received Import Request.
  Time since last request: 0.000015 seconds.
  path: Assets/Sprites/TilePalette/Palettes/Traumatism_tileset_37.asset
  artifactKey: Guid(55848d7f9dc73944c9d55f89e7df1717) Importer(815301076,1909f56bfc062723c751e8b465ee728b)
Start importing Assets/Sprites/TilePalette/Palettes/Traumatism_tileset_37.asset using Guid(55848d7f9dc73944c9d55f89e7df1717) Importer(815301076,1909f56bfc062723c751e8b465ee728b)  -> (artifact id: '9ca8ef1ae6fb32167237f32482a31b31') in 0.004924 seconds 
========================================================================
Received Import Request.
  Time since last request: 0.000013 seconds.
  path: Assets/Sprites/TilePalette/Palettes/Traumatism_tileset_48.asset
  artifactKey: Guid(56f6f972462eb5b499fa110bb0e664cb) Importer(815301076,1909f56bfc062723c751e8b465ee728b)
Start importing Assets/Sprites/TilePalette/Palettes/Traumatism_tileset_48.asset using Guid(56f6f972462eb5b499fa110bb0e664cb) Importer(815301076,1909f56bfc062723c751e8b465ee728b)  -> (artifact id: '593b8b1638e2989a27e3e969e7dae163') in 0.004592 seconds 
========================================================================
Received Import Request.
  Time since last request: 0.000012 seconds.
  path: Assets/Sprites/TilePalette/Palettes/Traumatism_tileset_50.asset
  artifactKey: Guid(39c8c0d99060d2a438ca8e7cfa382804) Importer(815301076,1909f56bfc062723c751e8b465ee728b)
Start importing Assets/Sprites/TilePalette/Palettes/Traumatism_tileset_50.asset using Guid(39c8c0d99060d2a438ca8e7cfa382804) Importer(815301076,1909f56bfc062723c751e8b465ee728b)  -> (artifact id: '85b445a7bd8635f85fe9f31b848866dd') in 0.004792 seconds 
========================================================================
Received Import Request.
  Time since last request: 0.000016 seconds.
  path: Assets/Sprites/TilePalette/Palettes/Traumatism_tileset_49.asset
  artifactKey: Guid(2319952b556fe2947afa198794a8fc72) Importer(815301076,1909f56bfc062723c751e8b465ee728b)
Start importing Assets/Sprites/TilePalette/Palettes/Traumatism_tileset_49.asset using Guid(2319952b556fe2947afa198794a8fc72) Importer(815301076,1909f56bfc062723c751e8b465ee728b)  -> (artifact id: '06dcc2be5263feacdab6f9c1836e3fc7') in 0.005381 seconds 
========================================================================
Received Import Request.
  Time since last request: 0.000013 seconds.
  path: Assets/Sprites/TilePalette/Palettes/Traumatism_tileset_60.asset
  artifactKey: Guid(873f0b2118167dc41b7ae86e65f3bd92) Importer(815301076,1909f56bfc062723c751e8b465ee728b)
Start importing Assets/Sprites/TilePalette/Palettes/Traumatism_tileset_60.asset using Guid(873f0b2118167dc41b7ae86e65f3bd92) Importer(815301076,1909f56bfc062723c751e8b465ee728b)  -> (artifact id: '39482e978c1af88b4e28be38dc4f834d') in 0.004417 seconds 
========================================================================
Received Import Request.
  Time since last request: 0.000012 seconds.
  path: Assets/Sprites/TilePalette/Palettes/Traumatism_tileset_53.asset
  artifactKey: Guid(21626d473c700fb459064d9fd6713f87) Importer(815301076,1909f56bfc062723c751e8b465ee728b)
Start importing Assets/Sprites/TilePalette/Palettes/Traumatism_tileset_53.asset using Guid(21626d473c700fb459064d9fd6713f87) Importer(815301076,1909f56bfc062723c751e8b465ee728b)  -> (artifact id: '13616c6b910f644e41e7f1d4f9e2119a') in 0.005196 seconds 
========================================================================
Received Import Request.
  Time since last request: 0.000021 seconds.
  path: Assets/Sprites/TilePalette/Palettes/Traumatism_tileset_119.asset
  artifactKey: Guid(758891a29dbe3ac45bf4f8453719106c) Importer(815301076,1909f56bfc062723c751e8b465ee728b)
Start importing Assets/Sprites/TilePalette/Palettes/Traumatism_tileset_119.asset using Guid(758891a29dbe3ac45bf4f8453719106c) Importer(815301076,1909f56bfc062723c751e8b465ee728b)  -> (artifact id: '4cb383c4bf0237b63d7dfede93ba88c9') in 0.004519 seconds 
========================================================================
Received Import Request.
  Time since last request: 0.000014 seconds.
  path: Assets/Sprites/TilePalette/Palettes/Traumatism_tileset_118.asset
  artifactKey: Guid(6a29534abf923ed4f9c979baa78d7a1f) Importer(815301076,1909f56bfc062723c751e8b465ee728b)
Start importing Assets/Sprites/TilePalette/Palettes/Traumatism_tileset_118.asset using Guid(6a29534abf923ed4f9c979baa78d7a1f) Importer(815301076,1909f56bfc062723c751e8b465ee728b)  -> (artifact id: '8924e4051983834e51aff47a15a111d1') in 0.006320 seconds 
========================================================================
Received Import Request.
  Time since last request: 0.000019 seconds.
  path: Assets/Sprites/TilePalette/Palettes/Traumatism_tileset_132.asset
  artifactKey: Guid(4ab375de69821f640bedb6bb78c41589) Importer(815301076,1909f56bfc062723c751e8b465ee728b)
Start importing Assets/Sprites/TilePalette/Palettes/Traumatism_tileset_132.asset using Guid(4ab375de69821f640bedb6bb78c41589) Importer(815301076,1909f56bfc062723c751e8b465ee728b)  -> (artifact id: 'da741740e49fff5142f7b37483e63c3e') in 0.004367 seconds 
========================================================================
Received Import Request.
  Time since last request: 0.000013 seconds.
  path: Assets/Sprites/TilePalette/Palettes/Traumatism_tileset_140.asset
  artifactKey: Guid(0d6c9660a6e4de148a4e7356ff7f2c66) Importer(815301076,1909f56bfc062723c751e8b465ee728b)
Start importing Assets/Sprites/TilePalette/Palettes/Traumatism_tileset_140.asset using Guid(0d6c9660a6e4de148a4e7356ff7f2c66) Importer(815301076,1909f56bfc062723c751e8b465ee728b)  -> (artifact id: '5ddd08d9ee9936d5fd47d52543ae7841') in 0.005508 seconds 
========================================================================
Received Import Request.
  Time since last request: 0.000012 seconds.
  path: Assets/Sprites/TilePalette/Palettes/Traumatism_tileset_124.asset
  artifactKey: Guid(75c2cdd0f750fe8418d6850263a68083) Importer(815301076,1909f56bfc062723c751e8b465ee728b)
Start importing Assets/Sprites/TilePalette/Palettes/Traumatism_tileset_124.asset using Guid(75c2cdd0f750fe8418d6850263a68083) Importer(815301076,1909f56bfc062723c751e8b465ee728b)  -> (artifact id: '9fb979742a08f9e039a71358500be8a1') in 0.005545 seconds 
========================================================================
Received Import Request.
  Time since last request: 0.000011 seconds.
  path: Assets/Sprites/TilePalette/Palettes/Traumatism_tileset_130.asset
  artifactKey: Guid(d75e26500f873f74497efd4cdfc0abb1) Importer(815301076,1909f56bfc062723c751e8b465ee728b)
Start importing Assets/Sprites/TilePalette/Palettes/Traumatism_tileset_130.asset using Guid(d75e26500f873f74497efd4cdfc0abb1) Importer(815301076,1909f56bfc062723c751e8b465ee728b)  -> (artifact id: 'db01b2060bb1f31f5f670bfc17042c2a') in 0.004186 seconds 
========================================================================
Received Import Request.
  Time since last request: 0.000012 seconds.
  path: Assets/Sprites/TilePalette/Palettes/Traumatism_tileset_125.asset
  artifactKey: Guid(7f21f173818bc544ba9e4037d0bfb8bc) Importer(815301076,1909f56bfc062723c751e8b465ee728b)
Start importing Assets/Sprites/TilePalette/Palettes/Traumatism_tileset_125.asset using Guid(7f21f173818bc544ba9e4037d0bfb8bc) Importer(815301076,1909f56bfc062723c751e8b465ee728b)  -> (artifact id: '8417ff503106f6330f11e70d75a5cca9') in 0.006801 seconds 
========================================================================
Received Import Request.
  Time since last request: 0.000013 seconds.
  path: Assets/Sprites/TilePalette/Palettes/Traumatism_tileset_183.asset
  artifactKey: Guid(b7ed2d721741df54eaf5cf0c920ecb64) Importer(815301076,1909f56bfc062723c751e8b465ee728b)
Start importing Assets/Sprites/TilePalette/Palettes/Traumatism_tileset_183.asset using Guid(b7ed2d721741df54eaf5cf0c920ecb64) Importer(815301076,1909f56bfc062723c751e8b465ee728b)  -> (artifact id: '100a764cad3573bc338e05888bc240d7') in 0.005839 seconds 
========================================================================
Received Import Request.
  Time since last request: 0.000013 seconds.
  path: Assets/Sprites/TilePalette/Palettes/Traumatism_tileset_175.asset
  artifactKey: Guid(d91e53f576c81134fb2b3030d727f710) Importer(815301076,1909f56bfc062723c751e8b465ee728b)
Start importing Assets/Sprites/TilePalette/Palettes/Traumatism_tileset_175.asset using Guid(d91e53f576c81134fb2b3030d727f710) Importer(815301076,1909f56bfc062723c751e8b465ee728b)  -> (artifact id: 'e7131c40463977464862ad3e8c1d008e') in 0.006756 seconds 
========================================================================
Received Import Request.
  Time since last request: 0.000016 seconds.
  path: Assets/Sprites/TilePalette/Palettes/Traumatism_tileset_134.asset
  artifactKey: Guid(c5ce3a8cde22c1d42bf7cf256d9a3f42) Importer(815301076,1909f56bfc062723c751e8b465ee728b)
Start importing Assets/Sprites/TilePalette/Palettes/Traumatism_tileset_134.asset using Guid(c5ce3a8cde22c1d42bf7cf256d9a3f42) Importer(815301076,1909f56bfc062723c751e8b465ee728b)  -> (artifact id: '5dc77d8e77443d44f8c6c8b570cee16e') in 0.004372 seconds 
========================================================================
Received Import Request.
  Time since last request: 0.000012 seconds.
  path: Assets/Sprites/TilePalette/Palettes/Traumatism_tileset_196.asset
  artifactKey: Guid(75e85954c57be904d99809743240d4ed) Importer(815301076,1909f56bfc062723c751e8b465ee728b)
Start importing Assets/Sprites/TilePalette/Palettes/Traumatism_tileset_196.asset using Guid(75e85954c57be904d99809743240d4ed) Importer(815301076,1909f56bfc062723c751e8b465ee728b)  -> (artifact id: '4010704645642da43e3930d1c46153f8') in 0.004206 seconds 
========================================================================
Received Import Request.
  Time since last request: 0.000017 seconds.
  path: Assets/Sprites/TilePalette/Palettes/Traumatism_tileset_181.asset
  artifactKey: Guid(6017517c4109c9744b92d24509dfdc25) Importer(815301076,1909f56bfc062723c751e8b465ee728b)
Start importing Assets/Sprites/TilePalette/Palettes/Traumatism_tileset_181.asset using Guid(6017517c4109c9744b92d24509dfdc25) Importer(815301076,1909f56bfc062723c751e8b465ee728b)  -> (artifact id: 'c7f32eb628336998682cc757995d74c0') in 0.004993 seconds 
========================================================================
Received Import Request.
  Time since last request: 0.000012 seconds.
  path: Assets/Sprites/TilePalette/Palettes/Traumatism_tileset_137.asset
  artifactKey: Guid(4dd9aec66e806624a96fa50b2fe78e53) Importer(815301076,1909f56bfc062723c751e8b465ee728b)
Start importing Assets/Sprites/TilePalette/Palettes/Traumatism_tileset_137.asset using Guid(4dd9aec66e806624a96fa50b2fe78e53) Importer(815301076,1909f56bfc062723c751e8b465ee728b)  -> (artifact id: '3fe47ad86d58e3697cb4b73644ef79a1') in 0.006589 seconds 
========================================================================
Received Import Request.
  Time since last request: 0.000014 seconds.
  path: Assets/Sprites/TilePalette/Palettes/Traumatism_tileset_173.asset
  artifactKey: Guid(8afe74a17c201f341b82a8b6071cf5ec) Importer(815301076,1909f56bfc062723c751e8b465ee728b)
Start importing Assets/Sprites/TilePalette/Palettes/Traumatism_tileset_173.asset using Guid(8afe74a17c201f341b82a8b6071cf5ec) Importer(815301076,1909f56bfc062723c751e8b465ee728b)  -> (artifact id: 'a29091f820a473b77fa6564c7614003e') in 0.007561 seconds 
========================================================================
Received Import Request.
  Time since last request: 0.000012 seconds.
  path: Assets/Sprites/TilePalette/Palettes/Traumatism_tileset_47.asset
  artifactKey: Guid(11cad71850e9324409a0da8285e54fa8) Importer(815301076,1909f56bfc062723c751e8b465ee728b)
Start importing Assets/Sprites/TilePalette/Palettes/Traumatism_tileset_47.asset using Guid(11cad71850e9324409a0da8285e54fa8) Importer(815301076,1909f56bfc062723c751e8b465ee728b)  -> (artifact id: '6f198ea5d5ebb2cbc65cb93c1c52c37c') in 0.004699 seconds 
========================================================================
Received Import Request.
  Time since last request: 0.000013 seconds.
  path: Assets/Sprites/TilePalette/Palettes/Traumatism_tileset_73.asset
  artifactKey: Guid(a4fca28f621bfdf45ba180feb52b2278) Importer(815301076,1909f56bfc062723c751e8b465ee728b)
Start importing Assets/Sprites/TilePalette/Palettes/Traumatism_tileset_73.asset using Guid(a4fca28f621bfdf45ba180feb52b2278) Importer(815301076,1909f56bfc062723c751e8b465ee728b)  -> (artifact id: '53aa7dd808a2ba27082e1873a98336cd') in 0.007820 seconds 
========================================================================
Received Import Request.
  Time since last request: 0.000012 seconds.
  path: Assets/Sprites/TilePalette/Palettes/Traumatism_tileset_87.asset
  artifactKey: Guid(d4f00798b2b33a041a73954fbe7a5056) Importer(815301076,1909f56bfc062723c751e8b465ee728b)
Start importing Assets/Sprites/TilePalette/Palettes/Traumatism_tileset_87.asset using Guid(d4f00798b2b33a041a73954fbe7a5056) Importer(815301076,1909f56bfc062723c751e8b465ee728b)  -> (artifact id: '45eb5ef7a5fe49d7c682cc2861c4c248') in 0.007896 seconds 
========================================================================
Received Import Request.
  Time since last request: 0.000013 seconds.
  path: Assets/Sprites/TilePalette/Palettes/Traumatism_tileset_172.asset
  artifactKey: Guid(d5b0ce39cd102464fa62da3a4457aca1) Importer(815301076,1909f56bfc062723c751e8b465ee728b)
Start importing Assets/Sprites/TilePalette/Palettes/Traumatism_tileset_172.asset using Guid(d5b0ce39cd102464fa62da3a4457aca1) Importer(815301076,1909f56bfc062723c751e8b465ee728b)  -> (artifact id: '71f278de2900ef968ef5084099c04bb6') in 0.005679 seconds 
========================================================================
Received Import Request.
  Time since last request: 0.000013 seconds.
  path: Assets/Sprites/TilePalette/Palettes/Traumatism_tileset_80.asset
  artifactKey: Guid(d6f6a4f00f54c184db677320d5f8e102) Importer(815301076,1909f56bfc062723c751e8b465ee728b)
Start importing Assets/Sprites/TilePalette/Palettes/Traumatism_tileset_80.asset using Guid(d6f6a4f00f54c184db677320d5f8e102) Importer(815301076,1909f56bfc062723c751e8b465ee728b)  -> (artifact id: 'fb59a9a17df64d743a95e7300cda7912') in 0.006323 seconds 
========================================================================
Received Import Request.
  Time since last request: 0.000014 seconds.
  path: Assets/Sprites/TilePalette/Palettes/Traumatism_tileset_76.asset
  artifactKey: Guid(c1dc0ccf850835245bcd5e9e0ae20926) Importer(815301076,1909f56bfc062723c751e8b465ee728b)
Start importing Assets/Sprites/TilePalette/Palettes/Traumatism_tileset_76.asset using Guid(c1dc0ccf850835245bcd5e9e0ae20926) Importer(815301076,1909f56bfc062723c751e8b465ee728b)  -> (artifact id: '7633e52fa10fa9734f0dfbbdecd6603f') in 0.005258 seconds 
========================================================================
Received Import Request.
  Time since last request: 0.000015 seconds.
  path: Assets/Sprites/TilePalette/Palettes/Traumatism_tileset_176.asset
  artifactKey: Guid(088e35008669f5041b214a4b00db58e3) Importer(815301076,1909f56bfc062723c751e8b465ee728b)
Start importing Assets/Sprites/TilePalette/Palettes/Traumatism_tileset_176.asset using Guid(088e35008669f5041b214a4b00db58e3) Importer(815301076,1909f56bfc062723c751e8b465ee728b)  -> (artifact id: 'ef4d812a7577a2d762804a97a529cc93') in 0.005417 seconds 
========================================================================
Received Import Request.
  Time since last request: 0.000017 seconds.
  path: Assets/Sprites/TilePalette/Palettes/Traumatism_tileset_194.asset
  artifactKey: Guid(4808a9e4b6495ea478e21e62d49853fc) Importer(815301076,1909f56bfc062723c751e8b465ee728b)
Start importing Assets/Sprites/TilePalette/Palettes/Traumatism_tileset_194.asset using Guid(4808a9e4b6495ea478e21e62d49853fc) Importer(815301076,1909f56bfc062723c751e8b465ee728b)  -> (artifact id: '92792da8861f1a9c1f7f573e0ce6e08b') in 0.004722 seconds 
========================================================================
Received Import Request.
  Time since last request: 0.000013 seconds.
  path: Assets/Sprites/TilePalette/Palettes/Traumatism_tileset_195.asset
  artifactKey: Guid(ea421d82d35841b4db2f1e65cc726bb7) Importer(815301076,1909f56bfc062723c751e8b465ee728b)
Start importing Assets/Sprites/TilePalette/Palettes/Traumatism_tileset_195.asset using Guid(ea421d82d35841b4db2f1e65cc726bb7) Importer(815301076,1909f56bfc062723c751e8b465ee728b)  -> (artifact id: 'dc3cbf12e0cba74d7fbddbd5e50ff0e1') in 0.005102 seconds 
========================================================================
Received Import Request.
  Time since last request: 0.000014 seconds.
  path: Assets/Sprites/TilePalette/Palettes/Traumatism_tileset_115.asset
  artifactKey: Guid(a211d039926921341bdfed4cecf07932) Importer(815301076,1909f56bfc062723c751e8b465ee728b)
Start importing Assets/Sprites/TilePalette/Palettes/Traumatism_tileset_115.asset using Guid(a211d039926921341bdfed4cecf07932) Importer(815301076,1909f56bfc062723c751e8b465ee728b)  -> (artifact id: '6cda93cba92c3a3e25d28efc1f2dfcdf') in 0.006405 seconds 
========================================================================
Received Import Request.
  Time since last request: 0.000023 seconds.
  path: Assets/Sprites/TilePalette/Palettes/Traumatism_tileset_120.asset
  artifactKey: Guid(bac6c3c1296124b439bf222db09981a1) Importer(815301076,1909f56bfc062723c751e8b465ee728b)
Start importing Assets/Sprites/TilePalette/Palettes/Traumatism_tileset_120.asset using Guid(bac6c3c1296124b439bf222db09981a1) Importer(815301076,1909f56bfc062723c751e8b465ee728b)  -> (artifact id: '814825250b120a61dc4d033c27d3ad7b') in 0.006888 seconds 
========================================================================
Received Import Request.
  Time since last request: 0.000018 seconds.
  path: Assets/Sprites/TilePalette/Palettes/Traumatism_tileset_126.asset
  artifactKey: Guid(00d052525674c1e4f9b3d53835058a5d) Importer(815301076,1909f56bfc062723c751e8b465ee728b)
Start importing Assets/Sprites/TilePalette/Palettes/Traumatism_tileset_126.asset using Guid(00d052525674c1e4f9b3d53835058a5d) Importer(815301076,1909f56bfc062723c751e8b465ee728b)  -> (artifact id: '7b87d8de71f23e98812c28583f4ce2a6') in 0.007144 seconds 
========================================================================
Received Import Request.
  Time since last request: 0.000014 seconds.
  path: Assets/Sprites/TilePalette/Palettes/Traumatism_tileset_56.asset
  artifactKey: Guid(4231139bd17358b459a7831d37120f29) Importer(815301076,1909f56bfc062723c751e8b465ee728b)
Start importing Assets/Sprites/TilePalette/Palettes/Traumatism_tileset_56.asset using Guid(4231139bd17358b459a7831d37120f29) Importer(815301076,1909f56bfc062723c751e8b465ee728b)  -> (artifact id: '0b79f46c699107d4a7ca469749cc2745') in 0.007997 seconds 
========================================================================
Received Import Request.
  Time since last request: 0.000012 seconds.
  path: Assets/Sprites/TilePalette/Palettes/Traumatism_tileset_154.asset
  artifactKey: Guid(edc80f2768d99754da713883ce6dc11c) Importer(815301076,1909f56bfc062723c751e8b465ee728b)
Start importing Assets/Sprites/TilePalette/Palettes/Traumatism_tileset_154.asset using Guid(edc80f2768d99754da713883ce6dc11c) Importer(815301076,1909f56bfc062723c751e8b465ee728b)  -> (artifact id: 'a4210cfaf86d80e13495fda55ec86f11') in 0.007500 seconds 
========================================================================
Received Import Request.
  Time since last request: 0.000020 seconds.
  path: Assets/Sprites/TilePalette/Palettes/Traumatism_tileset_168.asset
  artifactKey: Guid(4b82dcdf1b684894ba7f5c4c9d12aace) Importer(815301076,1909f56bfc062723c751e8b465ee728b)
Start importing Assets/Sprites/TilePalette/Palettes/Traumatism_tileset_168.asset using Guid(4b82dcdf1b684894ba7f5c4c9d12aace) Importer(815301076,1909f56bfc062723c751e8b465ee728b)  -> (artifact id: 'bb2d5495275d572ff726b1adf759ccbe') in 0.005053 seconds 
========================================================================
Received Import Request.
  Time since last request: 0.000014 seconds.
  path: Assets/Sprites/TilePalette/Palettes/Traumatism_tileset_149.asset
  artifactKey: Guid(3a9df6e0b76d8eb4b8e45ebbd4c03e3c) Importer(815301076,1909f56bfc062723c751e8b465ee728b)
Start importing Assets/Sprites/TilePalette/Palettes/Traumatism_tileset_149.asset using Guid(3a9df6e0b76d8eb4b8e45ebbd4c03e3c) Importer(815301076,1909f56bfc062723c751e8b465ee728b)  -> (artifact id: '5e0258c6158464d885455e12f0a6a7b8') in 0.004419 seconds 
========================================================================
Received Import Request.
  Time since last request: 0.000013 seconds.
  path: Assets/Sprites/TilePalette/Palettes/Traumatism_tileset_136.asset
  artifactKey: Guid(632f2a17d4e9d8b44b213733a37749f7) Importer(815301076,1909f56bfc062723c751e8b465ee728b)
Start importing Assets/Sprites/TilePalette/Palettes/Traumatism_tileset_136.asset using Guid(632f2a17d4e9d8b44b213733a37749f7) Importer(815301076,1909f56bfc062723c751e8b465ee728b)  -> (artifact id: 'a25bf2135e379594bd8169c4d86bc61a') in 0.006085 seconds 
========================================================================
Received Import Request.
  Time since last request: 0.000013 seconds.
  path: Assets/Sprites/TilePalette/Palettes/Traumatism_tileset_78.asset
  artifactKey: Guid(65d2bd317475d0947a3fa6d36fd102ef) Importer(815301076,1909f56bfc062723c751e8b465ee728b)
Start importing Assets/Sprites/TilePalette/Palettes/Traumatism_tileset_78.asset using Guid(65d2bd317475d0947a3fa6d36fd102ef) Importer(815301076,1909f56bfc062723c751e8b465ee728b)  -> (artifact id: '3bee416b5c10007498a071b1e522a8c7') in 0.004494 seconds 
========================================================================
Received Import Request.
  Time since last request: 0.000012 seconds.
  path: Assets/Sprites/TilePalette/Palettes/Traumatism_tileset_88.asset
  artifactKey: Guid(1daeafd8babe7224587033ffe81a9709) Importer(815301076,1909f56bfc062723c751e8b465ee728b)
Start importing Assets/Sprites/TilePalette/Palettes/Traumatism_tileset_88.asset using Guid(1daeafd8babe7224587033ffe81a9709) Importer(815301076,1909f56bfc062723c751e8b465ee728b)  -> (artifact id: 'a21291257c9b50a223104ca729570990') in 0.004286 seconds 
========================================================================
Received Import Request.
  Time since last request: 0.000012 seconds.
  path: Assets/Sprites/TilePalette/Palettes/Traumatism_tileset_131.asset
  artifactKey: Guid(8a27f694291e22247bfc0a203dabb7a7) Importer(815301076,1909f56bfc062723c751e8b465ee728b)
Start importing Assets/Sprites/TilePalette/Palettes/Traumatism_tileset_131.asset using Guid(8a27f694291e22247bfc0a203dabb7a7) Importer(815301076,1909f56bfc062723c751e8b465ee728b)  -> (artifact id: '16beb27e12a1d9b7fc2aebdcba03dbb8') in 0.006134 seconds 
========================================================================
Received Import Request.
  Time since last request: 0.000014 seconds.
  path: Assets/Sprites/TilePalette/Palettes/Traumatism_tileset_35.asset
  artifactKey: Guid(aca4426001a536d43880436263e7dc3f) Importer(815301076,1909f56bfc062723c751e8b465ee728b)
Start importing Assets/Sprites/TilePalette/Palettes/Traumatism_tileset_35.asset using Guid(aca4426001a536d43880436263e7dc3f) Importer(815301076,1909f56bfc062723c751e8b465ee728b)  -> (artifact id: '6d4100ca3ef810443574df2f00fd52a5') in 0.004458 seconds 
========================================================================
Received Import Request.
  Time since last request: 0.000014 seconds.
  path: Assets/Sprites/TilePalette/Palettes/Traumatism_tileset_117.asset
  artifactKey: Guid(68f3aa05ee99f534380717e63b2c8118) Importer(815301076,1909f56bfc062723c751e8b465ee728b)
Start importing Assets/Sprites/TilePalette/Palettes/Traumatism_tileset_117.asset using Guid(68f3aa05ee99f534380717e63b2c8118) Importer(815301076,1909f56bfc062723c751e8b465ee728b)  -> (artifact id: '5327859963f3ae318802fc47af953a87') in 0.006474 seconds 
========================================================================
Received Import Request.
  Time since last request: 0.000015 seconds.
  path: Assets/Sprites/TilePalette/Palettes/Traumatism_tileset_171.asset
  artifactKey: Guid(4bff33ac6101c6a4b8bd10f9db9b6eee) Importer(815301076,1909f56bfc062723c751e8b465ee728b)
Start importing Assets/Sprites/TilePalette/Palettes/Traumatism_tileset_171.asset using Guid(4bff33ac6101c6a4b8bd10f9db9b6eee) Importer(815301076,1909f56bfc062723c751e8b465ee728b)  -> (artifact id: 'f089722310d46ab518edba3d2d4d7ec4') in 0.004385 seconds 
========================================================================
Received Import Request.
  Time since last request: 0.000013 seconds.
  path: Assets/Sprites/TilePalette/Palettes/Traumatism_tileset_58.asset
  artifactKey: Guid(fa52ed202c1c3604bb1d26d06cbc1ca1) Importer(815301076,1909f56bfc062723c751e8b465ee728b)
Start importing Assets/Sprites/TilePalette/Palettes/Traumatism_tileset_58.asset using Guid(fa52ed202c1c3604bb1d26d06cbc1ca1) Importer(815301076,1909f56bfc062723c751e8b465ee728b)  -> (artifact id: '2bade63d01eee3c70ccd944e0cc7ad63') in 0.004877 seconds 
========================================================================
Received Import Request.
  Time since last request: 0.000014 seconds.
  path: Assets/Sprites/TilePalette/Palettes/Traumatism_tileset_193.asset
  artifactKey: Guid(b1fd161a23b2e9a429844ca4151969e4) Importer(815301076,1909f56bfc062723c751e8b465ee728b)
Start importing Assets/Sprites/TilePalette/Palettes/Traumatism_tileset_193.asset using Guid(b1fd161a23b2e9a429844ca4151969e4) Importer(815301076,1909f56bfc062723c751e8b465ee728b)  -> (artifact id: 'c42bd2ae3b9a755cb4c77295d0a0a287') in 0.005322 seconds 
========================================================================
Received Import Request.
  Time since last request: 0.000015 seconds.
  path: Assets/Sprites/TilePalette/Palettes/Traumatism_tileset_27.asset
  artifactKey: Guid(c86829ca83e0b554292035a1f8d1d91b) Importer(815301076,1909f56bfc062723c751e8b465ee728b)
Start importing Assets/Sprites/TilePalette/Palettes/Traumatism_tileset_27.asset using Guid(c86829ca83e0b554292035a1f8d1d91b) Importer(815301076,1909f56bfc062723c751e8b465ee728b)  -> (artifact id: '879ff9ddcd116bb00bca0a1dbc44ba65') in 0.007331 seconds 
========================================================================
Received Import Request.
  Time since last request: 0.000012 seconds.
  path: Assets/Sprites/TilePalette/Palettes/Traumatism_tileset_75.asset
  artifactKey: Guid(20d4d7f0aafea8f4f8e85f9b2d2c6039) Importer(815301076,1909f56bfc062723c751e8b465ee728b)
Start importing Assets/Sprites/TilePalette/Palettes/Traumatism_tileset_75.asset using Guid(20d4d7f0aafea8f4f8e85f9b2d2c6039) Importer(815301076,1909f56bfc062723c751e8b465ee728b)  -> (artifact id: 'ddc404666e59a0d1fafddc3bb1e1948d') in 0.004626 seconds 
========================================================================
Received Import Request.
  Time since last request: 0.000012 seconds.
  path: Assets/Sprites/TilePalette/Palettes/Traumatism_tileset_107.asset
  artifactKey: Guid(c4a6f0d481a550c47aa6cf2d6f18d246) Importer(815301076,1909f56bfc062723c751e8b465ee728b)
Start importing Assets/Sprites/TilePalette/Palettes/Traumatism_tileset_107.asset using Guid(c4a6f0d481a550c47aa6cf2d6f18d246) Importer(815301076,1909f56bfc062723c751e8b465ee728b)  -> (artifact id: 'a37ddd22c61af55026a801684af6fd2a') in 0.004700 seconds 
========================================================================
Received Import Request.
  Time since last request: 0.000013 seconds.
  path: Assets/Sprites/TilePalette/Palettes/Traumatism_tileset_187.asset
  artifactKey: Guid(d6831f293bfd7c741af4dfd01ef99dd7) Importer(815301076,1909f56bfc062723c751e8b465ee728b)
Start importing Assets/Sprites/TilePalette/Palettes/Traumatism_tileset_187.asset using Guid(d6831f293bfd7c741af4dfd01ef99dd7) Importer(815301076,1909f56bfc062723c751e8b465ee728b)  -> (artifact id: '1a6cabd6e037df95f2320cf52cdb7654') in 0.005169 seconds 
========================================================================
Received Import Request.
  Time since last request: 0.000011 seconds.
  path: Assets/Sprites/TilePalette/Palettes/Traumatism_tileset_79.asset
  artifactKey: Guid(85f631786387d1145b179eb7822c902d) Importer(815301076,1909f56bfc062723c751e8b465ee728b)
Start importing Assets/Sprites/TilePalette/Palettes/Traumatism_tileset_79.asset using Guid(85f631786387d1145b179eb7822c902d) Importer(815301076,1909f56bfc062723c751e8b465ee728b)  -> (artifact id: 'e2805b11641445e5523f2319c7d8907d') in 0.007195 seconds 
========================================================================
Received Import Request.
  Time since last request: 0.000013 seconds.
  path: Assets/Sprites/TilePalette/Palettes/Traumatism_tileset_159.asset
  artifactKey: Guid(5bbc5b13e3de2294d8c0902fec081bfb) Importer(815301076,1909f56bfc062723c751e8b465ee728b)
Start importing Assets/Sprites/TilePalette/Palettes/Traumatism_tileset_159.asset using Guid(5bbc5b13e3de2294d8c0902fec081bfb) Importer(815301076,1909f56bfc062723c751e8b465ee728b)  -> (artifact id: 'c82be8f0617d9159f9e587a3110b0235') in 0.004764 seconds 
========================================================================
Received Import Request.
  Time since last request: 0.000013 seconds.
  path: Assets/Sprites/TilePalette/Palettes/Traumatism_tileset_164.asset
  artifactKey: Guid(23a578bb9f6901d46afeb11a605ffa94) Importer(815301076,1909f56bfc062723c751e8b465ee728b)
Start importing Assets/Sprites/TilePalette/Palettes/Traumatism_tileset_164.asset using Guid(23a578bb9f6901d46afeb11a605ffa94) Importer(815301076,1909f56bfc062723c751e8b465ee728b)  -> (artifact id: '8c836d29dd8b2c457e5b025e6817096c') in 0.004938 seconds 
========================================================================
Received Import Request.
  Time since last request: 0.000013 seconds.
  path: Assets/Sprites/TilePalette/Palettes/Traumatism_tileset_34.asset
  artifactKey: Guid(992d5db98ed6baa4d89c7fe481e0bf23) Importer(815301076,1909f56bfc062723c751e8b465ee728b)
Start importing Assets/Sprites/TilePalette/Palettes/Traumatism_tileset_34.asset using Guid(992d5db98ed6baa4d89c7fe481e0bf23) Importer(815301076,1909f56bfc062723c751e8b465ee728b)  -> (artifact id: 'bb5a31175e8d472a0e188189ccbf3b72') in 0.008324 seconds 
========================================================================
Received Import Request.
  Time since last request: 0.000017 seconds.
  path: Assets/Sprites/TilePalette/Palettes/Traumatism_tileset_72.asset
  artifactKey: Guid(00b2c02e272fdb4499d568086fbad2cd) Importer(815301076,1909f56bfc062723c751e8b465ee728b)
Start importing Assets/Sprites/TilePalette/Palettes/Traumatism_tileset_72.asset using Guid(00b2c02e272fdb4499d568086fbad2cd) Importer(815301076,1909f56bfc062723c751e8b465ee728b)  -> (artifact id: 'e398a27ff55c8917892dda7e2142f1fd') in 0.004933 seconds 
========================================================================
Received Import Request.
  Time since last request: 0.000018 seconds.
  path: Assets/Sprites/TilePalette/Palettes/Traumatism_tileset_82.asset
  artifactKey: Guid(858f61d09ba6d0345bb7130d6e6530bf) Importer(815301076,1909f56bfc062723c751e8b465ee728b)
Start importing Assets/Sprites/TilePalette/Palettes/Traumatism_tileset_82.asset using Guid(858f61d09ba6d0345bb7130d6e6530bf) Importer(815301076,1909f56bfc062723c751e8b465ee728b)  -> (artifact id: '875964476ee22f96cfbeede2f49219e4') in 0.005649 seconds 
========================================================================
Received Import Request.
  Time since last request: 0.000012 seconds.
  path: Assets/Sprites/TilePalette/Palettes/Traumatism_tileset_32.asset
  artifactKey: Guid(54132173b3bab4b409ceec3d27a6598d) Importer(815301076,1909f56bfc062723c751e8b465ee728b)
Start importing Assets/Sprites/TilePalette/Palettes/Traumatism_tileset_32.asset using Guid(54132173b3bab4b409ceec3d27a6598d) Importer(815301076,1909f56bfc062723c751e8b465ee728b)  -> (artifact id: 'e8d017f0ea1b18109ec3bc82230d179d') in 0.004159 seconds 
========================================================================
Received Import Request.
  Time since last request: 0.000013 seconds.
  path: Assets/Sprites/TilePalette/Palettes/Traumatism_tileset_81.asset
  artifactKey: Guid(8a0e585549103074d84d517abb8ceefb) Importer(815301076,1909f56bfc062723c751e8b465ee728b)
Start importing Assets/Sprites/TilePalette/Palettes/Traumatism_tileset_81.asset using Guid(8a0e585549103074d84d517abb8ceefb) Importer(815301076,1909f56bfc062723c751e8b465ee728b)  -> (artifact id: '8b10bc29a6724c5d7c9c4df07f428507') in 0.004030 seconds 
========================================================================
Received Import Request.
  Time since last request: 0.000012 seconds.
  path: Assets/Sprites/TilePalette/Palettes/Traumatism_tileset_170.asset
  artifactKey: Guid(e7f1b2a06988dc444b6e53a8c41a6e47) Importer(815301076,1909f56bfc062723c751e8b465ee728b)
Start importing Assets/Sprites/TilePalette/Palettes/Traumatism_tileset_170.asset using Guid(e7f1b2a06988dc444b6e53a8c41a6e47) Importer(815301076,1909f56bfc062723c751e8b465ee728b)  -> (artifact id: 'b9f10f33b25ef874ddaad45104e7e9e5') in 0.005746 seconds 
========================================================================
Received Import Request.
  Time since last request: 0.000013 seconds.
  path: Assets/Sprites/TilePalette/Palettes/Traumatism_tileset_113.asset
  artifactKey: Guid(abd058d610e6e424ba7048d00cfb41b8) Importer(815301076,1909f56bfc062723c751e8b465ee728b)
Start importing Assets/Sprites/TilePalette/Palettes/Traumatism_tileset_113.asset using Guid(abd058d610e6e424ba7048d00cfb41b8) Importer(815301076,1909f56bfc062723c751e8b465ee728b)  -> (artifact id: '7f58bee194ff27389e02706039759c4f') in 0.007110 seconds 
========================================================================
Received Import Request.
  Time since last request: 0.000013 seconds.
  path: Assets/Sprites/TilePalette/Palettes/Traumatism_tileset_116.asset
  artifactKey: Guid(467ad960ee7415840a457d02d56c4600) Importer(815301076,1909f56bfc062723c751e8b465ee728b)
Start importing Assets/Sprites/TilePalette/Palettes/Traumatism_tileset_116.asset using Guid(467ad960ee7415840a457d02d56c4600) Importer(815301076,1909f56bfc062723c751e8b465ee728b)  -> (artifact id: '588c05fef34d6bb982ac1d62357765a6') in 0.004678 seconds 
========================================================================
Received Import Request.
  Time since last request: 0.000013 seconds.
  path: Assets/Sprites/TilePalette/Palettes/Traumatism_tileset_157.asset
  artifactKey: Guid(7c5f07f4c72454d48b7d97a933adb3ee) Importer(815301076,1909f56bfc062723c751e8b465ee728b)
Start importing Assets/Sprites/TilePalette/Palettes/Traumatism_tileset_157.asset using Guid(7c5f07f4c72454d48b7d97a933adb3ee) Importer(815301076,1909f56bfc062723c751e8b465ee728b)  -> (artifact id: '22d6bac59624fec81849994e9110f304') in 0.004499 seconds 
========================================================================
Received Import Request.
  Time since last request: 0.000013 seconds.
  path: Assets/Sprites/TilePalette/Palettes/Traumatism_tileset_104.asset
  artifactKey: Guid(26370dc118ffcda4cb867990ea3a574e) Importer(815301076,1909f56bfc062723c751e8b465ee728b)
Start importing Assets/Sprites/TilePalette/Palettes/Traumatism_tileset_104.asset using Guid(26370dc118ffcda4cb867990ea3a574e) Importer(815301076,1909f56bfc062723c751e8b465ee728b)  -> (artifact id: 'feef5dfe99f93437fb0e53219e918eff') in 0.006935 seconds 
========================================================================
Received Import Request.
  Time since last request: 0.000016 seconds.
  path: Assets/Sprites/TilePalette/Palettes/Traumatism_tileset_129.asset
  artifactKey: Guid(9e68aab8ff569ad42aafa29a4b992ae0) Importer(815301076,1909f56bfc062723c751e8b465ee728b)
Start importing Assets/Sprites/TilePalette/Palettes/Traumatism_tileset_129.asset using Guid(9e68aab8ff569ad42aafa29a4b992ae0) Importer(815301076,1909f56bfc062723c751e8b465ee728b)  -> (artifact id: 'ac1f237bed03113244f3c9127b0bab20') in 0.004669 seconds 
========================================================================
Received Import Request.
  Time since last request: 0.000014 seconds.
  path: Assets/Sprites/TilePalette/Palettes/Traumatism_tileset_148.asset
  artifactKey: Guid(6eb89e89f01747945b98a0f28acee60f) Importer(815301076,1909f56bfc062723c751e8b465ee728b)
Start importing Assets/Sprites/TilePalette/Palettes/Traumatism_tileset_148.asset using Guid(6eb89e89f01747945b98a0f28acee60f) Importer(815301076,1909f56bfc062723c751e8b465ee728b)  -> (artifact id: '859131741043ccbfe3072c11b92b0114') in 0.007606 seconds 
Editor requested this worker to shutdown with reason: Scaling down because of idle timeout
AssetImportWorker is now disconnected from the server
Process exiting
Exiting without the bug reporter. Application will terminate with return code 0