Using pre-set license
Built from '2021.2/staging' branch; Version is '2021.2.7f1 (6bd9e232123f) revision 7068130'; Using compiler version '192829333'; Build Type 'Release'
OS: 'Windows 11  (10.0.22000) 64bit Professional' Language: 'en' Physical Memory: 32689 MB
BatchMode: 1, IsHumanControllingUs: 0, StartBugReporterOnCrash: 0, Is64bit: 1, IsPro: 0

COMMAND LINE ARGUMENTS:
C:\Program Files\Unity\Hub\Editor\2021.2.7f1\Editor\Unity.exe
-adb2
-batchMode
-noUpm
-name
AssetImportWorker10
-projectPath
C:/Users/madal/OneDrive/!Platformer/Untitled Platformer
-logFile
Logs/AssetImportWorker10.log
-srvPort
51361
Successfully changed project path to: C:/Users/madal/OneDrive/!Platformer/Untitled Platformer
C:/Users/madal/OneDrive/!Platformer/Untitled Platformer
[UnityMemory] Configuration Parameters - Can be set up in boot.config
    "memorysetup-bucket-allocator-granularity=16"
    "memorysetup-bucket-allocator-bucket-count=8"
    "memorysetup-bucket-allocator-block-size=33554432"
    "memorysetup-bucket-allocator-block-count=8"
    "memorysetup-main-allocator-block-size=16777216"
    "memorysetup-thread-allocator-block-size=16777216"
    "memorysetup-gfx-main-allocator-block-size=16777216"
    "memorysetup-gfx-thread-allocator-block-size=16777216"
    "memorysetup-cache-allocator-block-size=4194304"
    "memorysetup-typetree-allocator-block-size=2097152"
    "memorysetup-profiler-bucket-allocator-granularity=16"
    "memorysetup-profiler-bucket-allocator-bucket-count=8"
    "memorysetup-profiler-bucket-allocator-block-size=33554432"
    "memorysetup-profiler-bucket-allocator-block-count=8"
    "memorysetup-profiler-allocator-block-size=16777216"
    "memorysetup-profiler-editor-allocator-block-size=1048576"
    "memorysetup-temp-allocator-size-main=16777216"
    "memorysetup-job-temp-allocator-block-size=2097152"
    "memorysetup-job-temp-allocator-block-size-background=1048576"
    "memorysetup-job-temp-allocator-reduction-small-platforms=262144"
    "memorysetup-temp-allocator-size-background-worker=32768"
    "memorysetup-temp-allocator-size-job-worker=262144"
    "memorysetup-temp-allocator-size-preload-manager=33554432"
    "memorysetup-temp-allocator-size-nav-mesh-worker=65536"
    "memorysetup-temp-allocator-size-audio-worker=65536"
    "memorysetup-temp-allocator-size-cloud-worker=32768"
    "memorysetup-temp-allocator-size-gi-baking-worker=262144"
    "memorysetup-temp-allocator-size-gfx=262144"
Refreshing native plugins compatible for Editor in 36.34 ms, found 3 plugins.
Preloading 0 native plugins for Editor in 0.00 ms.
Initialize engine version: 2021.2.7f1 (6bd9e232123f)
[Subsystems] Discovering subsystems at path C:/Program Files/Unity/Hub/Editor/2021.2.7f1/Editor/Data/Resources/UnitySubsystems
[Subsystems] Discovering subsystems at path C:/Users/madal/OneDrive/!Platformer/Untitled Platformer/Assets
GfxDevice: creating device client; threaded=0; jobified=0
Direct3D:
    Version:  Direct3D 11.0 [level 11.1]
    Renderer: NVIDIA GeForce RTX 2080 Ti (ID=0x1e07)
    Vendor:   NVIDIA
    VRAM:     11049 MB
    Driver:   30.0.14.9676
Initialize mono
Mono path[0] = 'C:/Program Files/Unity/Hub/Editor/2021.2.7f1/Editor/Data/Managed'
Mono path[1] = 'C:/Program Files/Unity/Hub/Editor/2021.2.7f1/Editor/Data/MonoBleedingEdge/lib/mono/unityjit-win32'
Mono config path = 'C:/Program Files/Unity/Hub/Editor/2021.2.7f1/Editor/Data/MonoBleedingEdge/etc'
Using monoOptions --debugger-agent=transport=dt_socket,embedding=1,server=y,suspend=n,address=127.0.0.1:56888
Begin MonoManager ReloadAssembly
Registering precompiled unity dll's ...
Register platform support module: C:/Program Files/Unity/Hub/Editor/2021.2.7f1/Editor/Data/PlaybackEngines/WindowsStandaloneSupport/UnityEditor.WindowsStandalone.Extensions.dll
Registered in 0.003919 seconds.
Native extension for WindowsStandalone target not found
Refreshing native plugins compatible for Editor in 33.43 ms, found 3 plugins.
Preloading 0 native plugins for Editor in 0.00 ms.
Mono: successfully reloaded assembly
- Completed reload, in  0.425 seconds
Domain Reload Profiling:
	ReloadAssembly (425ms)
		BeginReloadAssembly (55ms)
			ExecutionOrderSort (0ms)
			DisableScriptedObjects (0ms)
			BackupInstance (0ms)
			ReleaseScriptingObjects (0ms)
			CreateAndSetChildDomain (1ms)
		EndReloadAssembly (315ms)
			LoadAssemblies (54ms)
			RebuildTransferFunctionScriptingTraits (0ms)
			SetupTypeCache (67ms)
			ReleaseScriptCaches (0ms)
			RebuildScriptCaches (18ms)
			SetupLoadedEditorAssemblies (191ms)
				LogAssemblyErrors (0ms)
				InitializePlatformSupportModulesInManaged (14ms)
				SetLoadedEditorAssemblies (0ms)
				RefreshPlugins (33ms)
				BeforeProcessingInitializeOnLoad (1ms)
				ProcessInitializeOnLoadAttributes (110ms)
				ProcessInitializeOnLoadMethodAttributes (33ms)
				AfterProcessingInitializeOnLoad (0ms)
				EditorAssembliesLoaded (0ms)
			ExecutionOrderSort2 (0ms)
			AwakeInstancesAfterBackupRestoration (0ms)
Platform modules already initialized, skipping
Registering precompiled user dll's ...
Registered in 0.005919 seconds.
Begin MonoManager ReloadAssembly
Native extension for WindowsStandalone target not found
Refreshing native plugins compatible for Editor in 33.75 ms, found 3 plugins.
Preloading 0 native plugins for Editor in 0.00 ms.
Mono: successfully reloaded assembly
- Completed reload, in  1.139 seconds
Domain Reload Profiling:
	ReloadAssembly (1139ms)
		BeginReloadAssembly (87ms)
			ExecutionOrderSort (0ms)
			DisableScriptedObjects (5ms)
			BackupInstance (0ms)
			ReleaseScriptingObjects (0ms)
			CreateAndSetChildDomain (18ms)
		EndReloadAssembly (976ms)
			LoadAssemblies (59ms)
			RebuildTransferFunctionScriptingTraits (0ms)
			SetupTypeCache (141ms)
			ReleaseScriptCaches (0ms)
			RebuildScriptCaches (37ms)
			SetupLoadedEditorAssemblies (704ms)
				LogAssemblyErrors (0ms)
				InitializePlatformSupportModulesInManaged (8ms)
				SetLoadedEditorAssemblies (0ms)
				RefreshPlugins (34ms)
				BeforeProcessingInitializeOnLoad (51ms)
				ProcessInitializeOnLoadAttributes (580ms)
				ProcessInitializeOnLoadMethodAttributes (26ms)
				AfterProcessingInitializeOnLoad (6ms)
				EditorAssembliesLoaded (0ms)
			ExecutionOrderSort2 (0ms)
			AwakeInstancesAfterBackupRestoration (4ms)
Platform modules already initialized, skipping
========================================================================
Worker process is ready to serve import requests
Launched and connected shader compiler UnityShaderCompiler.exe after 0.05 seconds
Refreshing native plugins compatible for Editor in 0.59 ms, found 3 plugins.
Preloading 0 native plugins for Editor in 0.00 ms.
Unloading 2520 Unused Serialized files (Serialized files now loaded: 0)
Unloading 47 unused Assets / (129.5 KB). Loaded Objects now: 2981.
Memory consumption went from 114.7 MB to 114.6 MB.
Total: 3.440800 ms (FindLiveObjects: 0.179600 ms CreateObjectMapping: 0.058400 ms MarkObjects: 3.119900 ms  DeleteObjects: 0.082000 ms)

AssetImportParameters requested are different than current active one (requested -> active):
  custom:video-decoder-ogg-theora: a1e56fd34408186e4bbccfd4996cb3dc -> 
  custom:container-muxer-webm: aa71ff27fc2769a1b78a27578f13a17b -> 
  custom:container-demuxer-webm: 4f35f7cbe854078d1ac9338744f61a02 -> 
  custom:video-encoder-webm-vp8: eb34c28f22e8b96e1ab97ce403110664 -> 
  custom:audio-encoder-webm-vorbis: bf7c407c2cedff20999df2af8eb42d56 -> 
  custom:framework-win-MediaFoundation: 216162199b28c13a410421893ffa2e32 -> 
  custom:container-demuxer-ogg: 62fdf1f143b41e24485cea50d1cbac27 -> 
  custom:video-decoder-webm-vp8: 9c59270c3fd7afecdb556c50c9e8de78 -> 
  custom:audio-decoder-ogg-vorbis: bf7c407c2cedff20999df2af8eb42d56 -> 
========================================================================
Received Import Request.
  Time since last request: 1147133.424978 seconds.
  path: Assets/Sprites/TilePalette/Palettes/Traumatism_tileset_59.asset
  artifactKey: Guid(2c1e0fb73b8db9d4e911e7a32bda5184) Importer(815301076,1909f56bfc062723c751e8b465ee728b)
Start importing Assets/Sprites/TilePalette/Palettes/Traumatism_tileset_59.asset using Guid(2c1e0fb73b8db9d4e911e7a32bda5184) Importer(815301076,1909f56bfc062723c751e8b465ee728b)  -> (artifact id: '85cf23a3a79a96394efaca5d11245015') in 0.052790 seconds 
========================================================================
Received Import Request.
  Time since last request: 0.000017 seconds.
  path: Assets/Sprites/TilePalette/Palettes/Traumatism_tileset_105.asset
  artifactKey: Guid(70ce7458880fef6468b35a0de364cc94) Importer(815301076,1909f56bfc062723c751e8b465ee728b)
Start importing Assets/Sprites/TilePalette/Palettes/Traumatism_tileset_105.asset using Guid(70ce7458880fef6468b35a0de364cc94) Importer(815301076,1909f56bfc062723c751e8b465ee728b)  -> (artifact id: '69bb6c2716365b24af126c69c57e5625') in 0.007173 seconds 
========================================================================
Received Import Request.
  Time since last request: 0.000019 seconds.
  path: Assets/Sprites/TilePalette/Palettes/Traumatism_tileset_91.asset
  artifactKey: Guid(c22b0b715fd740745aa4fb50517a295b) Importer(815301076,1909f56bfc062723c751e8b465ee728b)
Start importing Assets/Sprites/TilePalette/Palettes/Traumatism_tileset_91.asset using Guid(c22b0b715fd740745aa4fb50517a295b) Importer(815301076,1909f56bfc062723c751e8b465ee728b)  -> (artifact id: 'ced2fb9b5f7b4339d6a4bdcc27b6243d') in 0.004646 seconds 
========================================================================
Received Import Request.
  Time since last request: 0.000014 seconds.
  path: Assets/Sprites/TilePalette/Palettes/Traumatism_tileset_138.asset
  artifactKey: Guid(59e4d9e7145d8784b8eeb70dc2cfc9ff) Importer(815301076,1909f56bfc062723c751e8b465ee728b)
Start importing Assets/Sprites/TilePalette/Palettes/Traumatism_tileset_138.asset using Guid(59e4d9e7145d8784b8eeb70dc2cfc9ff) Importer(815301076,1909f56bfc062723c751e8b465ee728b)  -> (artifact id: 'e45b554a1e087aa6c0a1ec1475e87581') in 0.005648 seconds 
========================================================================
Received Import Request.
  Time since last request: 0.000012 seconds.
  path: Assets/Sprites/TilePalette/Palettes/Traumatism_tileset_134.asset
  artifactKey: Guid(c5ce3a8cde22c1d42bf7cf256d9a3f42) Importer(815301076,1909f56bfc062723c751e8b465ee728b)
Start importing Assets/Sprites/TilePalette/Palettes/Traumatism_tileset_134.asset using Guid(c5ce3a8cde22c1d42bf7cf256d9a3f42) Importer(815301076,1909f56bfc062723c751e8b465ee728b)  -> (artifact id: '85b24074c04c349ecb74eb9317161fcc') in 0.004619 seconds 
========================================================================
Received Import Request.
  Time since last request: 0.000011 seconds.
  path: Assets/Sprites/TilePalette/Palettes/Traumatism_tileset_115.asset
  artifactKey: Guid(a211d039926921341bdfed4cecf07932) Importer(815301076,1909f56bfc062723c751e8b465ee728b)
Start importing Assets/Sprites/TilePalette/Palettes/Traumatism_tileset_115.asset using Guid(a211d039926921341bdfed4cecf07932) Importer(815301076,1909f56bfc062723c751e8b465ee728b)  -> (artifact id: 'fc30105f4b49a73917a522a70152eedb') in 0.007474 seconds 
========================================================================
Received Import Request.
  Time since last request: 0.000017 seconds.
  path: Assets/Sprites/TilePalette/Palettes/Traumatism_tileset_152.asset
  artifactKey: Guid(a2c8e40211bb86e4cbd46b298f77b099) Importer(815301076,1909f56bfc062723c751e8b465ee728b)
Start importing Assets/Sprites/TilePalette/Palettes/Traumatism_tileset_152.asset using Guid(a2c8e40211bb86e4cbd46b298f77b099) Importer(815301076,1909f56bfc062723c751e8b465ee728b)  -> (artifact id: '3617f97b7ac8ae7244586b16e2dcdbec') in 0.004750 seconds 
========================================================================
Received Import Request.
  Time since last request: 0.000014 seconds.
  path: Assets/Sprites/TilePalette/Palettes/Traumatism_tileset_63.asset
  artifactKey: Guid(0cdca11dd5987aa439d8e76be717d39f) Importer(815301076,1909f56bfc062723c751e8b465ee728b)
Start importing Assets/Sprites/TilePalette/Palettes/Traumatism_tileset_63.asset using Guid(0cdca11dd5987aa439d8e76be717d39f) Importer(815301076,1909f56bfc062723c751e8b465ee728b)  -> (artifact id: '5577f06a592f0ff75b4d56da90c241fc') in 0.004131 seconds 
========================================================================
Received Import Request.
  Time since last request: 0.000013 seconds.
  path: Assets/Sprites/TilePalette/Palettes/Traumatism_tileset_183.asset
  artifactKey: Guid(b7ed2d721741df54eaf5cf0c920ecb64) Importer(815301076,1909f56bfc062723c751e8b465ee728b)
Start importing Assets/Sprites/TilePalette/Palettes/Traumatism_tileset_183.asset using Guid(b7ed2d721741df54eaf5cf0c920ecb64) Importer(815301076,1909f56bfc062723c751e8b465ee728b)  -> (artifact id: '3c28eb5a18b4b2767df0c952dc58d926') in 0.006918 seconds 
========================================================================
Received Import Request.
  Time since last request: 0.000014 seconds.
  path: Assets/Sprites/TilePalette/Palettes/Traumatism_tileset_184.asset
  artifactKey: Guid(eec5ef160975f844f9c4ca75158091d6) Importer(815301076,1909f56bfc062723c751e8b465ee728b)
Start importing Assets/Sprites/TilePalette/Palettes/Traumatism_tileset_184.asset using Guid(eec5ef160975f844f9c4ca75158091d6) Importer(815301076,1909f56bfc062723c751e8b465ee728b)  -> (artifact id: 'd94541f5c46e5738cb04f1aa2a1b103e') in 0.007733 seconds 
========================================================================
Received Import Request.
  Time since last request: 0.000013 seconds.
  path: Assets/Sprites/TilePalette/Palettes/Traumatism_tileset_176.asset
  artifactKey: Guid(088e35008669f5041b214a4b00db58e3) Importer(815301076,1909f56bfc062723c751e8b465ee728b)
Start importing Assets/Sprites/TilePalette/Palettes/Traumatism_tileset_176.asset using Guid(088e35008669f5041b214a4b00db58e3) Importer(815301076,1909f56bfc062723c751e8b465ee728b)  -> (artifact id: '2631ea8e0499aa91d7946bdbea3fa018') in 0.005661 seconds 
========================================================================
Received Import Request.
  Time since last request: 0.000016 seconds.
  path: Assets/Sprites/TilePalette/Palettes/Traumatism_tileset_101.asset
  artifactKey: Guid(43b55d5f5b5dc034c9ab717d6fdc1f92) Importer(815301076,1909f56bfc062723c751e8b465ee728b)
Start importing Assets/Sprites/TilePalette/Palettes/Traumatism_tileset_101.asset using Guid(43b55d5f5b5dc034c9ab717d6fdc1f92) Importer(815301076,1909f56bfc062723c751e8b465ee728b)  -> (artifact id: '10f40f8f49504a7d70cdfad472991e8e') in 0.007932 seconds 
========================================================================
Received Import Request.
  Time since last request: 0.000014 seconds.
  path: Assets/Sprites/TilePalette/Palettes/Traumatism_tileset_197.asset
  artifactKey: Guid(c18a0deab64ac7f459f1bbe5f634a4ad) Importer(815301076,1909f56bfc062723c751e8b465ee728b)
Start importing Assets/Sprites/TilePalette/Palettes/Traumatism_tileset_197.asset using Guid(c18a0deab64ac7f459f1bbe5f634a4ad) Importer(815301076,1909f56bfc062723c751e8b465ee728b)  -> (artifact id: '2e6c538dd9c89623e7faa854b80c46db') in 0.008111 seconds 
========================================================================
Received Import Request.
  Time since last request: 0.000014 seconds.
  path: Assets/Sprites/TilePalette/Palettes/Traumatism_tileset_168.asset
  artifactKey: Guid(4b82dcdf1b684894ba7f5c4c9d12aace) Importer(815301076,1909f56bfc062723c751e8b465ee728b)
Start importing Assets/Sprites/TilePalette/Palettes/Traumatism_tileset_168.asset using Guid(4b82dcdf1b684894ba7f5c4c9d12aace) Importer(815301076,1909f56bfc062723c751e8b465ee728b)  -> (artifact id: 'fb1576408fe5dffe262b5ab341638c34') in 0.005915 seconds 
========================================================================
Received Import Request.
  Time since last request: 0.000013 seconds.
  path: Assets/Sprites/TilePalette/Palettes/Traumatism_tileset_69.asset
  artifactKey: Guid(d5322d78c16237c42b5a34ff77aa89db) Importer(815301076,1909f56bfc062723c751e8b465ee728b)
Start importing Assets/Sprites/TilePalette/Palettes/Traumatism_tileset_69.asset using Guid(d5322d78c16237c42b5a34ff77aa89db) Importer(815301076,1909f56bfc062723c751e8b465ee728b)  -> (artifact id: 'd19c77a7eb46cee206272c49c3613afa') in 0.005323 seconds 
========================================================================
Received Import Request.
  Time since last request: 0.000015 seconds.
  path: Assets/Sprites/TilePalette/Palettes/Traumatism_tileset_78.asset
  artifactKey: Guid(65d2bd317475d0947a3fa6d36fd102ef) Importer(815301076,1909f56bfc062723c751e8b465ee728b)
Start importing Assets/Sprites/TilePalette/Palettes/Traumatism_tileset_78.asset using Guid(65d2bd317475d0947a3fa6d36fd102ef) Importer(815301076,1909f56bfc062723c751e8b465ee728b)  -> (artifact id: '7c04d5bdb6d323975748116d14b3dfb0') in 0.008121 seconds 
========================================================================
Received Import Request.
  Time since last request: 0.000012 seconds.
  path: Assets/Sprites/TilePalette/Palettes/Traumatism_tileset_171.asset
  artifactKey: Guid(4bff33ac6101c6a4b8bd10f9db9b6eee) Importer(815301076,1909f56bfc062723c751e8b465ee728b)
Start importing Assets/Sprites/TilePalette/Palettes/Traumatism_tileset_171.asset using Guid(4bff33ac6101c6a4b8bd10f9db9b6eee) Importer(815301076,1909f56bfc062723c751e8b465ee728b)  -> (artifact id: '340f5cfc08845b5010994f692a30c5f8') in 0.006808 seconds 
========================================================================
Received Import Request.
  Time since last request: 0.000015 seconds.
  path: Assets/Sprites/TilePalette/Palettes/Traumatism_tileset_144.asset
  artifactKey: Guid(7dde1341e329cd6498272831a0bbab16) Importer(815301076,1909f56bfc062723c751e8b465ee728b)
Start importing Assets/Sprites/TilePalette/Palettes/Traumatism_tileset_144.asset using Guid(7dde1341e329cd6498272831a0bbab16) Importer(815301076,1909f56bfc062723c751e8b465ee728b)  -> (artifact id: 'a87f28451428075f4b39a3d6fb078836') in 0.007778 seconds 
========================================================================
Received Import Request.
  Time since last request: 0.000013 seconds.
  path: Assets/Sprites/TilePalette/Palettes/Traumatism_tileset_185.asset
  artifactKey: Guid(ecbdab8eaf641b646bb43d85dd19f6ad) Importer(815301076,1909f56bfc062723c751e8b465ee728b)
Start importing Assets/Sprites/TilePalette/Palettes/Traumatism_tileset_185.asset using Guid(ecbdab8eaf641b646bb43d85dd19f6ad) Importer(815301076,1909f56bfc062723c751e8b465ee728b)  -> (artifact id: '91e0f5f3fb888719336e13582bceb122') in 0.007529 seconds 
========================================================================
Received Import Request.
  Time since last request: 0.000017 seconds.
  path: Assets/Sprites/TilePalette/Palettes/Traumatism_tileset_79.asset
  artifactKey: Guid(85f631786387d1145b179eb7822c902d) Importer(815301076,1909f56bfc062723c751e8b465ee728b)
Start importing Assets/Sprites/TilePalette/Palettes/Traumatism_tileset_79.asset using Guid(85f631786387d1145b179eb7822c902d) Importer(815301076,1909f56bfc062723c751e8b465ee728b)  -> (artifact id: '734ac69d527b66c4510fc65420ae5d44') in 0.007572 seconds 
========================================================================
Received Import Request.
  Time since last request: 0.000021 seconds.
  path: Assets/Sprites/TilePalette/Palettes/Traumatism_tileset_189.asset
  artifactKey: Guid(e6ede9eff561c4548879b186d6021bae) Importer(815301076,1909f56bfc062723c751e8b465ee728b)
Start importing Assets/Sprites/TilePalette/Palettes/Traumatism_tileset_189.asset using Guid(e6ede9eff561c4548879b186d6021bae) Importer(815301076,1909f56bfc062723c751e8b465ee728b)  -> (artifact id: '2e524699b50b7966d47c9634a0db205c') in 0.007622 seconds 
========================================================================
Received Import Request.
  Time since last request: 0.000019 seconds.
  path: Assets/Sprites/TilePalette/Palettes/Traumatism_tileset_65.asset
  artifactKey: Guid(59040c1ead6514142875942f897b0054) Importer(815301076,1909f56bfc062723c751e8b465ee728b)
Start importing Assets/Sprites/TilePalette/Palettes/Traumatism_tileset_65.asset using Guid(59040c1ead6514142875942f897b0054) Importer(815301076,1909f56bfc062723c751e8b465ee728b)  -> (artifact id: '6f73358e8b91a759c731a537ee3e39b4') in 0.004902 seconds 
========================================================================
Received Import Request.
  Time since last request: 0.000017 seconds.
  path: Assets/Sprites/TilePalette/Palettes/Traumatism_tileset_55.asset
  artifactKey: Guid(5337e6c1188efff4787ebbb278f6bd25) Importer(815301076,1909f56bfc062723c751e8b465ee728b)
Start importing Assets/Sprites/TilePalette/Palettes/Traumatism_tileset_55.asset using Guid(5337e6c1188efff4787ebbb278f6bd25) Importer(815301076,1909f56bfc062723c751e8b465ee728b)  -> (artifact id: '490d97a74a8b44e52be4d9686a46e8e7') in 0.007532 seconds 
========================================================================
Received Import Request.
  Time since last request: 0.000016 seconds.
  path: Assets/Sprites/TilePalette/Palettes/Traumatism_tileset_170.asset
  artifactKey: Guid(e7f1b2a06988dc444b6e53a8c41a6e47) Importer(815301076,1909f56bfc062723c751e8b465ee728b)
Start importing Assets/Sprites/TilePalette/Palettes/Traumatism_tileset_170.asset using Guid(e7f1b2a06988dc444b6e53a8c41a6e47) Importer(815301076,1909f56bfc062723c751e8b465ee728b)  -> (artifact id: '41a3f302f3c800e926dc8957b68523a3') in 0.007668 seconds 
========================================================================
Received Import Request.
  Time since last request: 0.000024 seconds.
  path: Assets/Sprites/TilePalette/Palettes/Traumatism_tileset_163.asset
  artifactKey: Guid(76f242fa38e561142b88812ea4f8cf88) Importer(815301076,1909f56bfc062723c751e8b465ee728b)
Start importing Assets/Sprites/TilePalette/Palettes/Traumatism_tileset_163.asset using Guid(76f242fa38e561142b88812ea4f8cf88) Importer(815301076,1909f56bfc062723c751e8b465ee728b)  -> (artifact id: '75983714ea8ee3b7fdb1005b566efb28') in 0.007295 seconds 
========================================================================
Received Import Request.
  Time since last request: 0.000016 seconds.
  path: Assets/Sprites/TilePalette/Palettes/Traumatism_tileset_129.asset
  artifactKey: Guid(9e68aab8ff569ad42aafa29a4b992ae0) Importer(815301076,1909f56bfc062723c751e8b465ee728b)
Start importing Assets/Sprites/TilePalette/Palettes/Traumatism_tileset_129.asset using Guid(9e68aab8ff569ad42aafa29a4b992ae0) Importer(815301076,1909f56bfc062723c751e8b465ee728b)  -> (artifact id: '5a1979073146df66631bf7678f470868') in 0.007079 seconds 
========================================================================
Received Import Request.
  Time since last request: 0.000022 seconds.
  path: Assets/Sprites/TilePalette/Palettes/Traumatism_tileset_150.asset
  artifactKey: Guid(f9667990bd9d8044dbbe889d334ec4da) Importer(815301076,1909f56bfc062723c751e8b465ee728b)
Start importing Assets/Sprites/TilePalette/Palettes/Traumatism_tileset_150.asset using Guid(f9667990bd9d8044dbbe889d334ec4da) Importer(815301076,1909f56bfc062723c751e8b465ee728b)  -> (artifact id: 'de2a4dc9d84cefdcabed9f8a27a1e2ff') in 0.006456 seconds 
========================================================================
Received Import Request.
  Time since last request: 418.553565 seconds.
  path: Assets/Sprites/TilePalette/Palettes/Traumatism_tileset_1.asset
  artifactKey: Guid(8dc806a2157202a43962afe6366fe95f) Importer(815301076,1909f56bfc062723c751e8b465ee728b)
Start importing Assets/Sprites/TilePalette/Palettes/Traumatism_tileset_1.asset using Guid(8dc806a2157202a43962afe6366fe95f) Importer(815301076,1909f56bfc062723c751e8b465ee728b)  -> (artifact id: '2f8ab24da049daec29f8d96f097676f4') in 0.009500 seconds 
========================================================================
Received Import Request.
  Time since last request: 0.010593 seconds.
  path: Assets/Sprites/TilePalette/Palettes/Traumatism_tileset_3.asset
  artifactKey: Guid(6b52962faed98ca4b9274f7cee86f9be) Importer(815301076,1909f56bfc062723c751e8b465ee728b)
Start importing Assets/Sprites/TilePalette/Palettes/Traumatism_tileset_3.asset using Guid(6b52962faed98ca4b9274f7cee86f9be) Importer(815301076,1909f56bfc062723c751e8b465ee728b)  -> (artifact id: 'a8e05aac3942559d8bd2b42d6f8c0237') in 0.006922 seconds 
========================================================================
Received Import Request.
  Time since last request: 0.000016 seconds.
  path: Assets/Sprites/TilePalette/Palettes/Traumatism_tileset_12.asset
  artifactKey: Guid(10e8841d6afc51144b580c926367d7cd) Importer(815301076,1909f56bfc062723c751e8b465ee728b)
Start importing Assets/Sprites/TilePalette/Palettes/Traumatism_tileset_12.asset using Guid(10e8841d6afc51144b580c926367d7cd) Importer(815301076,1909f56bfc062723c751e8b465ee728b)  -> (artifact id: '767eeb9c0144e57c1068752a11c35683') in 0.007391 seconds 
========================================================================
Received Import Request.
  Time since last request: 0.000013 seconds.
  path: Assets/Sprites/TilePalette/Palettes/Traumatism_tileset_11.asset
  artifactKey: Guid(4a131cf74e693c142b855346af065fe5) Importer(815301076,1909f56bfc062723c751e8b465ee728b)
Start importing Assets/Sprites/TilePalette/Palettes/Traumatism_tileset_11.asset using Guid(4a131cf74e693c142b855346af065fe5) Importer(815301076,1909f56bfc062723c751e8b465ee728b)  -> (artifact id: 'dc1114c1d522a049c237212aca3ee072') in 0.005043 seconds 
========================================================================
Received Import Request.
  Time since last request: 0.000016 seconds.
  path: Assets/Sprites/TilePalette/Palettes/Traumatism_tileset_8.asset
  artifactKey: Guid(c198e12ab27b37c4aaf2d9c36909b174) Importer(815301076,1909f56bfc062723c751e8b465ee728b)
Start importing Assets/Sprites/TilePalette/Palettes/Traumatism_tileset_8.asset using Guid(c198e12ab27b37c4aaf2d9c36909b174) Importer(815301076,1909f56bfc062723c751e8b465ee728b)  -> (artifact id: '8339394556a2741ab15684369168d0bf') in 0.005022 seconds 
========================================================================
Received Import Request.
  Time since last request: 0.000015 seconds.
  path: Assets/Sprites/TilePalette/Palettes/Traumatism_tileset_10.asset
  artifactKey: Guid(b09f94961ac23de46a1f081b0f1c492a) Importer(815301076,1909f56bfc062723c751e8b465ee728b)
Start importing Assets/Sprites/TilePalette/Palettes/Traumatism_tileset_10.asset using Guid(b09f94961ac23de46a1f081b0f1c492a) Importer(815301076,1909f56bfc062723c751e8b465ee728b)  -> (artifact id: '585c1afe5493637d01ff3ba7ed3d737c') in 0.006155 seconds 
========================================================================
Received Import Request.
  Time since last request: 0.000019 seconds.
  path: Assets/Sprites/TilePalette/Palettes/Traumatism_tileset_6.asset
  artifactKey: Guid(52d55cd28d50cd44a97e3ba2e2d3b57c) Importer(815301076,1909f56bfc062723c751e8b465ee728b)
Start importing Assets/Sprites/TilePalette/Palettes/Traumatism_tileset_6.asset using Guid(52d55cd28d50cd44a97e3ba2e2d3b57c) Importer(815301076,1909f56bfc062723c751e8b465ee728b)  -> (artifact id: 'ecf0c4ba16c552f020fbb1732a8451d3') in 0.007172 seconds 
========================================================================
Received Import Request.
  Time since last request: 0.000015 seconds.
  path: Assets/Sprites/TilePalette/Palettes/Traumatism_tileset_9.asset
  artifactKey: Guid(c7367101803be974294841e8614d5d6d) Importer(815301076,1909f56bfc062723c751e8b465ee728b)
Start importing Assets/Sprites/TilePalette/Palettes/Traumatism_tileset_9.asset using Guid(c7367101803be974294841e8614d5d6d) Importer(815301076,1909f56bfc062723c751e8b465ee728b)  -> (artifact id: '82ffc2896bcbc941265eb75d009e8986') in 0.009043 seconds 
========================================================================
Received Import Request.
  Time since last request: 1.093692 seconds.
  path: Assets/Sprites/TilePalette/Palettes/Traumatism_tileset_18.asset
  artifactKey: Guid(1f9034cd954adba4681ade3822948a33) Importer(815301076,1909f56bfc062723c751e8b465ee728b)
Start importing Assets/Sprites/TilePalette/Palettes/Traumatism_tileset_18.asset using Guid(1f9034cd954adba4681ade3822948a33) Importer(815301076,1909f56bfc062723c751e8b465ee728b)  -> (artifact id: '74f65caa5e4336742767c7f66728ce81') in 0.005947 seconds 
========================================================================
Received Import Request.
  Time since last request: 0.000016 seconds.
  path: Assets/Sprites/TilePalette/Palettes/Traumatism_tileset_19.asset
  artifactKey: Guid(77a9e0162cdf6044583459e78a8fa78a) Importer(815301076,1909f56bfc062723c751e8b465ee728b)
Start importing Assets/Sprites/TilePalette/Palettes/Traumatism_tileset_19.asset using Guid(77a9e0162cdf6044583459e78a8fa78a) Importer(815301076,1909f56bfc062723c751e8b465ee728b)  -> (artifact id: 'cc9c8ba8b5b3d1a3a5b9c443146aac0f') in 0.004309 seconds 
========================================================================
Received Import Request.
  Time since last request: 0.000021 seconds.
  path: Assets/Sprites/TilePalette/Palettes/Traumatism_tileset_21.asset
  artifactKey: Guid(d5cbb12452055d948881da5df2a7fc87) Importer(815301076,1909f56bfc062723c751e8b465ee728b)
Start importing Assets/Sprites/TilePalette/Palettes/Traumatism_tileset_21.asset using Guid(d5cbb12452055d948881da5df2a7fc87) Importer(815301076,1909f56bfc062723c751e8b465ee728b)  -> (artifact id: '3d4733cf599ac95147efd3d9851156d1') in 0.006602 seconds 
========================================================================
Received Import Request.
  Time since last request: 0.000013 seconds.
  path: Assets/Sprites/TilePalette/Palettes/Traumatism_tileset_23.asset
  artifactKey: Guid(5f603049d76097648a9c137a81af63c0) Importer(815301076,1909f56bfc062723c751e8b465ee728b)
Start importing Assets/Sprites/TilePalette/Palettes/Traumatism_tileset_23.asset using Guid(5f603049d76097648a9c137a81af63c0) Importer(815301076,1909f56bfc062723c751e8b465ee728b)  -> (artifact id: '675b6a5d9590f57b5b91a97b94e4b5cf') in 0.006043 seconds 
========================================================================
Received Import Request.
  Time since last request: 0.000015 seconds.
  path: Assets/Sprites/TilePalette/Palettes/Traumatism_tileset_25.asset
  artifactKey: Guid(ee9586fe89db0154a94ee1b10e7def4d) Importer(815301076,1909f56bfc062723c751e8b465ee728b)
Start importing Assets/Sprites/TilePalette/Palettes/Traumatism_tileset_25.asset using Guid(ee9586fe89db0154a94ee1b10e7def4d) Importer(815301076,1909f56bfc062723c751e8b465ee728b)  -> (artifact id: '89d43b20e8ebca48f0e7df649b6a23bd') in 0.005180 seconds 
========================================================================
Received Import Request.
  Time since last request: 0.000015 seconds.
  path: Assets/Sprites/TilePalette/Palettes/Traumatism_tileset_39.asset
  artifactKey: Guid(1c101399bc4562246bcb5c67feb9345b) Importer(815301076,1909f56bfc062723c751e8b465ee728b)
Start importing Assets/Sprites/TilePalette/Palettes/Traumatism_tileset_39.asset using Guid(1c101399bc4562246bcb5c67feb9345b) Importer(815301076,1909f56bfc062723c751e8b465ee728b)  -> (artifact id: '47ac9f3306e32fbbc2475294b64c4b62') in 0.005672 seconds 
========================================================================
Received Import Request.
  Time since last request: 0.000012 seconds.
  path: Assets/Sprites/TilePalette/Palettes/Traumatism_tileset_40.asset
  artifactKey: Guid(d9952cdf0986164489acc77f107b5e7a) Importer(815301076,1909f56bfc062723c751e8b465ee728b)
Start importing Assets/Sprites/TilePalette/Palettes/Traumatism_tileset_40.asset using Guid(d9952cdf0986164489acc77f107b5e7a) Importer(815301076,1909f56bfc062723c751e8b465ee728b)  -> (artifact id: 'd5a926c6d960f5deeeaccf6d53b64ac3') in 0.005135 seconds 
========================================================================
Received Import Request.
  Time since last request: 0.000010 seconds.
  path: Assets/Sprites/TilePalette/Palettes/Traumatism_tileset_54.asset
  artifactKey: Guid(1a9332a34e6d4744b809c19909351658) Importer(815301076,1909f56bfc062723c751e8b465ee728b)
Start importing Assets/Sprites/TilePalette/Palettes/Traumatism_tileset_54.asset using Guid(1a9332a34e6d4744b809c19909351658) Importer(815301076,1909f56bfc062723c751e8b465ee728b)  -> (artifact id: 'dcfc24e113ee51ae40700d2483f9339d') in 0.004322 seconds 
========================================================================
Received Import Request.
  Time since last request: 0.000020 seconds.
  path: Assets/Sprites/TilePalette/Palettes/Traumatism_tileset_44.asset
  artifactKey: Guid(111446ce813e43045bbca669648695a2) Importer(815301076,1909f56bfc062723c751e8b465ee728b)
Start importing Assets/Sprites/TilePalette/Palettes/Traumatism_tileset_44.asset using Guid(111446ce813e43045bbca669648695a2) Importer(815301076,1909f56bfc062723c751e8b465ee728b)  -> (artifact id: 'a2c27bef0c8d0d1e8a0300ef97c4f38e') in 0.007707 seconds 
========================================================================
Received Import Request.
  Time since last request: 0.000014 seconds.
  path: Assets/Sprites/TilePalette/Palettes/Traumatism_tileset_51.asset
  artifactKey: Guid(24895d5b4f4fc3a45b2981d7ca675efd) Importer(815301076,1909f56bfc062723c751e8b465ee728b)
Start importing Assets/Sprites/TilePalette/Palettes/Traumatism_tileset_51.asset using Guid(24895d5b4f4fc3a45b2981d7ca675efd) Importer(815301076,1909f56bfc062723c751e8b465ee728b)  -> (artifact id: '855b475a09bbf2dc2230e070e8c07df0') in 0.004404 seconds 
========================================================================
Received Import Request.
  Time since last request: 0.000013 seconds.
  path: Assets/Sprites/TilePalette/Palettes/Traumatism_tileset_83.asset
  artifactKey: Guid(3ec0a830f48e9c94d838c2cb46641f06) Importer(815301076,1909f56bfc062723c751e8b465ee728b)
Start importing Assets/Sprites/TilePalette/Palettes/Traumatism_tileset_83.asset using Guid(3ec0a830f48e9c94d838c2cb46641f06) Importer(815301076,1909f56bfc062723c751e8b465ee728b)  -> (artifact id: 'e57c0e0e26a70c66e4e978b275d255d8') in 0.004277 seconds 
========================================================================
Received Import Request.
  Time since last request: 0.000011 seconds.
  path: Assets/Sprites/TilePalette/Palettes/Traumatism_tileset_105.asset
  artifactKey: Guid(70ce7458880fef6468b35a0de364cc94) Importer(815301076,1909f56bfc062723c751e8b465ee728b)
Start importing Assets/Sprites/TilePalette/Palettes/Traumatism_tileset_105.asset using Guid(70ce7458880fef6468b35a0de364cc94) Importer(815301076,1909f56bfc062723c751e8b465ee728b)  -> (artifact id: '3dec48a4d07a1f267c95054e34b00573') in 0.006132 seconds 
========================================================================
Received Import Request.
  Time since last request: 0.000016 seconds.
  path: Assets/Sprites/TilePalette/Palettes/Traumatism_tileset_114.asset
  artifactKey: Guid(3d141a1380f983e4bb25e25ec4ca39f4) Importer(815301076,1909f56bfc062723c751e8b465ee728b)
Start importing Assets/Sprites/TilePalette/Palettes/Traumatism_tileset_114.asset using Guid(3d141a1380f983e4bb25e25ec4ca39f4) Importer(815301076,1909f56bfc062723c751e8b465ee728b)  -> (artifact id: '59752b459fe16b6a0a41a6bb66ca66c6') in 0.004946 seconds 
========================================================================
Received Import Request.
  Time since last request: 0.000012 seconds.
  path: Assets/Sprites/TilePalette/Palettes/Traumatism_tileset_112.asset
  artifactKey: Guid(d247cd7a2630c834090102cd37e8ca88) Importer(815301076,1909f56bfc062723c751e8b465ee728b)
Start importing Assets/Sprites/TilePalette/Palettes/Traumatism_tileset_112.asset using Guid(d247cd7a2630c834090102cd37e8ca88) Importer(815301076,1909f56bfc062723c751e8b465ee728b)  -> (artifact id: '4236d1344eb7d5ca51688136bec5410b') in 0.004261 seconds 
========================================================================
Received Import Request.
  Time since last request: 0.000015 seconds.
  path: Assets/Sprites/TilePalette/Palettes/Traumatism_tileset_135.asset
  artifactKey: Guid(81eeed6f826138544ac979a97e237d89) Importer(815301076,1909f56bfc062723c751e8b465ee728b)
Start importing Assets/Sprites/TilePalette/Palettes/Traumatism_tileset_135.asset using Guid(81eeed6f826138544ac979a97e237d89) Importer(815301076,1909f56bfc062723c751e8b465ee728b)  -> (artifact id: 'b9e5e5f0a9a3845429be1bcc5b6e1dbd') in 0.006819 seconds 
========================================================================
Received Import Request.
  Time since last request: 0.000013 seconds.
  path: Assets/Sprites/TilePalette/Palettes/Traumatism_tileset_138.asset
  artifactKey: Guid(59e4d9e7145d8784b8eeb70dc2cfc9ff) Importer(815301076,1909f56bfc062723c751e8b465ee728b)
Start importing Assets/Sprites/TilePalette/Palettes/Traumatism_tileset_138.asset using Guid(59e4d9e7145d8784b8eeb70dc2cfc9ff) Importer(815301076,1909f56bfc062723c751e8b465ee728b)  -> (artifact id: '29aef0eaccf14d6eeecbf6ca8a95f525') in 0.005292 seconds 
========================================================================
Received Import Request.
  Time since last request: 0.000013 seconds.
  path: Assets/Sprites/TilePalette/Palettes/Traumatism_tileset_160.asset
  artifactKey: Guid(93af81ed4ea26ea4c90703263fda7923) Importer(815301076,1909f56bfc062723c751e8b465ee728b)
Start importing Assets/Sprites/TilePalette/Palettes/Traumatism_tileset_160.asset using Guid(93af81ed4ea26ea4c90703263fda7923) Importer(815301076,1909f56bfc062723c751e8b465ee728b)  -> (artifact id: '569e471ff7b244623297d7c32042616b') in 0.006452 seconds 
========================================================================
Received Import Request.
  Time since last request: 0.000015 seconds.
  path: Assets/Sprites/TilePalette/Palettes/Traumatism_tileset_151.asset
  artifactKey: Guid(a62c63252db0a3341b189515d6d871d7) Importer(815301076,1909f56bfc062723c751e8b465ee728b)
Start importing Assets/Sprites/TilePalette/Palettes/Traumatism_tileset_151.asset using Guid(a62c63252db0a3341b189515d6d871d7) Importer(815301076,1909f56bfc062723c751e8b465ee728b)  -> (artifact id: '127b48764356e91b12f3c8af62402f45') in 0.004508 seconds 
========================================================================
Received Import Request.
  Time since last request: 0.000013 seconds.
  path: Assets/Sprites/TilePalette/Palettes/Traumatism_tileset_177.asset
  artifactKey: Guid(f0c81415ca24c2b488c32ae74721d39a) Importer(815301076,1909f56bfc062723c751e8b465ee728b)
Start importing Assets/Sprites/TilePalette/Palettes/Traumatism_tileset_177.asset using Guid(f0c81415ca24c2b488c32ae74721d39a) Importer(815301076,1909f56bfc062723c751e8b465ee728b)  -> (artifact id: '437848a417168b92c0ea96d5b903df05') in 0.007280 seconds 
========================================================================
Received Import Request.
  Time since last request: 0.000013 seconds.
  path: Assets/Sprites/TilePalette/Palettes/Traumatism_tileset_174.asset
  artifactKey: Guid(782c145be853fcb4a8d713ec3076476f) Importer(815301076,1909f56bfc062723c751e8b465ee728b)
Start importing Assets/Sprites/TilePalette/Palettes/Traumatism_tileset_174.asset using Guid(782c145be853fcb4a8d713ec3076476f) Importer(815301076,1909f56bfc062723c751e8b465ee728b)  -> (artifact id: '80496bd716c61773d6a441e34758d27d') in 0.007394 seconds 
========================================================================
Received Import Request.
  Time since last request: 0.000016 seconds.
  path: Assets/Sprites/TilePalette/Palettes/Traumatism_tileset_180.asset
  artifactKey: Guid(cef8b08116096194ca7881c2e10cff5f) Importer(815301076,1909f56bfc062723c751e8b465ee728b)
Start importing Assets/Sprites/TilePalette/Palettes/Traumatism_tileset_180.asset using Guid(cef8b08116096194ca7881c2e10cff5f) Importer(815301076,1909f56bfc062723c751e8b465ee728b)  -> (artifact id: '3af8cfd052c94f76d6d60749ec972607') in 0.004646 seconds 
========================================================================
Received Import Request.
  Time since last request: 0.000015 seconds.
  path: Assets/Sprites/TilePalette/Palettes/Traumatism_tileset_184.asset
  artifactKey: Guid(eec5ef160975f844f9c4ca75158091d6) Importer(815301076,1909f56bfc062723c751e8b465ee728b)
Start importing Assets/Sprites/TilePalette/Palettes/Traumatism_tileset_184.asset using Guid(eec5ef160975f844f9c4ca75158091d6) Importer(815301076,1909f56bfc062723c751e8b465ee728b)  -> (artifact id: '66ddbafb016b11db742d2437ac4f3ee0') in 0.007127 seconds 
========================================================================
Received Import Request.
  Time since last request: 0.000014 seconds.
  path: Assets/Sprites/TilePalette/Palettes/Traumatism_tileset_74.asset
  artifactKey: Guid(0bc45e2d8502d0b4a895965042493229) Importer(815301076,1909f56bfc062723c751e8b465ee728b)
Start importing Assets/Sprites/TilePalette/Palettes/Traumatism_tileset_74.asset using Guid(0bc45e2d8502d0b4a895965042493229) Importer(815301076,1909f56bfc062723c751e8b465ee728b)  -> (artifact id: '0f3bb2e72cdae3bc07eff6054f76522a') in 0.006623 seconds 
========================================================================
Received Import Request.
  Time since last request: 0.000014 seconds.
  path: Assets/Sprites/TilePalette/Palettes/Traumatism_tileset_84.asset
  artifactKey: Guid(ee4dff810bb513e4dba87c679b30478a) Importer(815301076,1909f56bfc062723c751e8b465ee728b)
Start importing Assets/Sprites/TilePalette/Palettes/Traumatism_tileset_84.asset using Guid(ee4dff810bb513e4dba87c679b30478a) Importer(815301076,1909f56bfc062723c751e8b465ee728b)  -> (artifact id: '22126ef985584c07a1ed8620f22932ea') in 0.007647 seconds 
========================================================================
Received Import Request.
  Time since last request: 0.000017 seconds.
  path: Assets/Sprites/TilePalette/Palettes/Traumatism_tileset_161.asset
  artifactKey: Guid(f97933aea3d8bc74d900bbd4ba1e5391) Importer(815301076,1909f56bfc062723c751e8b465ee728b)
Start importing Assets/Sprites/TilePalette/Palettes/Traumatism_tileset_161.asset using Guid(f97933aea3d8bc74d900bbd4ba1e5391) Importer(815301076,1909f56bfc062723c751e8b465ee728b)  -> (artifact id: 'e889b449138104e7a4519873bd1f6111') in 0.004753 seconds 
========================================================================
Received Import Request.
  Time since last request: 0.000016 seconds.
  path: Assets/Sprites/TilePalette/Palettes/Traumatism_tileset_45.asset
  artifactKey: Guid(73c37e55f92d39c49a0dfa675137944a) Importer(815301076,1909f56bfc062723c751e8b465ee728b)
Start importing Assets/Sprites/TilePalette/Palettes/Traumatism_tileset_45.asset using Guid(73c37e55f92d39c49a0dfa675137944a) Importer(815301076,1909f56bfc062723c751e8b465ee728b)  -> (artifact id: '61f7da30354f4d816bd34e6574cf2ae3') in 0.007152 seconds 
========================================================================
Received Import Request.
  Time since last request: 0.000011 seconds.
  path: Assets/Sprites/TilePalette/Palettes/Traumatism_tileset_190.asset
  artifactKey: Guid(6780688c253393b4e909096c690200c6) Importer(815301076,1909f56bfc062723c751e8b465ee728b)
Start importing Assets/Sprites/TilePalette/Palettes/Traumatism_tileset_190.asset using Guid(6780688c253393b4e909096c690200c6) Importer(815301076,1909f56bfc062723c751e8b465ee728b)  -> (artifact id: 'db66b54c39c93e552b66ec19f13ce68b') in 0.004164 seconds 
========================================================================
Received Import Request.
  Time since last request: 0.000013 seconds.
  path: Assets/Sprites/TilePalette/Palettes/Traumatism_tileset_31.asset
  artifactKey: Guid(40488327fce73fd47a74fb2680c53f56) Importer(815301076,1909f56bfc062723c751e8b465ee728b)
Start importing Assets/Sprites/TilePalette/Palettes/Traumatism_tileset_31.asset using Guid(40488327fce73fd47a74fb2680c53f56) Importer(815301076,1909f56bfc062723c751e8b465ee728b)  -> (artifact id: '9c03f0cedae823edbbd7691261bf63d4') in 0.004389 seconds 
========================================================================
Received Import Request.
  Time since last request: 0.000012 seconds.
  path: Assets/Sprites/TilePalette/Palettes/Traumatism_tileset_153.asset
  artifactKey: Guid(b054b152fff89764a97829a7dec4234a) Importer(815301076,1909f56bfc062723c751e8b465ee728b)
Start importing Assets/Sprites/TilePalette/Palettes/Traumatism_tileset_153.asset using Guid(b054b152fff89764a97829a7dec4234a) Importer(815301076,1909f56bfc062723c751e8b465ee728b)  -> (artifact id: 'c7cae96a7d0bcd7b472bb1eaa499e13c') in 0.007748 seconds 
========================================================================
Received Import Request.
  Time since last request: 0.000017 seconds.
  path: Assets/Sprites/TilePalette/Palettes/Traumatism_tileset_57.asset
  artifactKey: Guid(b3ddbc34e514ec44c8b66c00c575bf4a) Importer(815301076,1909f56bfc062723c751e8b465ee728b)
Start importing Assets/Sprites/TilePalette/Palettes/Traumatism_tileset_57.asset using Guid(b3ddbc34e514ec44c8b66c00c575bf4a) Importer(815301076,1909f56bfc062723c751e8b465ee728b)  -> (artifact id: '131af0cde6c30ed69bdeaf20ab1f868d') in 0.004873 seconds 
========================================================================
Received Import Request.
  Time since last request: 0.000015 seconds.
  path: Assets/Sprites/TilePalette/Palettes/Traumatism_tileset_127.asset
  artifactKey: Guid(9c09041c96bafd644acf1f3bd6c10a53) Importer(815301076,1909f56bfc062723c751e8b465ee728b)
Start importing Assets/Sprites/TilePalette/Palettes/Traumatism_tileset_127.asset using Guid(9c09041c96bafd644acf1f3bd6c10a53) Importer(815301076,1909f56bfc062723c751e8b465ee728b)  -> (artifact id: 'c8cae9e1151d588f8177deb3137c6a06') in 0.004461 seconds 
========================================================================
Received Import Request.
  Time since last request: 0.000012 seconds.
  path: Assets/Sprites/TilePalette/Palettes/Traumatism_tileset_152.asset
  artifactKey: Guid(a2c8e40211bb86e4cbd46b298f77b099) Importer(815301076,1909f56bfc062723c751e8b465ee728b)
Start importing Assets/Sprites/TilePalette/Palettes/Traumatism_tileset_152.asset using Guid(a2c8e40211bb86e4cbd46b298f77b099) Importer(815301076,1909f56bfc062723c751e8b465ee728b)  -> (artifact id: 'b8d5fc9f1043f57010f422e75e998cb0') in 0.004909 seconds 
========================================================================
Received Import Request.
  Time since last request: 0.000015 seconds.
  path: Assets/Sprites/TilePalette/Palettes/Traumatism_tileset_109.asset
  artifactKey: Guid(79134ac6ceab12444b626480b93064b6) Importer(815301076,1909f56bfc062723c751e8b465ee728b)
Start importing Assets/Sprites/TilePalette/Palettes/Traumatism_tileset_109.asset using Guid(79134ac6ceab12444b626480b93064b6) Importer(815301076,1909f56bfc062723c751e8b465ee728b)  -> (artifact id: '673e1bbf7f1519ee1abcf1eed82092c1') in 0.004964 seconds 
========================================================================
Received Import Request.
  Time since last request: 0.000013 seconds.
  path: Assets/Sprites/TilePalette/Palettes/Traumatism_tileset_188.asset
  artifactKey: Guid(6bac9522b7dc81c4a8fffd70eec5c6da) Importer(815301076,1909f56bfc062723c751e8b465ee728b)
Start importing Assets/Sprites/TilePalette/Palettes/Traumatism_tileset_188.asset using Guid(6bac9522b7dc81c4a8fffd70eec5c6da) Importer(815301076,1909f56bfc062723c751e8b465ee728b)  -> (artifact id: '569f1be7636c20e3462d41b91075db40') in 0.004597 seconds 
========================================================================
Received Import Request.
  Time since last request: 0.000014 seconds.
  path: Assets/Sprites/TilePalette/Palettes/Traumatism_tileset_182.asset
  artifactKey: Guid(e98e1ca83a0353a478f5401f3ecdd5b9) Importer(815301076,1909f56bfc062723c751e8b465ee728b)
Start importing Assets/Sprites/TilePalette/Palettes/Traumatism_tileset_182.asset using Guid(e98e1ca83a0353a478f5401f3ecdd5b9) Importer(815301076,1909f56bfc062723c751e8b465ee728b)  -> (artifact id: '7b12104833c2927123dc6ce1e981b3e1') in 0.005462 seconds 
========================================================================
Received Import Request.
  Time since last request: 0.000012 seconds.
  path: Assets/Sprites/TilePalette/Palettes/Traumatism_tileset_110.asset
  artifactKey: Guid(089de5fccfd0d9547b28d183e13500f3) Importer(815301076,1909f56bfc062723c751e8b465ee728b)
Start importing Assets/Sprites/TilePalette/Palettes/Traumatism_tileset_110.asset using Guid(089de5fccfd0d9547b28d183e13500f3) Importer(815301076,1909f56bfc062723c751e8b465ee728b)  -> (artifact id: 'fd7e30158b29ba582201656cd6519e3f') in 0.004806 seconds 
========================================================================
Received Import Request.
  Time since last request: 0.000015 seconds.
  path: Assets/Sprites/TilePalette/Palettes/Traumatism_tileset_197.asset
  artifactKey: Guid(c18a0deab64ac7f459f1bbe5f634a4ad) Importer(815301076,1909f56bfc062723c751e8b465ee728b)
Start importing Assets/Sprites/TilePalette/Palettes/Traumatism_tileset_197.asset using Guid(c18a0deab64ac7f459f1bbe5f634a4ad) Importer(815301076,1909f56bfc062723c751e8b465ee728b)  -> (artifact id: 'b3607e86eacf3893e8d254425ce5d9f4') in 0.007067 seconds 
========================================================================
Received Import Request.
  Time since last request: 0.000015 seconds.
  path: Assets/Sprites/TilePalette/Palettes/Traumatism_tileset_162.asset
  artifactKey: Guid(2172e3471c6a716439c2417f9bed7f2d) Importer(815301076,1909f56bfc062723c751e8b465ee728b)
Start importing Assets/Sprites/TilePalette/Palettes/Traumatism_tileset_162.asset using Guid(2172e3471c6a716439c2417f9bed7f2d) Importer(815301076,1909f56bfc062723c751e8b465ee728b)  -> (artifact id: '7b618e49c48d7c0e9a03a490e87e4c0e') in 0.005074 seconds 
========================================================================
Received Import Request.
  Time since last request: 0.000015 seconds.
  path: Assets/Sprites/TilePalette/Palettes/Traumatism_tileset_169.asset
  artifactKey: Guid(fb7bf8204a5c0764e81a481d65ae7d28) Importer(815301076,1909f56bfc062723c751e8b465ee728b)
Start importing Assets/Sprites/TilePalette/Palettes/Traumatism_tileset_169.asset using Guid(fb7bf8204a5c0764e81a481d65ae7d28) Importer(815301076,1909f56bfc062723c751e8b465ee728b)  -> (artifact id: 'a26c96977a28f64fe3a893a82c95ec76') in 0.005230 seconds 
========================================================================
Received Import Request.
  Time since last request: 0.000014 seconds.
  path: Assets/Sprites/TilePalette/Palettes/Traumatism_tileset_86.asset
  artifactKey: Guid(82336b1c521dd3c4fb60debc1c02c78a) Importer(815301076,1909f56bfc062723c751e8b465ee728b)
Start importing Assets/Sprites/TilePalette/Palettes/Traumatism_tileset_86.asset using Guid(82336b1c521dd3c4fb60debc1c02c78a) Importer(815301076,1909f56bfc062723c751e8b465ee728b)  -> (artifact id: 'f338e7eb9dd4ac15d42b109bd6c66bf4') in 0.004694 seconds 
========================================================================
Received Import Request.
  Time since last request: 0.000013 seconds.
  path: Assets/Sprites/TilePalette/Palettes/Traumatism_tileset_128.asset
  artifactKey: Guid(527a424fe2985a241bd5b8b7540cdacc) Importer(815301076,1909f56bfc062723c751e8b465ee728b)
Start importing Assets/Sprites/TilePalette/Palettes/Traumatism_tileset_128.asset using Guid(527a424fe2985a241bd5b8b7540cdacc) Importer(815301076,1909f56bfc062723c751e8b465ee728b)  -> (artifact id: '7ca1a91f73e21cbb55fcb1b78bf85b67') in 0.007212 seconds 
========================================================================
Received Import Request.
  Time since last request: 0.000013 seconds.
  path: Assets/Sprites/TilePalette/Palettes/Traumatism_tileset_77.asset
  artifactKey: Guid(805efeebe8b0f734890e688e9b630eda) Importer(815301076,1909f56bfc062723c751e8b465ee728b)
Start importing Assets/Sprites/TilePalette/Palettes/Traumatism_tileset_77.asset using Guid(805efeebe8b0f734890e688e9b630eda) Importer(815301076,1909f56bfc062723c751e8b465ee728b)  -> (artifact id: '5fdc9de842b96a8b9f0a27328affd221') in 0.005782 seconds 
========================================================================
Received Import Request.
  Time since last request: 0.000012 seconds.
  path: Assets/Sprites/TilePalette/Palettes/Traumatism_tileset_156.asset
  artifactKey: Guid(3b7cfef598b401145b187aedcbc52610) Importer(815301076,1909f56bfc062723c751e8b465ee728b)
Start importing Assets/Sprites/TilePalette/Palettes/Traumatism_tileset_156.asset using Guid(3b7cfef598b401145b187aedcbc52610) Importer(815301076,1909f56bfc062723c751e8b465ee728b)  -> (artifact id: '76d8a41e5bba8c5cebc096cb3d6e5aab') in 0.006185 seconds 
========================================================================
Received Import Request.
  Time since last request: 0.000012 seconds.
  path: Assets/Sprites/TilePalette/Palettes/Traumatism_tileset_178.asset
  artifactKey: Guid(c6331c889a2c5e24eabdc1bef5b365c9) Importer(815301076,1909f56bfc062723c751e8b465ee728b)
Start importing Assets/Sprites/TilePalette/Palettes/Traumatism_tileset_178.asset using Guid(c6331c889a2c5e24eabdc1bef5b365c9) Importer(815301076,1909f56bfc062723c751e8b465ee728b)  -> (artifact id: '780cbef4ba34f801eb24c93d9687d263') in 0.004124 seconds 
========================================================================
Received Import Request.
  Time since last request: 0.000016 seconds.
  path: Assets/Sprites/TilePalette/Palettes/Traumatism_tileset_28.asset
  artifactKey: Guid(5e1bd4ffac49c9e4e924f843426f862a) Importer(815301076,1909f56bfc062723c751e8b465ee728b)
Start importing Assets/Sprites/TilePalette/Palettes/Traumatism_tileset_28.asset using Guid(5e1bd4ffac49c9e4e924f843426f862a) Importer(815301076,1909f56bfc062723c751e8b465ee728b)  -> (artifact id: '5efd1d4f6bdb99ac98b7542498ad804c') in 0.005361 seconds 
========================================================================
Received Import Request.
  Time since last request: 0.000015 seconds.
  path: Assets/Sprites/TilePalette/Palettes/Traumatism_tileset_111.asset
  artifactKey: Guid(1680ad8232af05b4192507c30aa5576e) Importer(815301076,1909f56bfc062723c751e8b465ee728b)
Start importing Assets/Sprites/TilePalette/Palettes/Traumatism_tileset_111.asset using Guid(1680ad8232af05b4192507c30aa5576e) Importer(815301076,1909f56bfc062723c751e8b465ee728b)  -> (artifact id: 'e544cda52a1c9e1647b0fb008ba29a78') in 0.006097 seconds 
========================================================================
Received Import Request.
  Time since last request: 0.000013 seconds.
  path: Assets/Sprites/TilePalette/Palettes/Traumatism_tileset_33.asset
  artifactKey: Guid(34fccc93a30b30640ba6f00ff00e0a44) Importer(815301076,1909f56bfc062723c751e8b465ee728b)
Start importing Assets/Sprites/TilePalette/Palettes/Traumatism_tileset_33.asset using Guid(34fccc93a30b30640ba6f00ff00e0a44) Importer(815301076,1909f56bfc062723c751e8b465ee728b)  -> (artifact id: '2cd91a9433aa0bb7c333b83fbb766031') in 0.004673 seconds 
========================================================================
Received Import Request.
  Time since last request: 0.000015 seconds.
  path: Assets/Sprites/TilePalette/Palettes/Traumatism_tileset_106.asset
  artifactKey: Guid(4fdf532f2e24ea345a33da507172e1c4) Importer(815301076,1909f56bfc062723c751e8b465ee728b)
Start importing Assets/Sprites/TilePalette/Palettes/Traumatism_tileset_106.asset using Guid(4fdf532f2e24ea345a33da507172e1c4) Importer(815301076,1909f56bfc062723c751e8b465ee728b)  -> (artifact id: 'f479b01cebb5f3aa19978081042bcbee') in 0.004926 seconds 
========================================================================
Received Import Request.
  Time since last request: 0.000016 seconds.
  path: Assets/Sprites/TilePalette/Palettes/Traumatism_tileset_155.asset
  artifactKey: Guid(31d9dee6e25d24b45a9df7276ff7fda6) Importer(815301076,1909f56bfc062723c751e8b465ee728b)
Start importing Assets/Sprites/TilePalette/Palettes/Traumatism_tileset_155.asset using Guid(31d9dee6e25d24b45a9df7276ff7fda6) Importer(815301076,1909f56bfc062723c751e8b465ee728b)  -> (artifact id: 'c6bec8cca273d5a8c3d2125b4648eeef') in 0.006039 seconds 
========================================================================
Received Import Request.
  Time since last request: 0.000020 seconds.
  path: Assets/Sprites/TilePalette/Palettes/Traumatism_tileset_59.asset
  artifactKey: Guid(2c1e0fb73b8db9d4e911e7a32bda5184) Importer(815301076,1909f56bfc062723c751e8b465ee728b)
Start importing Assets/Sprites/TilePalette/Palettes/Traumatism_tileset_59.asset using Guid(2c1e0fb73b8db9d4e911e7a32bda5184) Importer(815301076,1909f56bfc062723c751e8b465ee728b)  -> (artifact id: '13919d2a64d03807e8f79d0f7938c55c') in 0.007974 seconds 
========================================================================
Received Import Request.
  Time since last request: 0.000013 seconds.
  path: Assets/Sprites/TilePalette/Palettes/Traumatism_tileset_30.asset
  artifactKey: Guid(0afee2a2a65af954b86684c963baf0f7) Importer(815301076,1909f56bfc062723c751e8b465ee728b)
Start importing Assets/Sprites/TilePalette/Palettes/Traumatism_tileset_30.asset using Guid(0afee2a2a65af954b86684c963baf0f7) Importer(815301076,1909f56bfc062723c751e8b465ee728b)  -> (artifact id: '150d4298f59718e77a47c56ba3c5ba37') in 0.005246 seconds 
========================================================================
Received Import Request.
  Time since last request: 0.000013 seconds.
  path: Assets/Sprites/TilePalette/Palettes/Traumatism_tileset_179.asset
  artifactKey: Guid(6893c1f6afb075b479f0960a6de55b28) Importer(815301076,1909f56bfc062723c751e8b465ee728b)
Start importing Assets/Sprites/TilePalette/Palettes/Traumatism_tileset_179.asset using Guid(6893c1f6afb075b479f0960a6de55b28) Importer(815301076,1909f56bfc062723c751e8b465ee728b)  -> (artifact id: '535dfcbaa598364112a4a9bdcf49d96c') in 0.004754 seconds 
========================================================================
Received Import Request.
  Time since last request: 0.000011 seconds.
  path: Assets/Sprites/TilePalette/Palettes/Traumatism_tileset_26.asset
  artifactKey: Guid(4f98d52d3cece2c4c953340104f30c7d) Importer(815301076,1909f56bfc062723c751e8b465ee728b)
Start importing Assets/Sprites/TilePalette/Palettes/Traumatism_tileset_26.asset using Guid(4f98d52d3cece2c4c953340104f30c7d) Importer(815301076,1909f56bfc062723c751e8b465ee728b)  -> (artifact id: 'caf6717f9f2495cfe903c0eba301539b') in 0.007606 seconds 
========================================================================
Received Import Request.
  Time since last request: 0.000014 seconds.
  path: Assets/Sprites/TilePalette/Palettes/Traumatism_tileset_185.asset
  artifactKey: Guid(ecbdab8eaf641b646bb43d85dd19f6ad) Importer(815301076,1909f56bfc062723c751e8b465ee728b)
Start importing Assets/Sprites/TilePalette/Palettes/Traumatism_tileset_185.asset using Guid(ecbdab8eaf641b646bb43d85dd19f6ad) Importer(815301076,1909f56bfc062723c751e8b465ee728b)  -> (artifact id: '20e25739af280f833b561a8b22d1f911') in 0.008075 seconds 
========================================================================
Received Import Request.
  Time since last request: 0.000014 seconds.
  path: Assets/Sprites/TilePalette/Palettes/Traumatism_tileset_133.asset
  artifactKey: Guid(ed7eac1554a33024993793668e95063a) Importer(815301076,1909f56bfc062723c751e8b465ee728b)
Start importing Assets/Sprites/TilePalette/Palettes/Traumatism_tileset_133.asset using Guid(ed7eac1554a33024993793668e95063a) Importer(815301076,1909f56bfc062723c751e8b465ee728b)  -> (artifact id: 'a55fd84eff7c9ff9de5d76a6abcc4a55') in 0.007491 seconds 
========================================================================
Received Import Request.
  Time since last request: 0.000018 seconds.
  path: Assets/Sprites/TilePalette/Palettes/Traumatism_tileset_52.asset
  artifactKey: Guid(bb544cc03345aa34b9c1de517d317ddc) Importer(815301076,1909f56bfc062723c751e8b465ee728b)
Start importing Assets/Sprites/TilePalette/Palettes/Traumatism_tileset_52.asset using Guid(bb544cc03345aa34b9c1de517d317ddc) Importer(815301076,1909f56bfc062723c751e8b465ee728b)  -> (artifact id: '3eed8ef14c1a39be84428956f7dd3eac') in 0.007733 seconds 
========================================================================
Received Import Request.
  Time since last request: 0.000011 seconds.
  path: Assets/Sprites/TilePalette/Palettes/Traumatism_tileset_186.asset
  artifactKey: Guid(a13b93c3751bf134585725d24fd3bacc) Importer(815301076,1909f56bfc062723c751e8b465ee728b)
Start importing Assets/Sprites/TilePalette/Palettes/Traumatism_tileset_186.asset using Guid(a13b93c3751bf134585725d24fd3bacc) Importer(815301076,1909f56bfc062723c751e8b465ee728b)  -> (artifact id: 'c06edf725f6eaff0259f82a06bd1c71c') in 0.004289 seconds 
========================================================================
Received Import Request.
  Time since last request: 0.000013 seconds.
  path: Assets/Sprites/TilePalette/Palettes/Traumatism_tileset_189.asset
  artifactKey: Guid(e6ede9eff561c4548879b186d6021bae) Importer(815301076,1909f56bfc062723c751e8b465ee728b)
Start importing Assets/Sprites/TilePalette/Palettes/Traumatism_tileset_189.asset using Guid(e6ede9eff561c4548879b186d6021bae) Importer(815301076,1909f56bfc062723c751e8b465ee728b)  -> (artifact id: '75fa2b831ab42f684775ed9fea84c3f3') in 0.004485 seconds 
========================================================================
Received Import Request.
  Time since last request: 0.000013 seconds.
  path: Assets/Sprites/TilePalette/Palettes/Traumatism_tileset_191.asset
  artifactKey: Guid(aa2ae9667d80666448b421d4f3ddd9eb) Importer(815301076,1909f56bfc062723c751e8b465ee728b)
Start importing Assets/Sprites/TilePalette/Palettes/Traumatism_tileset_191.asset using Guid(aa2ae9667d80666448b421d4f3ddd9eb) Importer(815301076,1909f56bfc062723c751e8b465ee728b)  -> (artifact id: '989c4d24f869a9ada923503771aec498') in 0.004140 seconds 
========================================================================
Received Import Request.
  Time since last request: 0.000013 seconds.
  path: Assets/Sprites/TilePalette/Palettes/Traumatism_tileset_192.asset
  artifactKey: Guid(053a11a9a3102c045b155c5ff213e04a) Importer(815301076,1909f56bfc062723c751e8b465ee728b)
Start importing Assets/Sprites/TilePalette/Palettes/Traumatism_tileset_192.asset using Guid(053a11a9a3102c045b155c5ff213e04a) Importer(815301076,1909f56bfc062723c751e8b465ee728b)  -> (artifact id: '0a928d12aec2c4c8646a6495642d9afe') in 0.004239 seconds 
========================================================================
Received Import Request.
  Time since last request: 0.000012 seconds.
  path: Assets/Sprites/TilePalette/Palettes/Traumatism_tileset_55.asset
  artifactKey: Guid(5337e6c1188efff4787ebbb278f6bd25) Importer(815301076,1909f56bfc062723c751e8b465ee728b)
Start importing Assets/Sprites/TilePalette/Palettes/Traumatism_tileset_55.asset using Guid(5337e6c1188efff4787ebbb278f6bd25) Importer(815301076,1909f56bfc062723c751e8b465ee728b)  -> (artifact id: '376258497f38260d9b3694c6d757ba55') in 0.004040 seconds 
========================================================================
Received Import Request.
  Time since last request: 0.000013 seconds.
  path: Assets/Sprites/TilePalette/Palettes/Traumatism_tileset_108.asset
  artifactKey: Guid(dd0f148617128a74b89e28acbaa44a69) Importer(815301076,1909f56bfc062723c751e8b465ee728b)
Start importing Assets/Sprites/TilePalette/Palettes/Traumatism_tileset_108.asset using Guid(dd0f148617128a74b89e28acbaa44a69) Importer(815301076,1909f56bfc062723c751e8b465ee728b)  -> (artifact id: '6d8485d37974dfa46d87a04ace1b078a') in 0.007517 seconds 
========================================================================
Received Import Request.
  Time since last request: 0.000015 seconds.
  path: Assets/Sprites/TilePalette/Palettes/Traumatism_tileset_139.asset
  artifactKey: Guid(a367807dd3ee115418bed234a11ef7c2) Importer(815301076,1909f56bfc062723c751e8b465ee728b)
Start importing Assets/Sprites/TilePalette/Palettes/Traumatism_tileset_139.asset using Guid(a367807dd3ee115418bed234a11ef7c2) Importer(815301076,1909f56bfc062723c751e8b465ee728b)  -> (artifact id: '832fc7aa55e31b8de923c3452838e6d7') in 0.007483 seconds 
========================================================================
Received Import Request.
  Time since last request: 0.000021 seconds.
  path: Assets/Sprites/TilePalette/Palettes/Traumatism_tileset_46.asset
  artifactKey: Guid(b8c016d970c31664ea44a2cbaa0eb5dd) Importer(815301076,1909f56bfc062723c751e8b465ee728b)
Start importing Assets/Sprites/TilePalette/Palettes/Traumatism_tileset_46.asset using Guid(b8c016d970c31664ea44a2cbaa0eb5dd) Importer(815301076,1909f56bfc062723c751e8b465ee728b)  -> (artifact id: 'b6a80e4d136ba57984de08d820ed6266') in 0.005590 seconds 
========================================================================
Received Import Request.
  Time since last request: 0.000013 seconds.
  path: Assets/Sprites/TilePalette/Palettes/Traumatism_tileset_158.asset
  artifactKey: Guid(26e07d087ef0fae4cbb7db95914de410) Importer(815301076,1909f56bfc062723c751e8b465ee728b)
Start importing Assets/Sprites/TilePalette/Palettes/Traumatism_tileset_158.asset using Guid(26e07d087ef0fae4cbb7db95914de410) Importer(815301076,1909f56bfc062723c751e8b465ee728b)  -> (artifact id: 'bd1e1f1416952165f2f438d75c6df451') in 0.007246 seconds 
========================================================================
Received Import Request.
  Time since last request: 0.000013 seconds.
  path: Assets/Sprites/TilePalette/Palettes/Traumatism_tileset_163.asset
  artifactKey: Guid(76f242fa38e561142b88812ea4f8cf88) Importer(815301076,1909f56bfc062723c751e8b465ee728b)
Start importing Assets/Sprites/TilePalette/Palettes/Traumatism_tileset_163.asset using Guid(76f242fa38e561142b88812ea4f8cf88) Importer(815301076,1909f56bfc062723c751e8b465ee728b)  -> (artifact id: '8e92ffea7f3c067a3f4fa63702328585') in 0.006629 seconds 
========================================================================
Received Import Request.
  Time since last request: 0.000012 seconds.
  path: Assets/Sprites/TilePalette/Palettes/Traumatism_tileset_150.asset
  artifactKey: Guid(f9667990bd9d8044dbbe889d334ec4da) Importer(815301076,1909f56bfc062723c751e8b465ee728b)
Start importing Assets/Sprites/TilePalette/Palettes/Traumatism_tileset_150.asset using Guid(f9667990bd9d8044dbbe889d334ec4da) Importer(815301076,1909f56bfc062723c751e8b465ee728b)  -> (artifact id: '4fc802b4ba6326549b8afebdb32cb63c') in 0.006200 seconds 
========================================================================
Received Import Request.
  Time since last request: 0.000013 seconds.
  path: Assets/Sprites/TilePalette/Palettes/Traumatism_tileset_85.asset
  artifactKey: Guid(d9d215d81115edd4386d33a744d12e97) Importer(815301076,1909f56bfc062723c751e8b465ee728b)
Start importing Assets/Sprites/TilePalette/Palettes/Traumatism_tileset_85.asset using Guid(d9d215d81115edd4386d33a744d12e97) Importer(815301076,1909f56bfc062723c751e8b465ee728b)  -> (artifact id: 'ea340b40b798f003438eb663b9f40a4a') in 0.005894 seconds 
========================================================================
Received Import Request.
  Time since last request: 0.000012 seconds.
  path: Assets/Sprites/TilePalette/Palettes/Traumatism_tileset_29.asset
  artifactKey: Guid(47856e676ed44e84f8cb3c73694eeddd) Importer(815301076,1909f56bfc062723c751e8b465ee728b)
Start importing Assets/Sprites/TilePalette/Palettes/Traumatism_tileset_29.asset using Guid(47856e676ed44e84f8cb3c73694eeddd) Importer(815301076,1909f56bfc062723c751e8b465ee728b)  -> (artifact id: 'e819508868f44a474c4bf446555db181') in 0.007002 seconds 
Editor requested this worker to shutdown with reason: Scaling down because of idle timeout
AssetImportWorker is now disconnected from the server
Process exiting
Exiting without the bug reporter. Application will terminate with return code 0